[0.066s] DEBUG:colcon:Command line arguments: ['/usr/bin/colcon', 'build', '--packages-select', 'dynamixel_rdk_msgs', 'dynamixel_rdk_ros']
[0.066s] DEBUG:colcon:Parsed command line arguments: Namespace(log_base=None, log_level=None, verb_name='build', build_base='build', install_base='install', merge_install=False, symlink_install=False, test_result_base=None, continue_on_error=False, executor='parallel', parallel_workers=16, event_handlers=None, ignore_user_meta=False, metas=['./colcon.meta'], base_paths=['.'], packages_ignore=None, packages_ignore_regex=None, paths=None, packages_up_to=None, packages_up_to_regex=None, packages_above=None, packages_above_and_dependencies=None, packages_above_depth=None, packages_select_by_dep=None, packages_skip_by_dep=None, packages_skip_up_to=None, packages_select_build_failed=False, packages_skip_build_finished=False, packages_select_test_failures=False, packages_skip_test_passed=False, packages_select=['dynamixel_rdk_msgs', 'dynamixel_rdk_ros'], packages_skip=None, packages_select_regex=None, packages_skip_regex=None, packages_start=None, packages_end=None, allow_overriding=[], cmake_args=None, cmake_target=None, cmake_target_skip_unavailable=False, cmake_clean_cache=False, cmake_clean_first=False, cmake_force_configure=False, ament_cmake_args=None, catkin_cmake_args=None, catkin_skip_building_tests=False, mixin_files=None, mixin=None, verb_parser=<colcon_mixin.mixin.mixin_argument.MixinArgumentDecorator object at 0x7b0fd5255c00>, verb_extension=<colcon_core.verb.build.BuildVerb object at 0x7b0fd5366f20>, main=<bound method BuildVerb.main of <colcon_core.verb.build.BuildVerb object at 0x7b0fd5366f20>>, mixin_verb=('build',))
[0.172s] Level 1:colcon.colcon_core.package_discovery:discover_packages(colcon_meta) check parameters
[0.172s] Level 1:colcon.colcon_core.package_discovery:discover_packages(recursive) check parameters
[0.172s] Level 1:colcon.colcon_core.package_discovery:discover_packages(ignore) check parameters
[0.172s] Level 1:colcon.colcon_core.package_discovery:discover_packages(path) check parameters
[0.172s] Level 1:colcon.colcon_core.package_discovery:discover_packages(colcon_meta) discover
[0.172s] Level 1:colcon.colcon_core.package_discovery:discover_packages(recursive) discover
[0.172s] INFO:colcon.colcon_core.package_discovery:Crawling recursively for packages in '/home/kmj/colcon_ws'
[0.172s] Level 1:colcon.colcon_core.package_identification:_identify(.) by extensions ['ignore', 'ignore_ament_install']
[0.173s] Level 1:colcon.colcon_core.package_identification:_identify(.) by extension 'ignore'
[0.173s] Level 1:colcon.colcon_core.package_identification:_identify(.) by extension 'ignore_ament_install'
[0.173s] Level 1:colcon.colcon_core.package_identification:_identify(.) by extensions ['colcon_pkg']
[0.173s] Level 1:colcon.colcon_core.package_identification:_identify(.) by extension 'colcon_pkg'
[0.173s] Level 1:colcon.colcon_core.package_identification:_identify(.) by extensions ['colcon_meta']
[0.173s] Level 1:colcon.colcon_core.package_identification:_identify(.) by extension 'colcon_meta'
[0.173s] Level 1:colcon.colcon_core.package_identification:_identify(.) by extensions ['ros']
[0.173s] Level 1:colcon.colcon_core.package_identification:_identify(.) by extension 'ros'
[0.181s] Level 1:colcon.colcon_core.package_identification:_identify(.) by extensions ['cmake', 'python']
[0.181s] Level 1:colcon.colcon_core.package_identification:_identify(.) by extension 'cmake'
[0.181s] Level 1:colcon.colcon_core.package_identification:_identify(.) by extension 'python'
[0.181s] Level 1:colcon.colcon_core.package_identification:_identify(.) by extensions ['python_setup_py']
[0.181s] Level 1:colcon.colcon_core.package_identification:_identify(.) by extension 'python_setup_py'
[0.181s] Level 1:colcon.colcon_core.package_identification:_identify(build) by extensions ['ignore', 'ignore_ament_install']
[0.181s] Level 1:colcon.colcon_core.package_identification:_identify(build) by extension 'ignore'
[0.181s] Level 1:colcon.colcon_core.package_identification:_identify(build) ignored
[0.182s] Level 1:colcon.colcon_core.package_identification:_identify(install) by extensions ['ignore', 'ignore_ament_install']
[0.182s] Level 1:colcon.colcon_core.package_identification:_identify(install) by extension 'ignore'
[0.182s] Level 1:colcon.colcon_core.package_identification:_identify(install) ignored
[0.182s] Level 1:colcon.colcon_core.package_identification:_identify(log) by extensions ['ignore', 'ignore_ament_install']
[0.182s] Level 1:colcon.colcon_core.package_identification:_identify(log) by extension 'ignore'
[0.182s] Level 1:colcon.colcon_core.package_identification:_identify(log) ignored
[0.182s] Level 1:colcon.colcon_core.package_identification:_identify(src) by extensions ['ignore', 'ignore_ament_install']
[0.182s] Level 1:colcon.colcon_core.package_identification:_identify(src) by extension 'ignore'
[0.182s] Level 1:colcon.colcon_core.package_identification:_identify(src) by extension 'ignore_ament_install'
[0.182s] Level 1:colcon.colcon_core.package_identification:_identify(src) by extensions ['colcon_pkg']
[0.182s] Level 1:colcon.colcon_core.package_identification:_identify(src) by extension 'colcon_pkg'
[0.182s] Level 1:colcon.colcon_core.package_identification:_identify(src) by extensions ['colcon_meta']
[0.182s] Level 1:colcon.colcon_core.package_identification:_identify(src) by extension 'colcon_meta'
[0.182s] Level 1:colcon.colcon_core.package_identification:_identify(src) by extensions ['ros']
[0.182s] Level 1:colcon.colcon_core.package_identification:_identify(src) by extension 'ros'
[0.182s] Level 1:colcon.colcon_core.package_identification:_identify(src) by extensions ['cmake', 'python']
[0.182s] Level 1:colcon.colcon_core.package_identification:_identify(src) by extension 'cmake'
[0.182s] Level 1:colcon.colcon_core.package_identification:_identify(src) by extension 'python'
[0.182s] Level 1:colcon.colcon_core.package_identification:_identify(src) by extensions ['python_setup_py']
[0.182s] Level 1:colcon.colcon_core.package_identification:_identify(src) by extension 'python_setup_py'
[0.182s] Level 1:colcon.colcon_core.package_identification:_identify(src/dynamixel_rdk) by extensions ['ignore', 'ignore_ament_install']
[0.182s] Level 1:colcon.colcon_core.package_identification:_identify(src/dynamixel_rdk) by extension 'ignore'
[0.182s] Level 1:colcon.colcon_core.package_identification:_identify(src/dynamixel_rdk) by extension 'ignore_ament_install'
[0.182s] Level 1:colcon.colcon_core.package_identification:_identify(src/dynamixel_rdk) by extensions ['colcon_pkg']
[0.182s] Level 1:colcon.colcon_core.package_identification:_identify(src/dynamixel_rdk) by extension 'colcon_pkg'
[0.182s] Level 1:colcon.colcon_core.package_identification:_identify(src/dynamixel_rdk) by extensions ['colcon_meta']
[0.182s] Level 1:colcon.colcon_core.package_identification:_identify(src/dynamixel_rdk) by extension 'colcon_meta'
[0.182s] Level 1:colcon.colcon_core.package_identification:_identify(src/dynamixel_rdk) by extensions ['ros']
[0.182s] Level 1:colcon.colcon_core.package_identification:_identify(src/dynamixel_rdk) by extension 'ros'
[0.182s] Level 1:colcon.colcon_core.package_identification:_identify(src/dynamixel_rdk) by extensions ['cmake', 'python']
[0.182s] Level 1:colcon.colcon_core.package_identification:_identify(src/dynamixel_rdk) by extension 'cmake'
[0.182s] Level 1:colcon.colcon_core.package_identification:_identify(src/dynamixel_rdk) by extension 'python'
[0.183s] Level 1:colcon.colcon_core.package_identification:_identify(src/dynamixel_rdk) by extensions ['python_setup_py']
[0.183s] Level 1:colcon.colcon_core.package_identification:_identify(src/dynamixel_rdk) by extension 'python_setup_py'
[0.183s] Level 1:colcon.colcon_core.package_identification:_identify(src/dynamixel_rdk/dynamixel-RDK) by extensions ['ignore', 'ignore_ament_install']
[0.183s] Level 1:colcon.colcon_core.package_identification:_identify(src/dynamixel_rdk/dynamixel-RDK) by extension 'ignore'
[0.183s] Level 1:colcon.colcon_core.package_identification:_identify(src/dynamixel_rdk/dynamixel-RDK) by extension 'ignore_ament_install'
[0.183s] Level 1:colcon.colcon_core.package_identification:_identify(src/dynamixel_rdk/dynamixel-RDK) by extensions ['colcon_pkg']
[0.183s] Level 1:colcon.colcon_core.package_identification:_identify(src/dynamixel_rdk/dynamixel-RDK) by extension 'colcon_pkg'
[0.183s] Level 1:colcon.colcon_core.package_identification:_identify(src/dynamixel_rdk/dynamixel-RDK) by extensions ['colcon_meta']
[0.183s] Level 1:colcon.colcon_core.package_identification:_identify(src/dynamixel_rdk/dynamixel-RDK) by extension 'colcon_meta'
[0.183s] Level 1:colcon.colcon_core.package_identification:_identify(src/dynamixel_rdk/dynamixel-RDK) by extensions ['ros']
[0.183s] Level 1:colcon.colcon_core.package_identification:_identify(src/dynamixel_rdk/dynamixel-RDK) by extension 'ros'
[0.183s] Level 1:colcon.colcon_core.package_identification:_identify(src/dynamixel_rdk/dynamixel-RDK) by extensions ['cmake', 'python']
[0.183s] Level 1:colcon.colcon_core.package_identification:_identify(src/dynamixel_rdk/dynamixel-RDK) by extension 'cmake'
[0.183s] Level 1:colcon.colcon_core.package_identification:_identify(src/dynamixel_rdk/dynamixel-RDK) by extension 'python'
[0.183s] Level 1:colcon.colcon_core.package_identification:_identify(src/dynamixel_rdk/dynamixel-RDK) by extensions ['python_setup_py']
[0.183s] Level 1:colcon.colcon_core.package_identification:_identify(src/dynamixel_rdk/dynamixel-RDK) by extension 'python_setup_py'
[0.183s] Level 1:colcon.colcon_core.package_identification:_identify(src/dynamixel_rdk/dynamixel-RDK/docs) by extensions ['ignore', 'ignore_ament_install']
[0.183s] Level 1:colcon.colcon_core.package_identification:_identify(src/dynamixel_rdk/dynamixel-RDK/docs) by extension 'ignore'
[0.183s] Level 1:colcon.colcon_core.package_identification:_identify(src/dynamixel_rdk/dynamixel-RDK/docs) by extension 'ignore_ament_install'
[0.183s] Level 1:colcon.colcon_core.package_identification:_identify(src/dynamixel_rdk/dynamixel-RDK/docs) by extensions ['colcon_pkg']
[0.183s] Level 1:colcon.colcon_core.package_identification:_identify(src/dynamixel_rdk/dynamixel-RDK/docs) by extension 'colcon_pkg'
[0.183s] Level 1:colcon.colcon_core.package_identification:_identify(src/dynamixel_rdk/dynamixel-RDK/docs) by extensions ['colcon_meta']
[0.183s] Level 1:colcon.colcon_core.package_identification:_identify(src/dynamixel_rdk/dynamixel-RDK/docs) by extension 'colcon_meta'
[0.183s] Level 1:colcon.colcon_core.package_identification:_identify(src/dynamixel_rdk/dynamixel-RDK/docs) by extensions ['ros']
[0.183s] Level 1:colcon.colcon_core.package_identification:_identify(src/dynamixel_rdk/dynamixel-RDK/docs) by extension 'ros'
[0.183s] Level 1:colcon.colcon_core.package_identification:_identify(src/dynamixel_rdk/dynamixel-RDK/docs) by extensions ['cmake', 'python']
[0.183s] Level 1:colcon.colcon_core.package_identification:_identify(src/dynamixel_rdk/dynamixel-RDK/docs) by extension 'cmake'
[0.183s] Level 1:colcon.colcon_core.package_identification:_identify(src/dynamixel_rdk/dynamixel-RDK/docs) by extension 'python'
[0.183s] Level 1:colcon.colcon_core.package_identification:_identify(src/dynamixel_rdk/dynamixel-RDK/docs) by extensions ['python_setup_py']
[0.183s] Level 1:colcon.colcon_core.package_identification:_identify(src/dynamixel_rdk/dynamixel-RDK/docs) by extension 'python_setup_py'
[0.183s] Level 1:colcon.colcon_core.package_identification:_identify(src/dynamixel_rdk/dynamixel-RDK/docs/images) by extensions ['ignore', 'ignore_ament_install']
[0.183s] Level 1:colcon.colcon_core.package_identification:_identify(src/dynamixel_rdk/dynamixel-RDK/docs/images) by extension 'ignore'
[0.183s] Level 1:colcon.colcon_core.package_identification:_identify(src/dynamixel_rdk/dynamixel-RDK/docs/images) by extension 'ignore_ament_install'
[0.183s] Level 1:colcon.colcon_core.package_identification:_identify(src/dynamixel_rdk/dynamixel-RDK/docs/images) by extensions ['colcon_pkg']
[0.183s] Level 1:colcon.colcon_core.package_identification:_identify(src/dynamixel_rdk/dynamixel-RDK/docs/images) by extension 'colcon_pkg'
[0.183s] Level 1:colcon.colcon_core.package_identification:_identify(src/dynamixel_rdk/dynamixel-RDK/docs/images) by extensions ['colcon_meta']
[0.183s] Level 1:colcon.colcon_core.package_identification:_identify(src/dynamixel_rdk/dynamixel-RDK/docs/images) by extension 'colcon_meta'
[0.183s] Level 1:colcon.colcon_core.package_identification:_identify(src/dynamixel_rdk/dynamixel-RDK/docs/images) by extensions ['ros']
[0.183s] Level 1:colcon.colcon_core.package_identification:_identify(src/dynamixel_rdk/dynamixel-RDK/docs/images) by extension 'ros'
[0.184s] Level 1:colcon.colcon_core.package_identification:_identify(src/dynamixel_rdk/dynamixel-RDK/docs/images) by extensions ['cmake', 'python']
[0.184s] Level 1:colcon.colcon_core.package_identification:_identify(src/dynamixel_rdk/dynamixel-RDK/docs/images) by extension 'cmake'
[0.184s] Level 1:colcon.colcon_core.package_identification:_identify(src/dynamixel_rdk/dynamixel-RDK/docs/images) by extension 'python'
[0.184s] Level 1:colcon.colcon_core.package_identification:_identify(src/dynamixel_rdk/dynamixel-RDK/docs/images) by extensions ['python_setup_py']
[0.184s] Level 1:colcon.colcon_core.package_identification:_identify(src/dynamixel_rdk/dynamixel-RDK/docs/images) by extension 'python_setup_py'
[0.184s] Level 1:colcon.colcon_core.package_identification:_identify(src/dynamixel_rdk/dynamixel-RDK/dynamixel_rdk_msgs) by extensions ['ignore', 'ignore_ament_install']
[0.184s] Level 1:colcon.colcon_core.package_identification:_identify(src/dynamixel_rdk/dynamixel-RDK/dynamixel_rdk_msgs) by extension 'ignore'
[0.184s] Level 1:colcon.colcon_core.package_identification:_identify(src/dynamixel_rdk/dynamixel-RDK/dynamixel_rdk_msgs) by extension 'ignore_ament_install'
[0.184s] Level 1:colcon.colcon_core.package_identification:_identify(src/dynamixel_rdk/dynamixel-RDK/dynamixel_rdk_msgs) by extensions ['colcon_pkg']
[0.184s] Level 1:colcon.colcon_core.package_identification:_identify(src/dynamixel_rdk/dynamixel-RDK/dynamixel_rdk_msgs) by extension 'colcon_pkg'
[0.184s] Level 1:colcon.colcon_core.package_identification:_identify(src/dynamixel_rdk/dynamixel-RDK/dynamixel_rdk_msgs) by extensions ['colcon_meta']
[0.184s] Level 1:colcon.colcon_core.package_identification:_identify(src/dynamixel_rdk/dynamixel-RDK/dynamixel_rdk_msgs) by extension 'colcon_meta'
[0.184s] Level 1:colcon.colcon_core.package_identification:_identify(src/dynamixel_rdk/dynamixel-RDK/dynamixel_rdk_msgs) by extensions ['ros']
[0.184s] Level 1:colcon.colcon_core.package_identification:_identify(src/dynamixel_rdk/dynamixel-RDK/dynamixel_rdk_msgs) by extension 'ros'
[0.186s] DEBUG:colcon.colcon_core.package_identification:Package 'src/dynamixel_rdk/dynamixel-RDK/dynamixel_rdk_msgs' with type 'ros.ament_cmake' and name 'dynamixel_rdk_msgs'
[0.186s] Level 1:colcon.colcon_core.package_identification:_identify(src/dynamixel_rdk/dynamixel-RDK/dynamixel_rdk_ros) by extensions ['ignore', 'ignore_ament_install']
[0.186s] Level 1:colcon.colcon_core.package_identification:_identify(src/dynamixel_rdk/dynamixel-RDK/dynamixel_rdk_ros) by extension 'ignore'
[0.186s] Level 1:colcon.colcon_core.package_identification:_identify(src/dynamixel_rdk/dynamixel-RDK/dynamixel_rdk_ros) by extension 'ignore_ament_install'
[0.186s] Level 1:colcon.colcon_core.package_identification:_identify(src/dynamixel_rdk/dynamixel-RDK/dynamixel_rdk_ros) by extensions ['colcon_pkg']
[0.186s] Level 1:colcon.colcon_core.package_identification:_identify(src/dynamixel_rdk/dynamixel-RDK/dynamixel_rdk_ros) by extension 'colcon_pkg'
[0.186s] Level 1:colcon.colcon_core.package_identification:_identify(src/dynamixel_rdk/dynamixel-RDK/dynamixel_rdk_ros) by extensions ['colcon_meta']
[0.186s] Level 1:colcon.colcon_core.package_identification:_identify(src/dynamixel_rdk/dynamixel-RDK/dynamixel_rdk_ros) by extension 'colcon_meta'
[0.186s] Level 1:colcon.colcon_core.package_identification:_identify(src/dynamixel_rdk/dynamixel-RDK/dynamixel_rdk_ros) by extensions ['ros']
[0.186s] Level 1:colcon.colcon_core.package_identification:_identify(src/dynamixel_rdk/dynamixel-RDK/dynamixel_rdk_ros) by extension 'ros'
[0.186s] DEBUG:colcon.colcon_core.package_identification:Package 'src/dynamixel_rdk/dynamixel-RDK/dynamixel_rdk_ros' with type 'ros.ament_cmake' and name 'dynamixel_rdk_ros'
[0.186s] Level 1:colcon.colcon_core.package_identification:_identify(src/ebimu) by extensions ['ignore', 'ignore_ament_install']
[0.186s] Level 1:colcon.colcon_core.package_identification:_identify(src/ebimu) by extension 'ignore'
[0.186s] Level 1:colcon.colcon_core.package_identification:_identify(src/ebimu) by extension 'ignore_ament_install'
[0.186s] Level 1:colcon.colcon_core.package_identification:_identify(src/ebimu) by extensions ['colcon_pkg']
[0.186s] Level 1:colcon.colcon_core.package_identification:_identify(src/ebimu) by extension 'colcon_pkg'
[0.187s] Level 1:colcon.colcon_core.package_identification:_identify(src/ebimu) by extensions ['colcon_meta']
[0.187s] Level 1:colcon.colcon_core.package_identification:_identify(src/ebimu) by extension 'colcon_meta'
[0.187s] Level 1:colcon.colcon_core.package_identification:_identify(src/ebimu) by extensions ['ros']
[0.187s] Level 1:colcon.colcon_core.package_identification:_identify(src/ebimu) by extension 'ros'
[0.187s] DEBUG:colcon.colcon_core.package_identification:Package 'src/ebimu' with type 'ros.ament_cmake' and name 'ebimu'
[0.187s] Level 1:colcon.colcon_core.package_identification:_identify(src/humanoid_interfaces) by extensions ['ignore', 'ignore_ament_install']
[0.187s] Level 1:colcon.colcon_core.package_identification:_identify(src/humanoid_interfaces) by extension 'ignore'
[0.187s] Level 1:colcon.colcon_core.package_identification:_identify(src/humanoid_interfaces) by extension 'ignore_ament_install'
[0.187s] Level 1:colcon.colcon_core.package_identification:_identify(src/humanoid_interfaces) by extensions ['colcon_pkg']
[0.187s] Level 1:colcon.colcon_core.package_identification:_identify(src/humanoid_interfaces) by extension 'colcon_pkg'
[0.187s] Level 1:colcon.colcon_core.package_identification:_identify(src/humanoid_interfaces) by extensions ['colcon_meta']
[0.187s] Level 1:colcon.colcon_core.package_identification:_identify(src/humanoid_interfaces) by extension 'colcon_meta'
[0.187s] Level 1:colcon.colcon_core.package_identification:_identify(src/humanoid_interfaces) by extensions ['ros']
[0.187s] Level 1:colcon.colcon_core.package_identification:_identify(src/humanoid_interfaces) by extension 'ros'
[0.188s] DEBUG:colcon.colcon_core.package_identification:Package 'src/humanoid_interfaces' with type 'ros.ament_cmake' and name 'humanoid_interfaces'
[0.188s] Level 1:colcon.colcon_core.package_identification:_identify(src/ik_walk) by extensions ['ignore', 'ignore_ament_install']
[0.188s] Level 1:colcon.colcon_core.package_identification:_identify(src/ik_walk) by extension 'ignore'
[0.188s] Level 1:colcon.colcon_core.package_identification:_identify(src/ik_walk) by extension 'ignore_ament_install'
[0.188s] Level 1:colcon.colcon_core.package_identification:_identify(src/ik_walk) by extensions ['colcon_pkg']
[0.188s] Level 1:colcon.colcon_core.package_identification:_identify(src/ik_walk) by extension 'colcon_pkg'
[0.188s] Level 1:colcon.colcon_core.package_identification:_identify(src/ik_walk) by extensions ['colcon_meta']
[0.188s] Level 1:colcon.colcon_core.package_identification:_identify(src/ik_walk) by extension 'colcon_meta'
[0.188s] Level 1:colcon.colcon_core.package_identification:_identify(src/ik_walk) by extensions ['ros']
[0.188s] Level 1:colcon.colcon_core.package_identification:_identify(src/ik_walk) by extension 'ros'
[0.188s] DEBUG:colcon.colcon_core.package_identification:Package 'src/ik_walk' with type 'ros.ament_cmake' and name 'ik_walk'
[0.188s] Level 1:colcon.colcon_core.package_identification:_identify(src/master_jo) by extensions ['ignore', 'ignore_ament_install']
[0.188s] Level 1:colcon.colcon_core.package_identification:_identify(src/master_jo) by extension 'ignore'
[0.188s] Level 1:colcon.colcon_core.package_identification:_identify(src/master_jo) by extension 'ignore_ament_install'
[0.188s] Level 1:colcon.colcon_core.package_identification:_identify(src/master_jo) by extensions ['colcon_pkg']
[0.189s] Level 1:colcon.colcon_core.package_identification:_identify(src/master_jo) by extension 'colcon_pkg'
[0.189s] Level 1:colcon.colcon_core.package_identification:_identify(src/master_jo) by extensions ['colcon_meta']
[0.189s] Level 1:colcon.colcon_core.package_identification:_identify(src/master_jo) by extension 'colcon_meta'
[0.189s] Level 1:colcon.colcon_core.package_identification:_identify(src/master_jo) by extensions ['ros']
[0.189s] Level 1:colcon.colcon_core.package_identification:_identify(src/master_jo) by extension 'ros'
[0.189s] DEBUG:colcon.colcon_core.package_identification:Package 'src/master_jo' with type 'ros.ament_cmake' and name 'master_jo'
[0.189s] Level 1:colcon.colcon_core.package_identification:_identify(src/motion_operator) by extensions ['ignore', 'ignore_ament_install']
[0.189s] Level 1:colcon.colcon_core.package_identification:_identify(src/motion_operator) by extension 'ignore'
[0.189s] Level 1:colcon.colcon_core.package_identification:_identify(src/motion_operator) by extension 'ignore_ament_install'
[0.189s] Level 1:colcon.colcon_core.package_identification:_identify(src/motion_operator) by extensions ['colcon_pkg']
[0.189s] Level 1:colcon.colcon_core.package_identification:_identify(src/motion_operator) by extension 'colcon_pkg'
[0.189s] Level 1:colcon.colcon_core.package_identification:_identify(src/motion_operator) by extensions ['colcon_meta']
[0.189s] Level 1:colcon.colcon_core.package_identification:_identify(src/motion_operator) by extension 'colcon_meta'
[0.189s] Level 1:colcon.colcon_core.package_identification:_identify(src/motion_operator) by extensions ['ros']
[0.189s] Level 1:colcon.colcon_core.package_identification:_identify(src/motion_operator) by extension 'ros'
[0.189s] Level 1:colcon.colcon_core.package_identification:_identify(src/motion_operator) by extensions ['cmake', 'python']
[0.189s] Level 1:colcon.colcon_core.package_identification:_identify(src/motion_operator) by extension 'cmake'
[0.189s] Level 1:colcon.colcon_core.package_identification:_identify(src/motion_operator) by extension 'python'
[0.189s] Level 1:colcon.colcon_core.package_identification:_identify(src/motion_operator) by extensions ['python_setup_py']
[0.189s] Level 1:colcon.colcon_core.package_identification:_identify(src/motion_operator) by extension 'python_setup_py'
[0.189s] Level 1:colcon.colcon_core.package_identification:_identify(src/ocam_ros2) by extensions ['ignore', 'ignore_ament_install']
[0.189s] Level 1:colcon.colcon_core.package_identification:_identify(src/ocam_ros2) by extension 'ignore'
[0.189s] Level 1:colcon.colcon_core.package_identification:_identify(src/ocam_ros2) by extension 'ignore_ament_install'
[0.190s] Level 1:colcon.colcon_core.package_identification:_identify(src/ocam_ros2) by extensions ['colcon_pkg']
[0.190s] Level 1:colcon.colcon_core.package_identification:_identify(src/ocam_ros2) by extension 'colcon_pkg'
[0.190s] Level 1:colcon.colcon_core.package_identification:_identify(src/ocam_ros2) by extensions ['colcon_meta']
[0.190s] Level 1:colcon.colcon_core.package_identification:_identify(src/ocam_ros2) by extension 'colcon_meta'
[0.190s] Level 1:colcon.colcon_core.package_identification:_identify(src/ocam_ros2) by extensions ['ros']
[0.190s] Level 1:colcon.colcon_core.package_identification:_identify(src/ocam_ros2) by extension 'ros'
[0.190s] DEBUG:colcon.colcon_core.package_identification:Package 'src/ocam_ros2' with type 'ros.ament_cmake' and name 'ocam_ros2'
[0.190s] Level 1:colcon.colcon_core.package_identification:_identify(src/robocup_vision25) by extensions ['ignore', 'ignore_ament_install']
[0.190s] Level 1:colcon.colcon_core.package_identification:_identify(src/robocup_vision25) by extension 'ignore'
[0.190s] Level 1:colcon.colcon_core.package_identification:_identify(src/robocup_vision25) by extension 'ignore_ament_install'
[0.190s] Level 1:colcon.colcon_core.package_identification:_identify(src/robocup_vision25) by extensions ['colcon_pkg']
[0.190s] Level 1:colcon.colcon_core.package_identification:_identify(src/robocup_vision25) by extension 'colcon_pkg'
[0.190s] Level 1:colcon.colcon_core.package_identification:_identify(src/robocup_vision25) by extensions ['colcon_meta']
[0.190s] Level 1:colcon.colcon_core.package_identification:_identify(src/robocup_vision25) by extension 'colcon_meta'
[0.190s] Level 1:colcon.colcon_core.package_identification:_identify(src/robocup_vision25) by extensions ['ros']
[0.190s] Level 1:colcon.colcon_core.package_identification:_identify(src/robocup_vision25) by extension 'ros'
[0.191s] DEBUG:colcon.colcon_core.package_identification:Package 'src/robocup_vision25' with type 'ros.ament_cmake' and name 'robocup_vision25'
[0.191s] Level 1:colcon.colcon_core.package_identification:_identify(src/tune_walk) by extensions ['ignore', 'ignore_ament_install']
[0.191s] Level 1:colcon.colcon_core.package_identification:_identify(src/tune_walk) by extension 'ignore'
[0.191s] Level 1:colcon.colcon_core.package_identification:_identify(src/tune_walk) by extension 'ignore_ament_install'
[0.191s] Level 1:colcon.colcon_core.package_identification:_identify(src/tune_walk) by extensions ['colcon_pkg']
[0.191s] Level 1:colcon.colcon_core.package_identification:_identify(src/tune_walk) by extension 'colcon_pkg'
[0.191s] Level 1:colcon.colcon_core.package_identification:_identify(src/tune_walk) by extensions ['colcon_meta']
[0.191s] Level 1:colcon.colcon_core.package_identification:_identify(src/tune_walk) by extension 'colcon_meta'
[0.191s] Level 1:colcon.colcon_core.package_identification:_identify(src/tune_walk) by extensions ['ros']
[0.191s] Level 1:colcon.colcon_core.package_identification:_identify(src/tune_walk) by extension 'ros'
[0.191s] DEBUG:colcon.colcon_core.package_identification:Package 'src/tune_walk' with type 'ros.ament_cmake' and name 'tune_walk'
[0.191s] Level 1:colcon.colcon_core.package_discovery:discover_packages(recursive) using defaults
[0.191s] Level 1:colcon.colcon_core.package_discovery:discover_packages(ignore) discover
[0.191s] Level 1:colcon.colcon_core.package_discovery:discover_packages(ignore) using defaults
[0.191s] Level 1:colcon.colcon_core.package_discovery:discover_packages(path) discover
[0.191s] Level 1:colcon.colcon_core.package_discovery:discover_packages(path) using defaults
[0.256s] INFO:colcon.colcon_core.package_selection:Skipping not selected package 'humanoid_interfaces' in 'src/humanoid_interfaces'
[0.256s] INFO:colcon.colcon_core.package_selection:Skipping not selected package 'master_jo' in 'src/master_jo'
[0.256s] INFO:colcon.colcon_core.package_selection:Skipping not selected package 'ocam_ros2' in 'src/ocam_ros2'
[0.256s] INFO:colcon.colcon_core.package_selection:Skipping not selected package 'robocup_vision25' in 'src/robocup_vision25'
[0.256s] INFO:colcon.colcon_core.package_selection:Skipping not selected package 'ebimu' in 'src/ebimu'
[0.256s] INFO:colcon.colcon_core.package_selection:Skipping not selected package 'tune_walk' in 'src/tune_walk'
[0.256s] INFO:colcon.colcon_core.package_selection:Skipping not selected package 'ik_walk' in 'src/ik_walk'
[0.256s] Level 1:colcon.colcon_core.package_discovery:discover_packages(prefix_path) check parameters
[0.256s] Level 1:colcon.colcon_core.package_discovery:discover_packages(prefix_path) discover
[0.259s] DEBUG:colcon.colcon_installed_package_information.package_discovery:Found 326 installed packages in /opt/ros/humble
[0.260s] Level 1:colcon.colcon_core.package_discovery:discover_packages(prefix_path) using defaults
[0.293s] Level 5:colcon.colcon_core.verb:set package 'dynamixel_rdk_msgs' build argument 'cmake_args' from command line to 'None'
[0.293s] Level 5:colcon.colcon_core.verb:set package 'dynamixel_rdk_msgs' build argument 'cmake_target' from command line to 'None'
[0.293s] Level 5:colcon.colcon_core.verb:set package 'dynamixel_rdk_msgs' build argument 'cmake_target_skip_unavailable' from command line to 'False'
[0.293s] Level 5:colcon.colcon_core.verb:set package 'dynamixel_rdk_msgs' build argument 'cmake_clean_cache' from command line to 'False'
[0.293s] Level 5:colcon.colcon_core.verb:set package 'dynamixel_rdk_msgs' build argument 'cmake_clean_first' from command line to 'False'
[0.293s] Level 5:colcon.colcon_core.verb:set package 'dynamixel_rdk_msgs' build argument 'cmake_force_configure' from command line to 'False'
[0.293s] Level 5:colcon.colcon_core.verb:set package 'dynamixel_rdk_msgs' build argument 'ament_cmake_args' from command line to 'None'
[0.293s] Level 5:colcon.colcon_core.verb:set package 'dynamixel_rdk_msgs' build argument 'catkin_cmake_args' from command line to 'None'
[0.293s] Level 5:colcon.colcon_core.verb:set package 'dynamixel_rdk_msgs' build argument 'catkin_skip_building_tests' from command line to 'False'
[0.293s] DEBUG:colcon.colcon_core.verb:Building package 'dynamixel_rdk_msgs' with the following arguments: {'ament_cmake_args': None, 'build_base': '/home/kmj/colcon_ws/build/dynamixel_rdk_msgs', 'catkin_cmake_args': None, 'catkin_skip_building_tests': False, 'cmake_args': None, 'cmake_clean_cache': False, 'cmake_clean_first': False, 'cmake_force_configure': False, 'cmake_target': None, 'cmake_target_skip_unavailable': False, 'install_base': '/home/kmj/colcon_ws/install/dynamixel_rdk_msgs', 'merge_install': False, 'path': '/home/kmj/colcon_ws/src/dynamixel_rdk/dynamixel-RDK/dynamixel_rdk_msgs', 'symlink_install': False, 'test_result_base': None}
[0.293s] Level 5:colcon.colcon_core.verb:set package 'dynamixel_rdk_ros' build argument 'cmake_args' from command line to 'None'
[0.293s] Level 5:colcon.colcon_core.verb:set package 'dynamixel_rdk_ros' build argument 'cmake_target' from command line to 'None'
[0.293s] Level 5:colcon.colcon_core.verb:set package 'dynamixel_rdk_ros' build argument 'cmake_target_skip_unavailable' from command line to 'False'
[0.293s] Level 5:colcon.colcon_core.verb:set package 'dynamixel_rdk_ros' build argument 'cmake_clean_cache' from command line to 'False'
[0.293s] Level 5:colcon.colcon_core.verb:set package 'dynamixel_rdk_ros' build argument 'cmake_clean_first' from command line to 'False'
[0.293s] Level 5:colcon.colcon_core.verb:set package 'dynamixel_rdk_ros' build argument 'cmake_force_configure' from command line to 'False'
[0.293s] Level 5:colcon.colcon_core.verb:set package 'dynamixel_rdk_ros' build argument 'ament_cmake_args' from command line to 'None'
[0.293s] Level 5:colcon.colcon_core.verb:set package 'dynamixel_rdk_ros' build argument 'catkin_cmake_args' from command line to 'None'
[0.293s] Level 5:colcon.colcon_core.verb:set package 'dynamixel_rdk_ros' build argument 'catkin_skip_building_tests' from command line to 'False'
[0.293s] DEBUG:colcon.colcon_core.verb:Building package 'dynamixel_rdk_ros' with the following arguments: {'ament_cmake_args': None, 'build_base': '/home/kmj/colcon_ws/build/dynamixel_rdk_ros', 'catkin_cmake_args': None, 'catkin_skip_building_tests': False, 'cmake_args': None, 'cmake_clean_cache': False, 'cmake_clean_first': False, 'cmake_force_configure': False, 'cmake_target': None, 'cmake_target_skip_unavailable': False, 'install_base': '/home/kmj/colcon_ws/install/dynamixel_rdk_ros', 'merge_install': False, 'path': '/home/kmj/colcon_ws/src/dynamixel_rdk/dynamixel-RDK/dynamixel_rdk_ros', 'symlink_install': False, 'test_result_base': None}
[0.293s] INFO:colcon.colcon_core.executor:Executing jobs using 'parallel' executor
[0.296s] DEBUG:colcon.colcon_parallel_executor.executor.parallel:run_until_complete
[0.296s] INFO:colcon.colcon_ros.task.ament_cmake.build:Building ROS package in '/home/kmj/colcon_ws/src/dynamixel_rdk/dynamixel-RDK/dynamixel_rdk_msgs' with build type 'ament_cmake'
[0.296s] INFO:colcon.colcon_cmake.task.cmake.build:Building CMake package in '/home/kmj/colcon_ws/src/dynamixel_rdk/dynamixel-RDK/dynamixel_rdk_msgs'
[0.297s] INFO:colcon.colcon_core.plugin_system:Skipping extension 'colcon_core.shell.bat': Not used on non-Windows systems
[0.298s] INFO:colcon.colcon_core.shell:Skip shell extension 'powershell' for command environment: Not usable outside of PowerShell
[0.298s] DEBUG:colcon.colcon_core.shell:Skip shell extension 'dsv' for command environment
[0.306s] DEBUG:colcon.colcon_core.event_handler.log_command:Invoking command in '/home/kmj/colcon_ws/build/dynamixel_rdk_msgs': CMAKE_PREFIX_PATH=${CMAKE_PREFIX_PATH}:/opt/ros/humble /usr/bin/cmake /home/kmj/colcon_ws/src/dynamixel_rdk/dynamixel-RDK/dynamixel_rdk_msgs -DCMAKE_INSTALL_PREFIX=/home/kmj/colcon_ws/install/dynamixel_rdk_msgs
[1.757s] DEBUG:colcon.colcon_core.event_handler.log_command:Invoked command in '/home/kmj/colcon_ws/build/dynamixel_rdk_msgs' returned '0': CMAKE_PREFIX_PATH=${CMAKE_PREFIX_PATH}:/opt/ros/humble /usr/bin/cmake /home/kmj/colcon_ws/src/dynamixel_rdk/dynamixel-RDK/dynamixel_rdk_msgs -DCMAKE_INSTALL_PREFIX=/home/kmj/colcon_ws/install/dynamixel_rdk_msgs
[1.758s] DEBUG:colcon.colcon_core.event_handler.log_command:Invoking command in '/home/kmj/colcon_ws/build/dynamixel_rdk_msgs': CMAKE_PREFIX_PATH=${CMAKE_PREFIX_PATH}:/opt/ros/humble /usr/bin/cmake --build /home/kmj/colcon_ws/build/dynamixel_rdk_msgs -- -j16 -l16
[4.045s] DEBUG:colcon.colcon_core.event_handler.log_command:Invoked command in '/home/kmj/colcon_ws/build/dynamixel_rdk_msgs' returned '0': CMAKE_PREFIX_PATH=${CMAKE_PREFIX_PATH}:/opt/ros/humble /usr/bin/cmake --build /home/kmj/colcon_ws/build/dynamixel_rdk_msgs -- -j16 -l16
[4.056s] DEBUG:colcon.colcon_core.event_handler.log_command:Invoking command in '/home/kmj/colcon_ws/build/dynamixel_rdk_msgs': CMAKE_PREFIX_PATH=${CMAKE_PREFIX_PATH}:/opt/ros/humble /usr/bin/cmake --install /home/kmj/colcon_ws/build/dynamixel_rdk_msgs
[4.116s] Level 1:colcon.colcon_core.environment:create_environment_scripts_only(dynamixel_rdk_msgs)
[4.117s] DEBUG:colcon.colcon_core.event_handler.log_command:Invoked command in '/home/kmj/colcon_ws/build/dynamixel_rdk_msgs' returned '0': CMAKE_PREFIX_PATH=${CMAKE_PREFIX_PATH}:/opt/ros/humble /usr/bin/cmake --install /home/kmj/colcon_ws/build/dynamixel_rdk_msgs
[4.118s] Level 1:colcon.colcon_core.environment:checking '/home/kmj/colcon_ws/install/dynamixel_rdk_msgs' for CMake module files
[4.119s] Level 1:colcon.colcon_core.environment:checking '/home/kmj/colcon_ws/install/dynamixel_rdk_msgs' for CMake config files
[4.119s] Level 1:colcon.colcon_core.shell:create_environment_hook('dynamixel_rdk_msgs', 'cmake_prefix_path')
[4.119s] INFO:colcon.colcon_core.shell:Creating environment hook '/home/kmj/colcon_ws/install/dynamixel_rdk_msgs/share/dynamixel_rdk_msgs/hook/cmake_prefix_path.ps1'
[4.119s] INFO:colcon.colcon_core.shell:Creating environment descriptor '/home/kmj/colcon_ws/install/dynamixel_rdk_msgs/share/dynamixel_rdk_msgs/hook/cmake_prefix_path.dsv'
[4.120s] INFO:colcon.colcon_core.shell:Creating environment hook '/home/kmj/colcon_ws/install/dynamixel_rdk_msgs/share/dynamixel_rdk_msgs/hook/cmake_prefix_path.sh'
[4.120s] Level 1:colcon.colcon_core.environment:checking '/home/kmj/colcon_ws/install/dynamixel_rdk_msgs/lib'
[4.120s] Level 1:colcon.colcon_core.shell:create_environment_hook('dynamixel_rdk_msgs', 'ld_library_path_lib')
[4.120s] INFO:colcon.colcon_core.shell:Creating environment hook '/home/kmj/colcon_ws/install/dynamixel_rdk_msgs/share/dynamixel_rdk_msgs/hook/ld_library_path_lib.ps1'
[4.121s] INFO:colcon.colcon_core.shell:Creating environment descriptor '/home/kmj/colcon_ws/install/dynamixel_rdk_msgs/share/dynamixel_rdk_msgs/hook/ld_library_path_lib.dsv'
[4.121s] INFO:colcon.colcon_core.shell:Creating environment hook '/home/kmj/colcon_ws/install/dynamixel_rdk_msgs/share/dynamixel_rdk_msgs/hook/ld_library_path_lib.sh'
[4.121s] Level 1:colcon.colcon_core.environment:checking '/home/kmj/colcon_ws/install/dynamixel_rdk_msgs/bin'
[4.121s] Level 1:colcon.colcon_core.environment:checking '/home/kmj/colcon_ws/install/dynamixel_rdk_msgs/lib/pkgconfig/dynamixel_rdk_msgs.pc'
[4.121s] Level 1:colcon.colcon_core.environment:checking '/home/kmj/colcon_ws/install/dynamixel_rdk_msgs/lib/python3.10/site-packages'
[4.121s] Level 1:colcon.colcon_core.environment:checking '/home/kmj/colcon_ws/install/dynamixel_rdk_msgs/bin'
[4.122s] INFO:colcon.colcon_core.shell:Creating package script '/home/kmj/colcon_ws/install/dynamixel_rdk_msgs/share/dynamixel_rdk_msgs/package.ps1'
[4.122s] INFO:colcon.colcon_core.shell:Creating package descriptor '/home/kmj/colcon_ws/install/dynamixel_rdk_msgs/share/dynamixel_rdk_msgs/package.dsv'
[4.123s] INFO:colcon.colcon_core.shell:Creating package script '/home/kmj/colcon_ws/install/dynamixel_rdk_msgs/share/dynamixel_rdk_msgs/package.sh'
[4.123s] INFO:colcon.colcon_core.shell:Creating package script '/home/kmj/colcon_ws/install/dynamixel_rdk_msgs/share/dynamixel_rdk_msgs/package.bash'
[4.123s] INFO:colcon.colcon_core.shell:Creating package script '/home/kmj/colcon_ws/install/dynamixel_rdk_msgs/share/dynamixel_rdk_msgs/package.zsh'
[4.124s] Level 1:colcon.colcon_core.environment:create_file_with_runtime_dependencies(/home/kmj/colcon_ws/install/dynamixel_rdk_msgs/share/colcon-core/packages/dynamixel_rdk_msgs)
[4.124s] Level 1:colcon.colcon_core.environment:create_environment_scripts_only(dynamixel_rdk_msgs)
[4.124s] Level 1:colcon.colcon_core.environment:checking '/home/kmj/colcon_ws/install/dynamixel_rdk_msgs' for CMake module files
[4.124s] Level 1:colcon.colcon_core.environment:checking '/home/kmj/colcon_ws/install/dynamixel_rdk_msgs' for CMake config files
[4.125s] Level 1:colcon.colcon_core.shell:create_environment_hook('dynamixel_rdk_msgs', 'cmake_prefix_path')
[4.125s] INFO:colcon.colcon_core.shell:Creating environment hook '/home/kmj/colcon_ws/install/dynamixel_rdk_msgs/share/dynamixel_rdk_msgs/hook/cmake_prefix_path.ps1'
[4.125s] INFO:colcon.colcon_core.shell:Creating environment descriptor '/home/kmj/colcon_ws/install/dynamixel_rdk_msgs/share/dynamixel_rdk_msgs/hook/cmake_prefix_path.dsv'
[4.125s] INFO:colcon.colcon_core.shell:Creating environment hook '/home/kmj/colcon_ws/install/dynamixel_rdk_msgs/share/dynamixel_rdk_msgs/hook/cmake_prefix_path.sh'
[4.126s] Level 1:colcon.colcon_core.environment:checking '/home/kmj/colcon_ws/install/dynamixel_rdk_msgs/lib'
[4.126s] Level 1:colcon.colcon_core.shell:create_environment_hook('dynamixel_rdk_msgs', 'ld_library_path_lib')
[4.126s] INFO:colcon.colcon_core.shell:Creating environment hook '/home/kmj/colcon_ws/install/dynamixel_rdk_msgs/share/dynamixel_rdk_msgs/hook/ld_library_path_lib.ps1'
[4.126s] INFO:colcon.colcon_core.shell:Creating environment descriptor '/home/kmj/colcon_ws/install/dynamixel_rdk_msgs/share/dynamixel_rdk_msgs/hook/ld_library_path_lib.dsv'
[4.126s] INFO:colcon.colcon_core.shell:Creating environment hook '/home/kmj/colcon_ws/install/dynamixel_rdk_msgs/share/dynamixel_rdk_msgs/hook/ld_library_path_lib.sh'
[4.127s] Level 1:colcon.colcon_core.environment:checking '/home/kmj/colcon_ws/install/dynamixel_rdk_msgs/bin'
[4.127s] Level 1:colcon.colcon_core.environment:checking '/home/kmj/colcon_ws/install/dynamixel_rdk_msgs/lib/pkgconfig/dynamixel_rdk_msgs.pc'
[4.127s] Level 1:colcon.colcon_core.environment:checking '/home/kmj/colcon_ws/install/dynamixel_rdk_msgs/lib/python3.10/site-packages'
[4.127s] Level 1:colcon.colcon_core.environment:checking '/home/kmj/colcon_ws/install/dynamixel_rdk_msgs/bin'
[4.127s] INFO:colcon.colcon_core.shell:Creating package script '/home/kmj/colcon_ws/install/dynamixel_rdk_msgs/share/dynamixel_rdk_msgs/package.ps1'
[4.127s] INFO:colcon.colcon_core.shell:Creating package descriptor '/home/kmj/colcon_ws/install/dynamixel_rdk_msgs/share/dynamixel_rdk_msgs/package.dsv'
[4.128s] INFO:colcon.colcon_core.shell:Creating package script '/home/kmj/colcon_ws/install/dynamixel_rdk_msgs/share/dynamixel_rdk_msgs/package.sh'
[4.128s] INFO:colcon.colcon_core.shell:Creating package script '/home/kmj/colcon_ws/install/dynamixel_rdk_msgs/share/dynamixel_rdk_msgs/package.bash'
[4.128s] INFO:colcon.colcon_core.shell:Creating package script '/home/kmj/colcon_ws/install/dynamixel_rdk_msgs/share/dynamixel_rdk_msgs/package.zsh'
[4.128s] Level 1:colcon.colcon_core.environment:create_file_with_runtime_dependencies(/home/kmj/colcon_ws/install/dynamixel_rdk_msgs/share/colcon-core/packages/dynamixel_rdk_msgs)
[4.129s] INFO:colcon.colcon_ros.task.ament_cmake.build:Building ROS package in '/home/kmj/colcon_ws/src/dynamixel_rdk/dynamixel-RDK/dynamixel_rdk_ros' with build type 'ament_cmake'
[4.129s] INFO:colcon.colcon_cmake.task.cmake.build:Building CMake package in '/home/kmj/colcon_ws/src/dynamixel_rdk/dynamixel-RDK/dynamixel_rdk_ros'
[4.129s] INFO:colcon.colcon_core.shell:Skip shell extension 'powershell' for command environment: Not usable outside of PowerShell
[4.129s] DEBUG:colcon.colcon_core.shell:Skip shell extension 'dsv' for command environment
[4.139s] DEBUG:colcon.colcon_core.event_handler.log_command:Invoking command in '/home/kmj/colcon_ws/build/dynamixel_rdk_ros': AMENT_PREFIX_PATH=/home/kmj/colcon_ws/install/dynamixel_rdk_msgs:${AMENT_PREFIX_PATH} CMAKE_PREFIX_PATH=/home/kmj/colcon_ws/install/dynamixel_rdk_msgs:/home/kmj/Qt/6.9.2/gcc_64:/opt/ros/humble LD_LIBRARY_PATH=/home/kmj/colcon_ws/install/dynamixel_rdk_msgs/lib:${LD_LIBRARY_PATH} PYTHONPATH=/home/kmj/colcon_ws/install/dynamixel_rdk_msgs/local/lib/python3.10/dist-packages:${PYTHONPATH} /usr/bin/cmake /home/kmj/colcon_ws/src/dynamixel_rdk/dynamixel-RDK/dynamixel_rdk_ros -DCMAKE_INSTALL_PREFIX=/home/kmj/colcon_ws/install/dynamixel_rdk_ros
[5.115s] DEBUG:colcon.colcon_core.event_handler.log_command:Invoked command in '/home/kmj/colcon_ws/build/dynamixel_rdk_ros' returned '0': AMENT_PREFIX_PATH=/home/kmj/colcon_ws/install/dynamixel_rdk_msgs:${AMENT_PREFIX_PATH} CMAKE_PREFIX_PATH=/home/kmj/colcon_ws/install/dynamixel_rdk_msgs:/home/kmj/Qt/6.9.2/gcc_64:/opt/ros/humble LD_LIBRARY_PATH=/home/kmj/colcon_ws/install/dynamixel_rdk_msgs/lib:${LD_LIBRARY_PATH} PYTHONPATH=/home/kmj/colcon_ws/install/dynamixel_rdk_msgs/local/lib/python3.10/dist-packages:${PYTHONPATH} /usr/bin/cmake /home/kmj/colcon_ws/src/dynamixel_rdk/dynamixel-RDK/dynamixel_rdk_ros -DCMAKE_INSTALL_PREFIX=/home/kmj/colcon_ws/install/dynamixel_rdk_ros
[5.116s] DEBUG:colcon.colcon_core.event_handler.log_command:Invoking command in '/home/kmj/colcon_ws/build/dynamixel_rdk_ros': AMENT_PREFIX_PATH=/home/kmj/colcon_ws/install/dynamixel_rdk_msgs:${AMENT_PREFIX_PATH} CMAKE_PREFIX_PATH=/home/kmj/colcon_ws/install/dynamixel_rdk_msgs:/home/kmj/Qt/6.9.2/gcc_64:/opt/ros/humble LD_LIBRARY_PATH=/home/kmj/colcon_ws/install/dynamixel_rdk_msgs/lib:${LD_LIBRARY_PATH} PYTHONPATH=/home/kmj/colcon_ws/install/dynamixel_rdk_msgs/local/lib/python3.10/dist-packages:${PYTHONPATH} /usr/bin/cmake --build /home/kmj/colcon_ws/build/dynamixel_rdk_ros -- -j16 -l16
[15.574s] DEBUG:colcon.colcon_core.event_handler.log_command:Invoked command in '/home/kmj/colcon_ws/build/dynamixel_rdk_ros' returned '0': AMENT_PREFIX_PATH=/home/kmj/colcon_ws/install/dynamixel_rdk_msgs:${AMENT_PREFIX_PATH} CMAKE_PREFIX_PATH=/home/kmj/colcon_ws/install/dynamixel_rdk_msgs:/home/kmj/Qt/6.9.2/gcc_64:/opt/ros/humble LD_LIBRARY_PATH=/home/kmj/colcon_ws/install/dynamixel_rdk_msgs/lib:${LD_LIBRARY_PATH} PYTHONPATH=/home/kmj/colcon_ws/install/dynamixel_rdk_msgs/local/lib/python3.10/dist-packages:${PYTHONPATH} /usr/bin/cmake --build /home/kmj/colcon_ws/build/dynamixel_rdk_ros -- -j16 -l16
[15.575s] DEBUG:colcon.colcon_core.event_handler.log_command:Invoking command in '/home/kmj/colcon_ws/build/dynamixel_rdk_ros': AMENT_PREFIX_PATH=/home/kmj/colcon_ws/install/dynamixel_rdk_msgs:${AMENT_PREFIX_PATH} CMAKE_PREFIX_PATH=/home/kmj/colcon_ws/install/dynamixel_rdk_msgs:/home/kmj/Qt/6.9.2/gcc_64:/opt/ros/humble LD_LIBRARY_PATH=/home/kmj/colcon_ws/install/dynamixel_rdk_msgs/lib:${LD_LIBRARY_PATH} PYTHONPATH=/home/kmj/colcon_ws/install/dynamixel_rdk_msgs/local/lib/python3.10/dist-packages:${PYTHONPATH} /usr/bin/cmake --install /home/kmj/colcon_ws/build/dynamixel_rdk_ros
[15.591s] Level 1:colcon.colcon_core.environment:create_environment_scripts_only(dynamixel_rdk_ros)
[15.591s] Level 1:colcon.colcon_core.environment:checking '/home/kmj/colcon_ws/install/dynamixel_rdk_ros' for CMake module files
[15.592s] DEBUG:colcon.colcon_core.event_handler.log_command:Invoked command in '/home/kmj/colcon_ws/build/dynamixel_rdk_ros' returned '0': AMENT_PREFIX_PATH=/home/kmj/colcon_ws/install/dynamixel_rdk_msgs:${AMENT_PREFIX_PATH} CMAKE_PREFIX_PATH=/home/kmj/colcon_ws/install/dynamixel_rdk_msgs:/home/kmj/Qt/6.9.2/gcc_64:/opt/ros/humble LD_LIBRARY_PATH=/home/kmj/colcon_ws/install/dynamixel_rdk_msgs/lib:${LD_LIBRARY_PATH} PYTHONPATH=/home/kmj/colcon_ws/install/dynamixel_rdk_msgs/local/lib/python3.10/dist-packages:${PYTHONPATH} /usr/bin/cmake --install /home/kmj/colcon_ws/build/dynamixel_rdk_ros
[15.592s] Level 1:colcon.colcon_core.environment:checking '/home/kmj/colcon_ws/install/dynamixel_rdk_ros' for CMake config files
[15.592s] Level 1:colcon.colcon_core.shell:create_environment_hook('dynamixel_rdk_ros', 'cmake_prefix_path')
[15.592s] INFO:colcon.colcon_core.shell:Creating environment hook '/home/kmj/colcon_ws/install/dynamixel_rdk_ros/share/dynamixel_rdk_ros/hook/cmake_prefix_path.ps1'
[15.592s] INFO:colcon.colcon_core.shell:Creating environment descriptor '/home/kmj/colcon_ws/install/dynamixel_rdk_ros/share/dynamixel_rdk_ros/hook/cmake_prefix_path.dsv'
[15.593s] INFO:colcon.colcon_core.shell:Creating environment hook '/home/kmj/colcon_ws/install/dynamixel_rdk_ros/share/dynamixel_rdk_ros/hook/cmake_prefix_path.sh'
[15.593s] Level 1:colcon.colcon_core.environment:checking '/home/kmj/colcon_ws/install/dynamixel_rdk_ros/lib'
[15.593s] Level 1:colcon.colcon_core.environment:checking '/home/kmj/colcon_ws/install/dynamixel_rdk_ros/bin'
[15.593s] Level 1:colcon.colcon_core.environment:checking '/home/kmj/colcon_ws/install/dynamixel_rdk_ros/lib/pkgconfig/dynamixel_rdk_ros.pc'
[15.593s] Level 1:colcon.colcon_core.environment:checking '/home/kmj/colcon_ws/install/dynamixel_rdk_ros/lib/python3.10/site-packages'
[15.593s] Level 1:colcon.colcon_core.environment:checking '/home/kmj/colcon_ws/install/dynamixel_rdk_ros/bin'
[15.593s] INFO:colcon.colcon_core.shell:Creating package script '/home/kmj/colcon_ws/install/dynamixel_rdk_ros/share/dynamixel_rdk_ros/package.ps1'
[15.594s] INFO:colcon.colcon_core.shell:Creating package descriptor '/home/kmj/colcon_ws/install/dynamixel_rdk_ros/share/dynamixel_rdk_ros/package.dsv'
[15.594s] INFO:colcon.colcon_core.shell:Creating package script '/home/kmj/colcon_ws/install/dynamixel_rdk_ros/share/dynamixel_rdk_ros/package.sh'
[15.594s] INFO:colcon.colcon_core.shell:Creating package script '/home/kmj/colcon_ws/install/dynamixel_rdk_ros/share/dynamixel_rdk_ros/package.bash'
[15.594s] INFO:colcon.colcon_core.shell:Creating package script '/home/kmj/colcon_ws/install/dynamixel_rdk_ros/share/dynamixel_rdk_ros/package.zsh'
[15.595s] Level 1:colcon.colcon_core.environment:create_file_with_runtime_dependencies(/home/kmj/colcon_ws/install/dynamixel_rdk_ros/share/colcon-core/packages/dynamixel_rdk_ros)
[15.595s] Level 1:colcon.colcon_core.environment:create_environment_scripts_only(dynamixel_rdk_ros)
[15.595s] Level 1:colcon.colcon_core.environment:checking '/home/kmj/colcon_ws/install/dynamixel_rdk_ros' for CMake module files
[15.595s] Level 1:colcon.colcon_core.environment:checking '/home/kmj/colcon_ws/install/dynamixel_rdk_ros' for CMake config files
[15.596s] Level 1:colcon.colcon_core.shell:create_environment_hook('dynamixel_rdk_ros', 'cmake_prefix_path')
[15.596s] INFO:colcon.colcon_core.shell:Creating environment hook '/home/kmj/colcon_ws/install/dynamixel_rdk_ros/share/dynamixel_rdk_ros/hook/cmake_prefix_path.ps1'
[15.596s] INFO:colcon.colcon_core.shell:Creating environment descriptor '/home/kmj/colcon_ws/install/dynamixel_rdk_ros/share/dynamixel_rdk_ros/hook/cmake_prefix_path.dsv'
[15.596s] INFO:colcon.colcon_core.shell:Creating environment hook '/home/kmj/colcon_ws/install/dynamixel_rdk_ros/share/dynamixel_rdk_ros/hook/cmake_prefix_path.sh'
[15.597s] Level 1:colcon.colcon_core.environment:checking '/home/kmj/colcon_ws/install/dynamixel_rdk_ros/lib'
[15.597s] Level 1:colcon.colcon_core.environment:checking '/home/kmj/colcon_ws/install/dynamixel_rdk_ros/bin'
[15.597s] Level 1:colcon.colcon_core.environment:checking '/home/kmj/colcon_ws/install/dynamixel_rdk_ros/lib/pkgconfig/dynamixel_rdk_ros.pc'
[15.597s] Level 1:colcon.colcon_core.environment:checking '/home/kmj/colcon_ws/install/dynamixel_rdk_ros/lib/python3.10/site-packages'
[15.597s] Level 1:colcon.colcon_core.environment:checking '/home/kmj/colcon_ws/install/dynamixel_rdk_ros/bin'
[15.597s] INFO:colcon.colcon_core.shell:Creating package script '/home/kmj/colcon_ws/install/dynamixel_rdk_ros/share/dynamixel_rdk_ros/package.ps1'
[15.598s] INFO:colcon.colcon_core.shell:Creating package descriptor '/home/kmj/colcon_ws/install/dynamixel_rdk_ros/share/dynamixel_rdk_ros/package.dsv'
[15.598s] INFO:colcon.colcon_core.shell:Creating package script '/home/kmj/colcon_ws/install/dynamixel_rdk_ros/share/dynamixel_rdk_ros/package.sh'
[15.598s] INFO:colcon.colcon_core.shell:Creating package script '/home/kmj/colcon_ws/install/dynamixel_rdk_ros/share/dynamixel_rdk_ros/package.bash'
[15.598s] INFO:colcon.colcon_core.shell:Creating package script '/home/kmj/colcon_ws/install/dynamixel_rdk_ros/share/dynamixel_rdk_ros/package.zsh'
[15.599s] Level 1:colcon.colcon_core.environment:create_file_with_runtime_dependencies(/home/kmj/colcon_ws/install/dynamixel_rdk_ros/share/colcon-core/packages/dynamixel_rdk_ros)
[15.599s] DEBUG:colcon.colcon_parallel_executor.executor.parallel:closing loop
[15.599s] DEBUG:colcon.colcon_parallel_executor.executor.parallel:loop closed
[15.599s] DEBUG:colcon.colcon_parallel_executor.executor.parallel:run_until_complete finished with '0'
[15.599s] DEBUG:colcon.colcon_core.event_reactor:joining thread
[15.602s] INFO:colcon.colcon_core.plugin_system:Skipping extension 'colcon_notification.desktop_notification.terminal_notifier': Not used on non-Darwin systems
[15.602s] INFO:colcon.colcon_core.plugin_system:Skipping extension 'colcon_notification.desktop_notification.win32': Not used on non-Windows systems
[15.603s] INFO:colcon.colcon_notification.desktop_notification:Sending desktop notification using 'notify2'
[15.610s] DEBUG:colcon.colcon_core.event_reactor:joined thread
[15.611s] INFO:colcon.colcon_core.shell:Creating prefix script '/home/kmj/colcon_ws/install/local_setup.ps1'
[15.612s] INFO:colcon.colcon_core.shell:Creating prefix util module '/home/kmj/colcon_ws/install/_local_setup_util_ps1.py'
[15.613s] INFO:colcon.colcon_core.shell:Creating prefix chain script '/home/kmj/colcon_ws/install/setup.ps1'
[15.614s] INFO:colcon.colcon_core.shell:Creating prefix script '/home/kmj/colcon_ws/install/local_setup.sh'
[15.614s] INFO:colcon.colcon_core.shell:Creating prefix util module '/home/kmj/colcon_ws/install/_local_setup_util_sh.py'
[15.614s] INFO:colcon.colcon_core.shell:Creating prefix chain script '/home/kmj/colcon_ws/install/setup.sh'
[15.615s] INFO:colcon.colcon_core.shell:Creating prefix script '/home/kmj/colcon_ws/install/local_setup.bash'
[15.615s] INFO:colcon.colcon_core.shell:Creating prefix chain script '/home/kmj/colcon_ws/install/setup.bash'
[15.616s] INFO:colcon.colcon_core.shell:Creating prefix script '/home/kmj/colcon_ws/install/local_setup.zsh'
[15.616s] INFO:colcon.colcon_core.shell:Creating prefix chain script '/home/kmj/colcon_ws/install/setup.zsh'
