[0.018s] Invoking command in '/home/kmj/colcon_ws/build/dynamixel_rdk_msgs': CMAKE_PREFIX_PATH=${CMAKE_PREFIX_PATH}:/opt/ros/humble /usr/bin/cmake --build /home/kmj/colcon_ws/build/dynamixel_rdk_msgs -- -j16 -l16
[0.063s] [  1%] Built target dynamixel_rdk_msgs__cpp
[0.063s] [ 12%] Built target dynamixel_rdk_msgs__rosidl_generator_c
[0.073s] [ 12%] Built target ament_cmake_python_copy_dynamixel_rdk_msgs
[0.086s] [ 34%] Built target dynamixel_rdk_msgs__rosidl_typesupport_cpp
[0.086s] [ 34%] Built target dynamixel_rdk_msgs__rosidl_typesupport_introspection_cpp
[0.090s] [ 45%] Built target dynamixel_rdk_msgs__rosidl_typesupport_fastrtps_cpp
[0.103s] [ 76%] Built target dynamixel_rdk_msgs__rosidl_typesupport_fastrtps_c
[0.103s] [ 76%] Built target dynamixel_rdk_msgs__rosidl_typesupport_c
[0.103s] [ 78%] Built target dynamixel_rdk_msgs__rosidl_typesupport_introspection_c
[0.129s] [ 78%] Built target dynamixel_rdk_msgs
[0.149s] [ 80%] Built target dynamixel_rdk_msgs__py
[0.171s] [ 89%] Built target dynamixel_rdk_msgs__rosidl_generator_py
[0.191s] [ 92%] Built target dynamixel_rdk_msgs__rosidl_typesupport_introspection_c__pyext
[0.192s] [ 96%] Built target dynamixel_rdk_msgs__rosidl_typesupport_fastrtps_c__pyext
[0.192s] [100%] Built target dynamixel_rdk_msgs__rosidl_typesupport_c__pyext
[0.274s] running egg_info
[0.274s] writing dynamixel_rdk_msgs.egg-info/PKG-INFO
[0.275s] writing dependency_links to dynamixel_rdk_msgs.egg-info/dependency_links.txt
[0.275s] writing top-level names to dynamixel_rdk_msgs.egg-info/top_level.txt
[0.276s] reading manifest file 'dynamixel_rdk_msgs.egg-info/SOURCES.txt'
[0.277s] writing manifest file 'dynamixel_rdk_msgs.egg-info/SOURCES.txt'
[0.331s] [100%] Built target ament_cmake_python_build_dynamixel_rdk_msgs_egg
[0.344s] Invoked command in '/home/kmj/colcon_ws/build/dynamixel_rdk_msgs' returned '0': CMAKE_PREFIX_PATH=${CMAKE_PREFIX_PATH}:/opt/ros/humble /usr/bin/cmake --build /home/kmj/colcon_ws/build/dynamixel_rdk_msgs -- -j16 -l16
[0.346s] Invoking command in '/home/kmj/colcon_ws/build/dynamixel_rdk_msgs': CMAKE_PREFIX_PATH=${CMAKE_PREFIX_PATH}:/opt/ros/humble /usr/bin/cmake --install /home/kmj/colcon_ws/build/dynamixel_rdk_msgs
[0.361s] -- Install configuration: ""
[0.361s] -- Up-to-date: /home/kmj/colcon_ws/install/dynamixel_rdk_msgs/share/ament_index/resource_index/rosidl_interfaces/dynamixel_rdk_msgs
[0.361s] -- Up-to-date: /home/kmj/colcon_ws/install/dynamixel_rdk_msgs/include/dynamixel_rdk_msgs/dynamixel_rdk_msgs
[0.362s] -- Up-to-date: /home/kmj/colcon_ws/install/dynamixel_rdk_msgs/include/dynamixel_rdk_msgs/dynamixel_rdk_msgs/msg
[0.362s] -- Up-to-date: /home/kmj/colcon_ws/install/dynamixel_rdk_msgs/include/dynamixel_rdk_msgs/dynamixel_rdk_msgs/msg/dynamixel_msgs.h
[0.362s] -- Up-to-date: /home/kmj/colcon_ws/install/dynamixel_rdk_msgs/include/dynamixel_rdk_msgs/dynamixel_rdk_msgs/msg/detail
[0.362s] -- Up-to-date: /home/kmj/colcon_ws/install/dynamixel_rdk_msgs/include/dynamixel_rdk_msgs/dynamixel_rdk_msgs/msg/detail/dynamixel_status_msgs__struct.h
[0.362s] -- Up-to-date: /home/kmj/colcon_ws/install/dynamixel_rdk_msgs/include/dynamixel_rdk_msgs/dynamixel_rdk_msgs/msg/detail/dynamixel_status_msgs__functions.h
[0.362s] -- Up-to-date: /home/kmj/colcon_ws/install/dynamixel_rdk_msgs/include/dynamixel_rdk_msgs/dynamixel_rdk_msgs/msg/detail/dynamixel_status_msgs__functions.c
[0.362s] -- Up-to-date: /home/kmj/colcon_ws/install/dynamixel_rdk_msgs/include/dynamixel_rdk_msgs/dynamixel_rdk_msgs/msg/detail/dynamixel_control_msgs__functions.c
[0.362s] -- Up-to-date: /home/kmj/colcon_ws/install/dynamixel_rdk_msgs/include/dynamixel_rdk_msgs/dynamixel_rdk_msgs/msg/detail/dynamixel_bulk_read_msgs__struct.h
[0.362s] -- Up-to-date: /home/kmj/colcon_ws/install/dynamixel_rdk_msgs/include/dynamixel_rdk_msgs/dynamixel_rdk_msgs/msg/detail/dynamixel_control_msgs__type_support.h
[0.362s] -- Up-to-date: /home/kmj/colcon_ws/install/dynamixel_rdk_msgs/include/dynamixel_rdk_msgs/dynamixel_rdk_msgs/msg/detail/dynamixel_control_msgs__functions.h
[0.362s] -- Up-to-date: /home/kmj/colcon_ws/install/dynamixel_rdk_msgs/include/dynamixel_rdk_msgs/dynamixel_rdk_msgs/msg/detail/dynamixel_msgs__functions.c
[0.362s] -- Up-to-date: /home/kmj/colcon_ws/install/dynamixel_rdk_msgs/include/dynamixel_rdk_msgs/dynamixel_rdk_msgs/msg/detail/dynamixel_control_msgs__struct.h
[0.362s] -- Up-to-date: /home/kmj/colcon_ws/install/dynamixel_rdk_msgs/include/dynamixel_rdk_msgs/dynamixel_rdk_msgs/msg/detail/dynamixel_msgs__functions.h
[0.362s] -- Up-to-date: /home/kmj/colcon_ws/install/dynamixel_rdk_msgs/include/dynamixel_rdk_msgs/dynamixel_rdk_msgs/msg/detail/dynamixel_status_msgs__type_support.h
[0.362s] -- Up-to-date: /home/kmj/colcon_ws/install/dynamixel_rdk_msgs/include/dynamixel_rdk_msgs/dynamixel_rdk_msgs/msg/detail/dynamixel_msgs__type_support.h
[0.362s] -- Up-to-date: /home/kmj/colcon_ws/install/dynamixel_rdk_msgs/include/dynamixel_rdk_msgs/dynamixel_rdk_msgs/msg/detail/dynamixel_bulk_read_msgs__type_support.h
[0.362s] -- Up-to-date: /home/kmj/colcon_ws/install/dynamixel_rdk_msgs/include/dynamixel_rdk_msgs/dynamixel_rdk_msgs/msg/detail/dynamixel_bulk_read_msgs__functions.c
[0.362s] -- Up-to-date: /home/kmj/colcon_ws/install/dynamixel_rdk_msgs/include/dynamixel_rdk_msgs/dynamixel_rdk_msgs/msg/detail/dynamixel_bulk_read_msgs__functions.h
[0.362s] -- Up-to-date: /home/kmj/colcon_ws/install/dynamixel_rdk_msgs/include/dynamixel_rdk_msgs/dynamixel_rdk_msgs/msg/detail/dynamixel_msgs__struct.h
[0.362s] -- Up-to-date: /home/kmj/colcon_ws/install/dynamixel_rdk_msgs/include/dynamixel_rdk_msgs/dynamixel_rdk_msgs/msg/rosidl_generator_c__visibility_control.h
[0.362s] -- Up-to-date: /home/kmj/colcon_ws/install/dynamixel_rdk_msgs/include/dynamixel_rdk_msgs/dynamixel_rdk_msgs/msg/dynamixel_status_msgs.h
[0.362s] -- Up-to-date: /home/kmj/colcon_ws/install/dynamixel_rdk_msgs/include/dynamixel_rdk_msgs/dynamixel_rdk_msgs/msg/dynamixel_bulk_read_msgs.h
[0.363s] -- Up-to-date: /home/kmj/colcon_ws/install/dynamixel_rdk_msgs/include/dynamixel_rdk_msgs/dynamixel_rdk_msgs/msg/dynamixel_control_msgs.h
[0.363s] -- Up-to-date: /home/kmj/colcon_ws/install/dynamixel_rdk_msgs/share/dynamixel_rdk_msgs/environment/library_path.sh
[0.363s] -- Up-to-date: /home/kmj/colcon_ws/install/dynamixel_rdk_msgs/share/dynamixel_rdk_msgs/environment/library_path.dsv
[0.363s] -- Up-to-date: /home/kmj/colcon_ws/install/dynamixel_rdk_msgs/lib/libdynamixel_rdk_msgs__rosidl_generator_c.so
[0.364s] -- Up-to-date: /home/kmj/colcon_ws/install/dynamixel_rdk_msgs/include/dynamixel_rdk_msgs/dynamixel_rdk_msgs
[0.364s] -- Up-to-date: /home/kmj/colcon_ws/install/dynamixel_rdk_msgs/include/dynamixel_rdk_msgs/dynamixel_rdk_msgs/msg
[0.364s] -- Up-to-date: /home/kmj/colcon_ws/install/dynamixel_rdk_msgs/include/dynamixel_rdk_msgs/dynamixel_rdk_msgs/msg/detail
[0.364s] -- Up-to-date: /home/kmj/colcon_ws/install/dynamixel_rdk_msgs/include/dynamixel_rdk_msgs/dynamixel_rdk_msgs/msg/detail/dynamixel_bulk_read_msgs__rosidl_typesupport_fastrtps_c.h
[0.364s] -- Up-to-date: /home/kmj/colcon_ws/install/dynamixel_rdk_msgs/include/dynamixel_rdk_msgs/dynamixel_rdk_msgs/msg/detail/dynamixel_control_msgs__rosidl_typesupport_fastrtps_c.h
[0.364s] -- Up-to-date: /home/kmj/colcon_ws/install/dynamixel_rdk_msgs/include/dynamixel_rdk_msgs/dynamixel_rdk_msgs/msg/detail/dynamixel_status_msgs__rosidl_typesupport_fastrtps_c.h
[0.364s] -- Up-to-date: /home/kmj/colcon_ws/install/dynamixel_rdk_msgs/include/dynamixel_rdk_msgs/dynamixel_rdk_msgs/msg/detail/dynamixel_msgs__rosidl_typesupport_fastrtps_c.h
[0.364s] -- Up-to-date: /home/kmj/colcon_ws/install/dynamixel_rdk_msgs/include/dynamixel_rdk_msgs/dynamixel_rdk_msgs/msg/rosidl_typesupport_fastrtps_c__visibility_control.h
[0.364s] -- Up-to-date: /home/kmj/colcon_ws/install/dynamixel_rdk_msgs/lib/libdynamixel_rdk_msgs__rosidl_typesupport_fastrtps_c.so
[0.364s] -- Up-to-date: /home/kmj/colcon_ws/install/dynamixel_rdk_msgs/include/dynamixel_rdk_msgs/dynamixel_rdk_msgs
[0.364s] -- Up-to-date: /home/kmj/colcon_ws/install/dynamixel_rdk_msgs/include/dynamixel_rdk_msgs/dynamixel_rdk_msgs/msg
[0.364s] -- Up-to-date: /home/kmj/colcon_ws/install/dynamixel_rdk_msgs/include/dynamixel_rdk_msgs/dynamixel_rdk_msgs/msg/rosidl_typesupport_introspection_c__visibility_control.h
[0.364s] -- Up-to-date: /home/kmj/colcon_ws/install/dynamixel_rdk_msgs/include/dynamixel_rdk_msgs/dynamixel_rdk_msgs/msg/detail
[0.364s] -- Up-to-date: /home/kmj/colcon_ws/install/dynamixel_rdk_msgs/include/dynamixel_rdk_msgs/dynamixel_rdk_msgs/msg/detail/dynamixel_control_msgs__rosidl_typesupport_introspection_c.h
[0.364s] -- Up-to-date: /home/kmj/colcon_ws/install/dynamixel_rdk_msgs/include/dynamixel_rdk_msgs/dynamixel_rdk_msgs/msg/detail/dynamixel_status_msgs__type_support.c
[0.364s] -- Up-to-date: /home/kmj/colcon_ws/install/dynamixel_rdk_msgs/include/dynamixel_rdk_msgs/dynamixel_rdk_msgs/msg/detail/dynamixel_msgs__rosidl_typesupport_introspection_c.h
[0.364s] -- Up-to-date: /home/kmj/colcon_ws/install/dynamixel_rdk_msgs/include/dynamixel_rdk_msgs/dynamixel_rdk_msgs/msg/detail/dynamixel_bulk_read_msgs__type_support.c
[0.364s] -- Up-to-date: /home/kmj/colcon_ws/install/dynamixel_rdk_msgs/include/dynamixel_rdk_msgs/dynamixel_rdk_msgs/msg/detail/dynamixel_status_msgs__rosidl_typesupport_introspection_c.h
[0.364s] -- Up-to-date: /home/kmj/colcon_ws/install/dynamixel_rdk_msgs/include/dynamixel_rdk_msgs/dynamixel_rdk_msgs/msg/detail/dynamixel_control_msgs__type_support.c
[0.364s] -- Up-to-date: /home/kmj/colcon_ws/install/dynamixel_rdk_msgs/include/dynamixel_rdk_msgs/dynamixel_rdk_msgs/msg/detail/dynamixel_bulk_read_msgs__rosidl_typesupport_introspection_c.h
[0.365s] -- Up-to-date: /home/kmj/colcon_ws/install/dynamixel_rdk_msgs/include/dynamixel_rdk_msgs/dynamixel_rdk_msgs/msg/detail/dynamixel_msgs__type_support.c
[0.365s] -- Up-to-date: /home/kmj/colcon_ws/install/dynamixel_rdk_msgs/lib/libdynamixel_rdk_msgs__rosidl_typesupport_introspection_c.so
[0.365s] -- Up-to-date: /home/kmj/colcon_ws/install/dynamixel_rdk_msgs/lib/libdynamixel_rdk_msgs__rosidl_typesupport_c.so
[0.365s] -- Up-to-date: /home/kmj/colcon_ws/install/dynamixel_rdk_msgs/include/dynamixel_rdk_msgs/dynamixel_rdk_msgs
[0.365s] -- Up-to-date: /home/kmj/colcon_ws/install/dynamixel_rdk_msgs/include/dynamixel_rdk_msgs/dynamixel_rdk_msgs/msg
[0.365s] -- Up-to-date: /home/kmj/colcon_ws/install/dynamixel_rdk_msgs/include/dynamixel_rdk_msgs/dynamixel_rdk_msgs/msg/dynamixel_msgs.hpp
[0.366s] -- Up-to-date: /home/kmj/colcon_ws/install/dynamixel_rdk_msgs/include/dynamixel_rdk_msgs/dynamixel_rdk_msgs/msg/detail
[0.366s] -- Up-to-date: /home/kmj/colcon_ws/install/dynamixel_rdk_msgs/include/dynamixel_rdk_msgs/dynamixel_rdk_msgs/msg/detail/dynamixel_status_msgs__type_support.hpp
[0.366s] -- Up-to-date: /home/kmj/colcon_ws/install/dynamixel_rdk_msgs/include/dynamixel_rdk_msgs/dynamixel_rdk_msgs/msg/detail/dynamixel_status_msgs__builder.hpp
[0.366s] -- Up-to-date: /home/kmj/colcon_ws/install/dynamixel_rdk_msgs/include/dynamixel_rdk_msgs/dynamixel_rdk_msgs/msg/detail/dynamixel_bulk_read_msgs__builder.hpp
[0.366s] -- Up-to-date: /home/kmj/colcon_ws/install/dynamixel_rdk_msgs/include/dynamixel_rdk_msgs/dynamixel_rdk_msgs/msg/detail/dynamixel_bulk_read_msgs__type_support.hpp
[0.366s] -- Up-to-date: /home/kmj/colcon_ws/install/dynamixel_rdk_msgs/include/dynamixel_rdk_msgs/dynamixel_rdk_msgs/msg/detail/dynamixel_status_msgs__traits.hpp
[0.366s] -- Up-to-date: /home/kmj/colcon_ws/install/dynamixel_rdk_msgs/include/dynamixel_rdk_msgs/dynamixel_rdk_msgs/msg/detail/dynamixel_control_msgs__builder.hpp
[0.366s] -- Up-to-date: /home/kmj/colcon_ws/install/dynamixel_rdk_msgs/include/dynamixel_rdk_msgs/dynamixel_rdk_msgs/msg/detail/dynamixel_control_msgs__struct.hpp
[0.366s] -- Up-to-date: /home/kmj/colcon_ws/install/dynamixel_rdk_msgs/include/dynamixel_rdk_msgs/dynamixel_rdk_msgs/msg/detail/dynamixel_msgs__traits.hpp
[0.366s] -- Up-to-date: /home/kmj/colcon_ws/install/dynamixel_rdk_msgs/include/dynamixel_rdk_msgs/dynamixel_rdk_msgs/msg/detail/dynamixel_control_msgs__traits.hpp
[0.366s] -- Up-to-date: /home/kmj/colcon_ws/install/dynamixel_rdk_msgs/include/dynamixel_rdk_msgs/dynamixel_rdk_msgs/msg/detail/dynamixel_bulk_read_msgs__struct.hpp
[0.366s] -- Up-to-date: /home/kmj/colcon_ws/install/dynamixel_rdk_msgs/include/dynamixel_rdk_msgs/dynamixel_rdk_msgs/msg/detail/dynamixel_msgs__type_support.hpp
[0.366s] -- Up-to-date: /home/kmj/colcon_ws/install/dynamixel_rdk_msgs/include/dynamixel_rdk_msgs/dynamixel_rdk_msgs/msg/detail/dynamixel_msgs__builder.hpp
[0.366s] -- Up-to-date: /home/kmj/colcon_ws/install/dynamixel_rdk_msgs/include/dynamixel_rdk_msgs/dynamixel_rdk_msgs/msg/detail/dynamixel_control_msgs__type_support.hpp
[0.366s] -- Up-to-date: /home/kmj/colcon_ws/install/dynamixel_rdk_msgs/include/dynamixel_rdk_msgs/dynamixel_rdk_msgs/msg/detail/dynamixel_status_msgs__struct.hpp
[0.366s] -- Up-to-date: /home/kmj/colcon_ws/install/dynamixel_rdk_msgs/include/dynamixel_rdk_msgs/dynamixel_rdk_msgs/msg/detail/dynamixel_msgs__struct.hpp
[0.366s] -- Up-to-date: /home/kmj/colcon_ws/install/dynamixel_rdk_msgs/include/dynamixel_rdk_msgs/dynamixel_rdk_msgs/msg/detail/dynamixel_bulk_read_msgs__traits.hpp
[0.366s] -- Up-to-date: /home/kmj/colcon_ws/install/dynamixel_rdk_msgs/include/dynamixel_rdk_msgs/dynamixel_rdk_msgs/msg/rosidl_generator_cpp__visibility_control.hpp
[0.366s] -- Up-to-date: /home/kmj/colcon_ws/install/dynamixel_rdk_msgs/include/dynamixel_rdk_msgs/dynamixel_rdk_msgs/msg/dynamixel_status_msgs.hpp
[0.367s] -- Up-to-date: /home/kmj/colcon_ws/install/dynamixel_rdk_msgs/include/dynamixel_rdk_msgs/dynamixel_rdk_msgs/msg/dynamixel_bulk_read_msgs.hpp
[0.367s] -- Up-to-date: /home/kmj/colcon_ws/install/dynamixel_rdk_msgs/include/dynamixel_rdk_msgs/dynamixel_rdk_msgs/msg/dynamixel_control_msgs.hpp
[0.367s] -- Up-to-date: /home/kmj/colcon_ws/install/dynamixel_rdk_msgs/include/dynamixel_rdk_msgs/dynamixel_rdk_msgs
[0.367s] -- Up-to-date: /home/kmj/colcon_ws/install/dynamixel_rdk_msgs/include/dynamixel_rdk_msgs/dynamixel_rdk_msgs/msg
[0.367s] -- Up-to-date: /home/kmj/colcon_ws/install/dynamixel_rdk_msgs/include/dynamixel_rdk_msgs/dynamixel_rdk_msgs/msg/detail
[0.367s] -- Up-to-date: /home/kmj/colcon_ws/install/dynamixel_rdk_msgs/include/dynamixel_rdk_msgs/dynamixel_rdk_msgs/msg/detail/dynamixel_msgs__rosidl_typesupport_fastrtps_cpp.hpp
[0.367s] -- Up-to-date: /home/kmj/colcon_ws/install/dynamixel_rdk_msgs/include/dynamixel_rdk_msgs/dynamixel_rdk_msgs/msg/detail/dynamixel_status_msgs__rosidl_typesupport_fastrtps_cpp.hpp
[0.367s] -- Up-to-date: /home/kmj/colcon_ws/install/dynamixel_rdk_msgs/include/dynamixel_rdk_msgs/dynamixel_rdk_msgs/msg/detail/dynamixel_bulk_read_msgs__rosidl_typesupport_fastrtps_cpp.hpp
[0.367s] -- Up-to-date: /home/kmj/colcon_ws/install/dynamixel_rdk_msgs/include/dynamixel_rdk_msgs/dynamixel_rdk_msgs/msg/detail/dynamixel_control_msgs__rosidl_typesupport_fastrtps_cpp.hpp
[0.367s] -- Up-to-date: /home/kmj/colcon_ws/install/dynamixel_rdk_msgs/include/dynamixel_rdk_msgs/dynamixel_rdk_msgs/msg/detail/dds_fastrtps
[0.367s] -- Up-to-date: /home/kmj/colcon_ws/install/dynamixel_rdk_msgs/include/dynamixel_rdk_msgs/dynamixel_rdk_msgs/msg/rosidl_typesupport_fastrtps_cpp__visibility_control.h
[0.367s] -- Up-to-date: /home/kmj/colcon_ws/install/dynamixel_rdk_msgs/lib/libdynamixel_rdk_msgs__rosidl_typesupport_fastrtps_cpp.so
[0.367s] -- Up-to-date: /home/kmj/colcon_ws/install/dynamixel_rdk_msgs/include/dynamixel_rdk_msgs/dynamixel_rdk_msgs
[0.367s] -- Up-to-date: /home/kmj/colcon_ws/install/dynamixel_rdk_msgs/include/dynamixel_rdk_msgs/dynamixel_rdk_msgs/msg
[0.367s] -- Up-to-date: /home/kmj/colcon_ws/install/dynamixel_rdk_msgs/include/dynamixel_rdk_msgs/dynamixel_rdk_msgs/msg/detail
[0.367s] -- Up-to-date: /home/kmj/colcon_ws/install/dynamixel_rdk_msgs/include/dynamixel_rdk_msgs/dynamixel_rdk_msgs/msg/detail/dynamixel_status_msgs__rosidl_typesupport_introspection_cpp.hpp
[0.367s] -- Up-to-date: /home/kmj/colcon_ws/install/dynamixel_rdk_msgs/include/dynamixel_rdk_msgs/dynamixel_rdk_msgs/msg/detail/dynamixel_bulk_read_msgs__rosidl_typesupport_introspection_cpp.hpp
[0.367s] -- Up-to-date: /home/kmj/colcon_ws/install/dynamixel_rdk_msgs/include/dynamixel_rdk_msgs/dynamixel_rdk_msgs/msg/detail/dynamixel_control_msgs__type_support.cpp
[0.367s] -- Up-to-date: /home/kmj/colcon_ws/install/dynamixel_rdk_msgs/include/dynamixel_rdk_msgs/dynamixel_rdk_msgs/msg/detail/dynamixel_msgs__rosidl_typesupport_introspection_cpp.hpp
[0.367s] -- Up-to-date: /home/kmj/colcon_ws/install/dynamixel_rdk_msgs/include/dynamixel_rdk_msgs/dynamixel_rdk_msgs/msg/detail/dynamixel_control_msgs__rosidl_typesupport_introspection_cpp.hpp
[0.367s] -- Up-to-date: /home/kmj/colcon_ws/install/dynamixel_rdk_msgs/include/dynamixel_rdk_msgs/dynamixel_rdk_msgs/msg/detail/dynamixel_status_msgs__type_support.cpp
[0.367s] -- Up-to-date: /home/kmj/colcon_ws/install/dynamixel_rdk_msgs/include/dynamixel_rdk_msgs/dynamixel_rdk_msgs/msg/detail/dynamixel_bulk_read_msgs__type_support.cpp
[0.367s] -- Up-to-date: /home/kmj/colcon_ws/install/dynamixel_rdk_msgs/include/dynamixel_rdk_msgs/dynamixel_rdk_msgs/msg/detail/dynamixel_msgs__type_support.cpp
[0.367s] -- Up-to-date: /home/kmj/colcon_ws/install/dynamixel_rdk_msgs/lib/libdynamixel_rdk_msgs__rosidl_typesupport_introspection_cpp.so
[0.368s] -- Up-to-date: /home/kmj/colcon_ws/install/dynamixel_rdk_msgs/lib/libdynamixel_rdk_msgs__rosidl_typesupport_cpp.so
[0.368s] -- Up-to-date: /home/kmj/colcon_ws/install/dynamixel_rdk_msgs/share/dynamixel_rdk_msgs/environment/pythonpath.sh
[0.368s] -- Up-to-date: /home/kmj/colcon_ws/install/dynamixel_rdk_msgs/share/dynamixel_rdk_msgs/environment/pythonpath.dsv
[0.368s] -- Up-to-date: /home/kmj/colcon_ws/install/dynamixel_rdk_msgs/local/lib/python3.10/dist-packages/dynamixel_rdk_msgs-0.0.1-py3.10.egg-info
[0.368s] -- Installing: /home/kmj/colcon_ws/install/dynamixel_rdk_msgs/local/lib/python3.10/dist-packages/dynamixel_rdk_msgs-0.0.1-py3.10.egg-info/top_level.txt
[0.368s] -- Installing: /home/kmj/colcon_ws/install/dynamixel_rdk_msgs/local/lib/python3.10/dist-packages/dynamixel_rdk_msgs-0.0.1-py3.10.egg-info/PKG-INFO
[0.368s] -- Installing: /home/kmj/colcon_ws/install/dynamixel_rdk_msgs/local/lib/python3.10/dist-packages/dynamixel_rdk_msgs-0.0.1-py3.10.egg-info/SOURCES.txt
[0.368s] -- Installing: /home/kmj/colcon_ws/install/dynamixel_rdk_msgs/local/lib/python3.10/dist-packages/dynamixel_rdk_msgs-0.0.1-py3.10.egg-info/dependency_links.txt
[0.368s] -- Up-to-date: /home/kmj/colcon_ws/install/dynamixel_rdk_msgs/local/lib/python3.10/dist-packages/dynamixel_rdk_msgs
[0.368s] -- Up-to-date: /home/kmj/colcon_ws/install/dynamixel_rdk_msgs/local/lib/python3.10/dist-packages/dynamixel_rdk_msgs/_dynamixel_rdk_msgs_s.ep.rosidl_typesupport_introspection_c.c
[0.368s] -- Up-to-date: /home/kmj/colcon_ws/install/dynamixel_rdk_msgs/local/lib/python3.10/dist-packages/dynamixel_rdk_msgs/_dynamixel_rdk_msgs_s.ep.rosidl_typesupport_fastrtps_c.c
[0.368s] -- Up-to-date: /home/kmj/colcon_ws/install/dynamixel_rdk_msgs/local/lib/python3.10/dist-packages/dynamixel_rdk_msgs/libdynamixel_rdk_msgs__rosidl_generator_py.so
[0.368s] -- Up-to-date: /home/kmj/colcon_ws/install/dynamixel_rdk_msgs/local/lib/python3.10/dist-packages/dynamixel_rdk_msgs/dynamixel_rdk_msgs_s__rosidl_typesupport_fastrtps_c.cpython-310-x86_64-linux-gnu.so
[0.368s] -- Up-to-date: /home/kmj/colcon_ws/install/dynamixel_rdk_msgs/local/lib/python3.10/dist-packages/dynamixel_rdk_msgs/_dynamixel_rdk_msgs_s.ep.rosidl_typesupport_c.c
[0.369s] -- Up-to-date: /home/kmj/colcon_ws/install/dynamixel_rdk_msgs/local/lib/python3.10/dist-packages/dynamixel_rdk_msgs/msg
[0.369s] -- Up-to-date: /home/kmj/colcon_ws/install/dynamixel_rdk_msgs/local/lib/python3.10/dist-packages/dynamixel_rdk_msgs/msg/_dynamixel_status_msgs.py
[0.369s] -- Up-to-date: /home/kmj/colcon_ws/install/dynamixel_rdk_msgs/local/lib/python3.10/dist-packages/dynamixel_rdk_msgs/msg/_dynamixel_status_msgs_s.c
[0.369s] -- Up-to-date: /home/kmj/colcon_ws/install/dynamixel_rdk_msgs/local/lib/python3.10/dist-packages/dynamixel_rdk_msgs/msg/_dynamixel_control_msgs_s.c
[0.369s] -- Up-to-date: /home/kmj/colcon_ws/install/dynamixel_rdk_msgs/local/lib/python3.10/dist-packages/dynamixel_rdk_msgs/msg/_dynamixel_msgs_s.c
[0.369s] -- Up-to-date: /home/kmj/colcon_ws/install/dynamixel_rdk_msgs/local/lib/python3.10/dist-packages/dynamixel_rdk_msgs/msg/_dynamixel_msgs.py
[0.369s] -- Up-to-date: /home/kmj/colcon_ws/install/dynamixel_rdk_msgs/local/lib/python3.10/dist-packages/dynamixel_rdk_msgs/msg/__init__.py
[0.369s] -- Up-to-date: /home/kmj/colcon_ws/install/dynamixel_rdk_msgs/local/lib/python3.10/dist-packages/dynamixel_rdk_msgs/msg/_dynamixel_control_msgs.py
[0.369s] -- Up-to-date: /home/kmj/colcon_ws/install/dynamixel_rdk_msgs/local/lib/python3.10/dist-packages/dynamixel_rdk_msgs/msg/_dynamixel_bulk_read_msgs_s.c
[0.369s] -- Up-to-date: /home/kmj/colcon_ws/install/dynamixel_rdk_msgs/local/lib/python3.10/dist-packages/dynamixel_rdk_msgs/msg/_dynamixel_bulk_read_msgs.py
[0.369s] -- Up-to-date: /home/kmj/colcon_ws/install/dynamixel_rdk_msgs/local/lib/python3.10/dist-packages/dynamixel_rdk_msgs/dynamixel_rdk_msgs_s__rosidl_typesupport_c.cpython-310-x86_64-linux-gnu.so
[0.369s] -- Up-to-date: /home/kmj/colcon_ws/install/dynamixel_rdk_msgs/local/lib/python3.10/dist-packages/dynamixel_rdk_msgs/dynamixel_rdk_msgs_s__rosidl_typesupport_introspection_c.cpython-310-x86_64-linux-gnu.so
[0.369s] -- Up-to-date: /home/kmj/colcon_ws/install/dynamixel_rdk_msgs/local/lib/python3.10/dist-packages/dynamixel_rdk_msgs/__init__.py
[0.381s] Listing '/home/kmj/colcon_ws/install/dynamixel_rdk_msgs/local/lib/python3.10/dist-packages/dynamixel_rdk_msgs'...
[0.382s] Listing '/home/kmj/colcon_ws/install/dynamixel_rdk_msgs/local/lib/python3.10/dist-packages/dynamixel_rdk_msgs/msg'...
[0.386s] -- Up-to-date: /home/kmj/colcon_ws/install/dynamixel_rdk_msgs/local/lib/python3.10/dist-packages/dynamixel_rdk_msgs/dynamixel_rdk_msgs_s__rosidl_typesupport_fastrtps_c.cpython-310-x86_64-linux-gnu.so
[0.387s] -- Up-to-date: /home/kmj/colcon_ws/install/dynamixel_rdk_msgs/local/lib/python3.10/dist-packages/dynamixel_rdk_msgs/dynamixel_rdk_msgs_s__rosidl_typesupport_introspection_c.cpython-310-x86_64-linux-gnu.so
[0.387s] -- Up-to-date: /home/kmj/colcon_ws/install/dynamixel_rdk_msgs/local/lib/python3.10/dist-packages/dynamixel_rdk_msgs/dynamixel_rdk_msgs_s__rosidl_typesupport_c.cpython-310-x86_64-linux-gnu.so
[0.387s] -- Up-to-date: /home/kmj/colcon_ws/install/dynamixel_rdk_msgs/lib/libdynamixel_rdk_msgs__rosidl_generator_py.so
[0.387s] -- Up-to-date: /home/kmj/colcon_ws/install/dynamixel_rdk_msgs/share/dynamixel_rdk_msgs/msg/DynamixelMsgs.idl
[0.387s] -- Up-to-date: /home/kmj/colcon_ws/install/dynamixel_rdk_msgs/share/dynamixel_rdk_msgs/msg/DynamixelControlMsgs.idl
[0.387s] -- Up-to-date: /home/kmj/colcon_ws/install/dynamixel_rdk_msgs/share/dynamixel_rdk_msgs/msg/DynamixelStatusMsgs.idl
[0.387s] -- Up-to-date: /home/kmj/colcon_ws/install/dynamixel_rdk_msgs/share/dynamixel_rdk_msgs/msg/DynamixelBulkReadMsgs.idl
[0.387s] -- Up-to-date: /home/kmj/colcon_ws/install/dynamixel_rdk_msgs/share/dynamixel_rdk_msgs/msg/DynamixelMsgs.msg
[0.387s] -- Up-to-date: /home/kmj/colcon_ws/install/dynamixel_rdk_msgs/share/dynamixel_rdk_msgs/msg/DynamixelControlMsgs.msg
[0.388s] -- Up-to-date: /home/kmj/colcon_ws/install/dynamixel_rdk_msgs/share/dynamixel_rdk_msgs/msg/DynamixelStatusMsgs.msg
[0.388s] -- Up-to-date: /home/kmj/colcon_ws/install/dynamixel_rdk_msgs/share/dynamixel_rdk_msgs/msg/DynamixelBulkReadMsgs.msg
[0.388s] -- Up-to-date: /home/kmj/colcon_ws/install/dynamixel_rdk_msgs/share/ament_index/resource_index/package_run_dependencies/dynamixel_rdk_msgs
[0.388s] -- Up-to-date: /home/kmj/colcon_ws/install/dynamixel_rdk_msgs/share/ament_index/resource_index/parent_prefix_path/dynamixel_rdk_msgs
[0.388s] -- Up-to-date: /home/kmj/colcon_ws/install/dynamixel_rdk_msgs/share/dynamixel_rdk_msgs/environment/ament_prefix_path.sh
[0.388s] -- Up-to-date: /home/kmj/colcon_ws/install/dynamixel_rdk_msgs/share/dynamixel_rdk_msgs/environment/ament_prefix_path.dsv
[0.388s] -- Up-to-date: /home/kmj/colcon_ws/install/dynamixel_rdk_msgs/share/dynamixel_rdk_msgs/environment/path.sh
[0.388s] -- Up-to-date: /home/kmj/colcon_ws/install/dynamixel_rdk_msgs/share/dynamixel_rdk_msgs/environment/path.dsv
[0.388s] -- Up-to-date: /home/kmj/colcon_ws/install/dynamixel_rdk_msgs/share/dynamixel_rdk_msgs/local_setup.bash
[0.388s] -- Up-to-date: /home/kmj/colcon_ws/install/dynamixel_rdk_msgs/share/dynamixel_rdk_msgs/local_setup.sh
[0.388s] -- Up-to-date: /home/kmj/colcon_ws/install/dynamixel_rdk_msgs/share/dynamixel_rdk_msgs/local_setup.zsh
[0.388s] -- Up-to-date: /home/kmj/colcon_ws/install/dynamixel_rdk_msgs/share/dynamixel_rdk_msgs/local_setup.dsv
[0.388s] -- Installing: /home/kmj/colcon_ws/install/dynamixel_rdk_msgs/share/dynamixel_rdk_msgs/package.dsv
[0.388s] -- Up-to-date: /home/kmj/colcon_ws/install/dynamixel_rdk_msgs/share/ament_index/resource_index/packages/dynamixel_rdk_msgs
[0.388s] -- Up-to-date: /home/kmj/colcon_ws/install/dynamixel_rdk_msgs/share/dynamixel_rdk_msgs/cmake/export_dynamixel_rdk_msgs__rosidl_generator_cExport.cmake
[0.388s] -- Up-to-date: /home/kmj/colcon_ws/install/dynamixel_rdk_msgs/share/dynamixel_rdk_msgs/cmake/export_dynamixel_rdk_msgs__rosidl_generator_cExport-noconfig.cmake
[0.388s] -- Up-to-date: /home/kmj/colcon_ws/install/dynamixel_rdk_msgs/share/dynamixel_rdk_msgs/cmake/export_dynamixel_rdk_msgs__rosidl_typesupport_fastrtps_cExport.cmake
[0.388s] -- Up-to-date: /home/kmj/colcon_ws/install/dynamixel_rdk_msgs/share/dynamixel_rdk_msgs/cmake/export_dynamixel_rdk_msgs__rosidl_typesupport_fastrtps_cExport-noconfig.cmake
[0.388s] -- Up-to-date: /home/kmj/colcon_ws/install/dynamixel_rdk_msgs/share/dynamixel_rdk_msgs/cmake/dynamixel_rdk_msgs__rosidl_typesupport_introspection_cExport.cmake
[0.388s] -- Up-to-date: /home/kmj/colcon_ws/install/dynamixel_rdk_msgs/share/dynamixel_rdk_msgs/cmake/dynamixel_rdk_msgs__rosidl_typesupport_introspection_cExport-noconfig.cmake
[0.388s] -- Up-to-date: /home/kmj/colcon_ws/install/dynamixel_rdk_msgs/share/dynamixel_rdk_msgs/cmake/dynamixel_rdk_msgs__rosidl_typesupport_cExport.cmake
[0.389s] -- Up-to-date: /home/kmj/colcon_ws/install/dynamixel_rdk_msgs/share/dynamixel_rdk_msgs/cmake/dynamixel_rdk_msgs__rosidl_typesupport_cExport-noconfig.cmake
[0.389s] -- Up-to-date: /home/kmj/colcon_ws/install/dynamixel_rdk_msgs/share/dynamixel_rdk_msgs/cmake/export_dynamixel_rdk_msgs__rosidl_generator_cppExport.cmake
[0.389s] -- Up-to-date: /home/kmj/colcon_ws/install/dynamixel_rdk_msgs/share/dynamixel_rdk_msgs/cmake/export_dynamixel_rdk_msgs__rosidl_typesupport_fastrtps_cppExport.cmake
[0.389s] -- Up-to-date: /home/kmj/colcon_ws/install/dynamixel_rdk_msgs/share/dynamixel_rdk_msgs/cmake/export_dynamixel_rdk_msgs__rosidl_typesupport_fastrtps_cppExport-noconfig.cmake
[0.389s] -- Up-to-date: /home/kmj/colcon_ws/install/dynamixel_rdk_msgs/share/dynamixel_rdk_msgs/cmake/dynamixel_rdk_msgs__rosidl_typesupport_introspection_cppExport.cmake
[0.389s] -- Up-to-date: /home/kmj/colcon_ws/install/dynamixel_rdk_msgs/share/dynamixel_rdk_msgs/cmake/dynamixel_rdk_msgs__rosidl_typesupport_introspection_cppExport-noconfig.cmake
[0.389s] -- Up-to-date: /home/kmj/colcon_ws/install/dynamixel_rdk_msgs/share/dynamixel_rdk_msgs/cmake/dynamixel_rdk_msgs__rosidl_typesupport_cppExport.cmake
[0.389s] -- Up-to-date: /home/kmj/colcon_ws/install/dynamixel_rdk_msgs/share/dynamixel_rdk_msgs/cmake/dynamixel_rdk_msgs__rosidl_typesupport_cppExport-noconfig.cmake
[0.389s] -- Up-to-date: /home/kmj/colcon_ws/install/dynamixel_rdk_msgs/share/dynamixel_rdk_msgs/cmake/export_dynamixel_rdk_msgs__rosidl_generator_pyExport.cmake
[0.389s] -- Up-to-date: /home/kmj/colcon_ws/install/dynamixel_rdk_msgs/share/dynamixel_rdk_msgs/cmake/export_dynamixel_rdk_msgs__rosidl_generator_pyExport-noconfig.cmake
[0.389s] -- Up-to-date: /home/kmj/colcon_ws/install/dynamixel_rdk_msgs/share/dynamixel_rdk_msgs/cmake/rosidl_cmake-extras.cmake
[0.389s] -- Up-to-date: /home/kmj/colcon_ws/install/dynamixel_rdk_msgs/share/dynamixel_rdk_msgs/cmake/ament_cmake_export_dependencies-extras.cmake
[0.389s] -- Up-to-date: /home/kmj/colcon_ws/install/dynamixel_rdk_msgs/share/dynamixel_rdk_msgs/cmake/ament_cmake_export_include_directories-extras.cmake
[0.389s] -- Up-to-date: /home/kmj/colcon_ws/install/dynamixel_rdk_msgs/share/dynamixel_rdk_msgs/cmake/ament_cmake_export_libraries-extras.cmake
[0.389s] -- Up-to-date: /home/kmj/colcon_ws/install/dynamixel_rdk_msgs/share/dynamixel_rdk_msgs/cmake/ament_cmake_export_targets-extras.cmake
[0.389s] -- Up-to-date: /home/kmj/colcon_ws/install/dynamixel_rdk_msgs/share/dynamixel_rdk_msgs/cmake/rosidl_cmake_export_typesupport_targets-extras.cmake
[0.389s] -- Up-to-date: /home/kmj/colcon_ws/install/dynamixel_rdk_msgs/share/dynamixel_rdk_msgs/cmake/rosidl_cmake_export_typesupport_libraries-extras.cmake
[0.389s] -- Up-to-date: /home/kmj/colcon_ws/install/dynamixel_rdk_msgs/share/dynamixel_rdk_msgs/cmake/dynamixel_rdk_msgsConfig.cmake
[0.389s] -- Up-to-date: /home/kmj/colcon_ws/install/dynamixel_rdk_msgs/share/dynamixel_rdk_msgs/cmake/dynamixel_rdk_msgsConfig-version.cmake
[0.389s] -- Up-to-date: /home/kmj/colcon_ws/install/dynamixel_rdk_msgs/share/dynamixel_rdk_msgs/package.xml
[0.393s] Invoked command in '/home/kmj/colcon_ws/build/dynamixel_rdk_msgs' returned '0': CMAKE_PREFIX_PATH=${CMAKE_PREFIX_PATH}:/opt/ros/humble /usr/bin/cmake --install /home/kmj/colcon_ws/build/dynamixel_rdk_msgs
