[0.010s] Invoking command in '/home/kmj/colcon_ws/build/dynamixel_rdk_msgs': CMAKE_PREFIX_PATH=${CMAKE_PREFIX_PATH}:/opt/ros/humble /usr/bin/cmake /home/kmj/colcon_ws/src/dynamixel_rdk/dynamixel-RDK/dynamixel_rdk_msgs -DCMAKE_INSTALL_PREFIX=/home/kmj/colcon_ws/install/dynamixel_rdk_msgs
[0.079s] -- The C compiler identification is GNU 11.4.0
[0.142s] -- The CXX compiler identification is GNU 11.4.0
[0.151s] -- Detecting C compiler ABI info
[0.243s] -- Detecting C compiler ABI info - done
[0.249s] -- Check for working C compiler: /usr/bin/cc - skipped
[0.249s] -- Detecting C compile features
[0.249s] -- Detecting C compile features - done
[0.252s] -- Detecting CXX compiler ABI info
[0.355s] -- Detecting CXX compiler ABI info - done
[0.361s] -- Check for working CXX compiler: /usr/bin/c++ - skipped
[0.361s] -- Detecting CXX compile features
[0.361s] -- Detecting CXX compile features - done
[0.364s] -- Found ament_cmake: 1.3.12 (/opt/ros/humble/share/ament_cmake/cmake)
[0.499s] -- Found Python3: /usr/bin/python3 (found version "3.10.12") found components: Interpreter 
[0.576s] -- Found rosidl_default_generators: 1.2.0 (/opt/ros/humble/share/rosidl_default_generators/cmake)
[0.578s] -- Using all available rosidl_typesupport_c: rosidl_typesupport_fastrtps_c;rosidl_typesupport_introspection_c
[0.584s] -- Found rosidl_adapter: 3.1.7 (/opt/ros/humble/share/rosidl_adapter/cmake)
[0.616s] -- Using all available rosidl_typesupport_cpp: rosidl_typesupport_fastrtps_cpp;rosidl_typesupport_introspection_cpp
[0.642s] -- Found std_msgs: 4.9.0 (/opt/ros/humble/share/std_msgs/cmake)
[0.900s] -- Found ament_cmake_ros: 0.10.0 (/opt/ros/humble/share/ament_cmake_ros/cmake)
[1.085s] -- Using all available rosidl_typesupport_c: rosidl_typesupport_fastrtps_c;rosidl_typesupport_introspection_c
[1.294s] -- Using all available rosidl_typesupport_cpp: rosidl_typesupport_fastrtps_cpp;rosidl_typesupport_introspection_cpp
[1.312s] -- Found PythonInterp: /usr/bin/python3 (found suitable version "3.10.12", minimum required is "3.6") 
[1.314s] -- Found python_cmake_module: 0.10.0 (/opt/ros/humble/share/python_cmake_module/cmake)
[1.334s] -- Found PythonLibs: /usr/lib/x86_64-linux-gnu/libpython3.10.so (found suitable version "3.10.12", minimum required is "3.5") 
[1.334s] -- Using PYTHON_EXECUTABLE: /usr/bin/python3
[1.334s] -- Using PYTHON_INCLUDE_DIRS: /usr/include/python3.10
[1.334s] -- Using PYTHON_LIBRARIES: /usr/lib/x86_64-linux-gnu/libpython3.10.so
[1.350s] -- Found PythonExtra: .so  
[1.385s] -- Found ament_lint_auto: 0.12.14 (/opt/ros/humble/share/ament_lint_auto/cmake)
[1.406s] -- Added test 'copyright' to check source files copyright and LICENSE
[1.408s] -- Added test 'lint_cmake' to check CMake code style
[1.409s] -- Added test 'xmllint' to check XML markup files
[1.411s] -- Configuring done
[1.442s] -- Generating done
[1.452s] -- Build files have been written to: /home/kmj/colcon_ws/build/dynamixel_rdk_msgs
[1.461s] Invoked command in '/home/kmj/colcon_ws/build/dynamixel_rdk_msgs' returned '0': CMAKE_PREFIX_PATH=${CMAKE_PREFIX_PATH}:/opt/ros/humble /usr/bin/cmake /home/kmj/colcon_ws/src/dynamixel_rdk/dynamixel-RDK/dynamixel_rdk_msgs -DCMAKE_INSTALL_PREFIX=/home/kmj/colcon_ws/install/dynamixel_rdk_msgs
[1.462s] Invoking command in '/home/kmj/colcon_ws/build/dynamixel_rdk_msgs': CMAKE_PREFIX_PATH=${CMAKE_PREFIX_PATH}:/opt/ros/humble /usr/bin/cmake --build /home/kmj/colcon_ws/build/dynamixel_rdk_msgs -- -j16 -l16
[1.499s] [  1%] [34m[1mGenerating C code for ROS interfaces[0m
[1.507s] [  3%] [34m[1mGenerating C++ code for ROS interfaces[0m
[1.514s] [  3%] Built target ament_cmake_python_copy_dynamixel_rdk_msgs
[1.669s] running egg_info
[1.669s] creating dynamixel_rdk_msgs.egg-info
[1.670s] writing dynamixel_rdk_msgs.egg-info/PKG-INFO
[1.670s] writing dependency_links to dynamixel_rdk_msgs.egg-info/dependency_links.txt
[1.670s] writing top-level names to dynamixel_rdk_msgs.egg-info/top_level.txt
[1.670s] writing manifest file 'dynamixel_rdk_msgs.egg-info/SOURCES.txt'
[1.671s] reading manifest file 'dynamixel_rdk_msgs.egg-info/SOURCES.txt'
[1.671s] writing manifest file 'dynamixel_rdk_msgs.egg-info/SOURCES.txt'
[1.696s] [  3%] Built target ament_cmake_python_build_dynamixel_rdk_msgs_egg
[1.871s] [  7%] [32mBuilding C object CMakeFiles/dynamixel_rdk_msgs__rosidl_generator_c.dir/rosidl_generator_c/dynamixel_rdk_msgs/msg/detail/dynamixel_msgs__functions.c.o[0m
[1.871s] [  7%] [32mBuilding C object CMakeFiles/dynamixel_rdk_msgs__rosidl_generator_c.dir/rosidl_generator_c/dynamixel_rdk_msgs/msg/detail/dynamixel_control_msgs__functions.c.o[0m
[1.872s] [  9%] [32mBuilding C object CMakeFiles/dynamixel_rdk_msgs__rosidl_generator_c.dir/rosidl_generator_c/dynamixel_rdk_msgs/msg/detail/dynamixel_status_msgs__functions.c.o[0m
[1.872s] [ 10%] [32mBuilding C object CMakeFiles/dynamixel_rdk_msgs__rosidl_generator_c.dir/rosidl_generator_c/dynamixel_rdk_msgs/msg/detail/dynamixel_bulk_read_msgs__functions.c.o[0m
[1.878s] [ 10%] Built target dynamixel_rdk_msgs__cpp
[1.888s] [ 16%] [34m[1mGenerating C++ type support for eProsima Fast-RTPS[0m
[1.888s] [ 16%] [34m[1mGenerating C++ type support dispatch for ROS interfaces[0m
[1.888s] [ 16%] [34m[1mGenerating C++ introspection for ROS interfaces[0m
[1.908s] [ 18%] [32m[1mLinking C shared library libdynamixel_rdk_msgs__rosidl_generator_c.so[0m
[1.944s] [ 18%] Built target dynamixel_rdk_msgs__rosidl_generator_c
[1.954s] [ 21%] [34m[1mGenerating C type support for eProsima Fast-RTPS[0m
[1.954s] [ 21%] [34m[1mGenerating C introspection for ROS interfaces[0m
[1.954s] [ 23%] [34m[1mGenerating C type support dispatch for ROS interfaces[0m
[2.185s] [ 29%] [32mBuilding CXX object CMakeFiles/dynamixel_rdk_msgs__rosidl_typesupport_cpp.dir/rosidl_typesupport_cpp/dynamixel_rdk_msgs/msg/dynamixel_bulk_read_msgs__type_support.cpp.o[0m
[2.185s] [ 29%] [32mBuilding CXX object CMakeFiles/dynamixel_rdk_msgs__rosidl_typesupport_cpp.dir/rosidl_typesupport_cpp/dynamixel_rdk_msgs/msg/dynamixel_msgs__type_support.cpp.o[0m
[2.185s] [ 29%] [32mBuilding CXX object CMakeFiles/dynamixel_rdk_msgs__rosidl_typesupport_cpp.dir/rosidl_typesupport_cpp/dynamixel_rdk_msgs/msg/dynamixel_control_msgs__type_support.cpp.o[0m
[2.186s] [ 30%] [32mBuilding CXX object CMakeFiles/dynamixel_rdk_msgs__rosidl_typesupport_cpp.dir/rosidl_typesupport_cpp/dynamixel_rdk_msgs/msg/dynamixel_status_msgs__type_support.cpp.o[0m
[2.238s] [ 36%] [32mBuilding CXX object CMakeFiles/dynamixel_rdk_msgs__rosidl_typesupport_introspection_cpp.dir/rosidl_typesupport_introspection_cpp/dynamixel_rdk_msgs/msg/detail/dynamixel_msgs__type_support.cpp.o[0m
[2.238s] [ 36%] [32mBuilding CXX object CMakeFiles/dynamixel_rdk_msgs__rosidl_typesupport_introspection_cpp.dir/rosidl_typesupport_introspection_cpp/dynamixel_rdk_msgs/msg/detail/dynamixel_status_msgs__type_support.cpp.o[0m
[2.238s] [ 36%] [32mBuilding CXX object CMakeFiles/dynamixel_rdk_msgs__rosidl_typesupport_introspection_cpp.dir/rosidl_typesupport_introspection_cpp/dynamixel_rdk_msgs/msg/detail/dynamixel_control_msgs__type_support.cpp.o[0m
[2.238s] [ 38%] [32mBuilding CXX object CMakeFiles/dynamixel_rdk_msgs__rosidl_typesupport_introspection_cpp.dir/rosidl_typesupport_introspection_cpp/dynamixel_rdk_msgs/msg/detail/dynamixel_bulk_read_msgs__type_support.cpp.o[0m
[2.270s] [ 43%] [32mBuilding CXX object CMakeFiles/dynamixel_rdk_msgs__rosidl_typesupport_fastrtps_cpp.dir/rosidl_typesupport_fastrtps_cpp/dynamixel_rdk_msgs/msg/detail/dds_fastrtps/dynamixel_msgs__type_support.cpp.o[0m
[2.271s] [ 43%] [32mBuilding CXX object CMakeFiles/dynamixel_rdk_msgs__rosidl_typesupport_fastrtps_cpp.dir/rosidl_typesupport_fastrtps_cpp/dynamixel_rdk_msgs/msg/detail/dds_fastrtps/dynamixel_bulk_read_msgs__type_support.cpp.o[0m
[2.271s] [ 41%] [32mBuilding CXX object CMakeFiles/dynamixel_rdk_msgs__rosidl_typesupport_fastrtps_cpp.dir/rosidl_typesupport_fastrtps_cpp/dynamixel_rdk_msgs/msg/detail/dds_fastrtps/dynamixel_control_msgs__type_support.cpp.o[0m
[2.271s] [ 45%] [32mBuilding CXX object CMakeFiles/dynamixel_rdk_msgs__rosidl_typesupport_fastrtps_cpp.dir/rosidl_typesupport_fastrtps_cpp/dynamixel_rdk_msgs/msg/detail/dds_fastrtps/dynamixel_status_msgs__type_support.cpp.o[0m
[2.342s] [ 47%] [32mBuilding CXX object CMakeFiles/dynamixel_rdk_msgs__rosidl_typesupport_c.dir/rosidl_typesupport_c/dynamixel_rdk_msgs/msg/dynamixel_msgs__type_support.cpp.o[0m
[2.391s] [ 49%] [32mBuilding CXX object CMakeFiles/dynamixel_rdk_msgs__rosidl_typesupport_c.dir/rosidl_typesupport_c/dynamixel_rdk_msgs/msg/dynamixel_control_msgs__type_support.cpp.o[0m
[2.421s] [ 50%] [32mBuilding C object CMakeFiles/dynamixel_rdk_msgs__rosidl_typesupport_introspection_c.dir/rosidl_typesupport_introspection_c/dynamixel_rdk_msgs/msg/detail/dynamixel_msgs__type_support.c.o[0m
[2.429s] [ 52%] [32mBuilding CXX object CMakeFiles/dynamixel_rdk_msgs__rosidl_typesupport_c.dir/rosidl_typesupport_c/dynamixel_rdk_msgs/msg/dynamixel_status_msgs__type_support.cpp.o[0m
[2.442s] [ 54%] [32mBuilding CXX object CMakeFiles/dynamixel_rdk_msgs__rosidl_typesupport_c.dir/rosidl_typesupport_c/dynamixel_rdk_msgs/msg/dynamixel_bulk_read_msgs__type_support.cpp.o[0m
[2.476s] [ 56%] [32mBuilding C object CMakeFiles/dynamixel_rdk_msgs__rosidl_typesupport_introspection_c.dir/rosidl_typesupport_introspection_c/dynamixel_rdk_msgs/msg/detail/dynamixel_control_msgs__type_support.c.o[0m
[2.476s] [ 60%] [32mBuilding C object CMakeFiles/dynamixel_rdk_msgs__rosidl_typesupport_introspection_c.dir/rosidl_typesupport_introspection_c/dynamixel_rdk_msgs/msg/detail/dynamixel_status_msgs__type_support.c.o[0m
[2.476s] [ 60%] [32mBuilding C object CMakeFiles/dynamixel_rdk_msgs__rosidl_typesupport_introspection_c.dir/rosidl_typesupport_introspection_c/dynamixel_rdk_msgs/msg/detail/dynamixel_bulk_read_msgs__type_support.c.o[0m
[2.487s] [ 63%] [32m[1mLinking CXX shared library libdynamixel_rdk_msgs__rosidl_typesupport_cpp.so[0m
[2.487s] [ 63%] [32m[1mLinking CXX shared library libdynamixel_rdk_msgs__rosidl_typesupport_c.so[0m
[2.499s] [ 65%] [32mBuilding CXX object CMakeFiles/dynamixel_rdk_msgs__rosidl_typesupport_fastrtps_c.dir/rosidl_typesupport_fastrtps_c/dynamixel_rdk_msgs/msg/detail/dynamixel_msgs__type_support_c.cpp.o[0m
[2.506s] [ 67%] [32mBuilding CXX object CMakeFiles/dynamixel_rdk_msgs__rosidl_typesupport_fastrtps_c.dir/rosidl_typesupport_fastrtps_c/dynamixel_rdk_msgs/msg/detail/dynamixel_status_msgs__type_support_c.cpp.o[0m
[2.508s] [ 69%] [32mBuilding CXX object CMakeFiles/dynamixel_rdk_msgs__rosidl_typesupport_fastrtps_c.dir/rosidl_typesupport_fastrtps_c/dynamixel_rdk_msgs/msg/detail/dynamixel_control_msgs__type_support_c.cpp.o[0m
[2.522s] [ 70%] [32mBuilding CXX object CMakeFiles/dynamixel_rdk_msgs__rosidl_typesupport_fastrtps_c.dir/rosidl_typesupport_fastrtps_c/dynamixel_rdk_msgs/msg/detail/dynamixel_bulk_read_msgs__type_support_c.cpp.o[0m
[2.526s] [ 72%] [32m[1mLinking C shared library libdynamixel_rdk_msgs__rosidl_typesupport_introspection_c.so[0m
[2.546s] [ 72%] Built target dynamixel_rdk_msgs__rosidl_typesupport_cpp
[2.548s] [ 72%] Built target dynamixel_rdk_msgs__rosidl_typesupport_c
[2.570s] [ 72%] Built target dynamixel_rdk_msgs__rosidl_typesupport_introspection_c
[2.724s] [ 74%] [32m[1mLinking CXX shared library libdynamixel_rdk_msgs__rosidl_typesupport_introspection_cpp.so[0m
[2.768s] [ 76%] [32m[1mLinking CXX shared library libdynamixel_rdk_msgs__rosidl_typesupport_fastrtps_cpp.so[0m
[2.805s] [ 76%] Built target dynamixel_rdk_msgs__rosidl_typesupport_introspection_cpp
[2.829s] [ 78%] [32m[1mLinking CXX shared library libdynamixel_rdk_msgs__rosidl_typesupport_fastrtps_c.so[0m
[2.836s] [ 78%] Built target dynamixel_rdk_msgs__rosidl_typesupport_fastrtps_cpp
[2.893s] [ 78%] Built target dynamixel_rdk_msgs__rosidl_typesupport_fastrtps_c
[2.913s] [ 78%] Built target dynamixel_rdk_msgs
[2.934s] [ 80%] [34m[1mGenerating Python code for ROS interfaces[0m
[3.476s] [ 80%] Built target dynamixel_rdk_msgs__py
[3.497s] [ 87%] [32mBuilding C object CMakeFiles/dynamixel_rdk_msgs__rosidl_generator_py.dir/rosidl_generator_py/dynamixel_rdk_msgs/msg/_dynamixel_control_msgs_s.c.o[0m
[3.497s] [ 87%] [32mBuilding C object CMakeFiles/dynamixel_rdk_msgs__rosidl_generator_py.dir/rosidl_generator_py/dynamixel_rdk_msgs/msg/_dynamixel_bulk_read_msgs_s.c.o[0m
[3.497s] [ 87%] [32mBuilding C object CMakeFiles/dynamixel_rdk_msgs__rosidl_generator_py.dir/rosidl_generator_py/dynamixel_rdk_msgs/msg/_dynamixel_msgs_s.c.o[0m
[3.497s] [ 87%] [32mBuilding C object CMakeFiles/dynamixel_rdk_msgs__rosidl_generator_py.dir/rosidl_generator_py/dynamixel_rdk_msgs/msg/_dynamixel_status_msgs_s.c.o[0m
[3.574s] [ 89%] [32m[1mLinking C shared library rosidl_generator_py/dynamixel_rdk_msgs/libdynamixel_rdk_msgs__rosidl_generator_py.so[0m
[3.611s] [ 89%] Built target dynamixel_rdk_msgs__rosidl_generator_py
[3.630s] [ 94%] [32mBuilding C object CMakeFiles/dynamixel_rdk_msgs__rosidl_typesupport_fastrtps_c__pyext.dir/rosidl_generator_py/dynamixel_rdk_msgs/_dynamixel_rdk_msgs_s.ep.rosidl_typesupport_fastrtps_c.c.o[0m
[3.630s] [ 94%] [32mBuilding C object CMakeFiles/dynamixel_rdk_msgs__rosidl_typesupport_c__pyext.dir/rosidl_generator_py/dynamixel_rdk_msgs/_dynamixel_rdk_msgs_s.ep.rosidl_typesupport_c.c.o[0m
[3.630s] [ 94%] [32mBuilding C object CMakeFiles/dynamixel_rdk_msgs__rosidl_typesupport_introspection_c__pyext.dir/rosidl_generator_py/dynamixel_rdk_msgs/_dynamixel_rdk_msgs_s.ep.rosidl_typesupport_introspection_c.c.o[0m
[3.705s] [ 98%] [32m[1mLinking C shared library rosidl_generator_py/dynamixel_rdk_msgs/dynamixel_rdk_msgs_s__rosidl_typesupport_c.cpython-310-x86_64-linux-gnu.so[0m
[3.705s] [ 98%] [32m[1mLinking C shared library rosidl_generator_py/dynamixel_rdk_msgs/dynamixel_rdk_msgs_s__rosidl_typesupport_introspection_c.cpython-310-x86_64-linux-gnu.so[0m
[3.706s] [100%] [32m[1mLinking C shared library rosidl_generator_py/dynamixel_rdk_msgs/dynamixel_rdk_msgs_s__rosidl_typesupport_fastrtps_c.cpython-310-x86_64-linux-gnu.so[0m
[3.737s] [100%] Built target dynamixel_rdk_msgs__rosidl_typesupport_c__pyext
[3.737s] [100%] Built target dynamixel_rdk_msgs__rosidl_typesupport_fastrtps_c__pyext
[3.737s] [100%] Built target dynamixel_rdk_msgs__rosidl_typesupport_introspection_c__pyext
[3.749s] Invoked command in '/home/kmj/colcon_ws/build/dynamixel_rdk_msgs' returned '0': CMAKE_PREFIX_PATH=${CMAKE_PREFIX_PATH}:/opt/ros/humble /usr/bin/cmake --build /home/kmj/colcon_ws/build/dynamixel_rdk_msgs -- -j16 -l16
[3.760s] Invoking command in '/home/kmj/colcon_ws/build/dynamixel_rdk_msgs': CMAKE_PREFIX_PATH=${CMAKE_PREFIX_PATH}:/opt/ros/humble /usr/bin/cmake --install /home/kmj/colcon_ws/build/dynamixel_rdk_msgs
[3.767s] -- Install configuration: ""
[3.767s] -- Installing: /home/kmj/colcon_ws/install/dynamixel_rdk_msgs/share/ament_index/resource_index/rosidl_interfaces/dynamixel_rdk_msgs
[3.767s] -- Installing: /home/kmj/colcon_ws/install/dynamixel_rdk_msgs/include/dynamixel_rdk_msgs/dynamixel_rdk_msgs
[3.767s] -- Installing: /home/kmj/colcon_ws/install/dynamixel_rdk_msgs/include/dynamixel_rdk_msgs/dynamixel_rdk_msgs/msg
[3.767s] -- Installing: /home/kmj/colcon_ws/install/dynamixel_rdk_msgs/include/dynamixel_rdk_msgs/dynamixel_rdk_msgs/msg/dynamixel_msgs.h
[3.767s] -- Installing: /home/kmj/colcon_ws/install/dynamixel_rdk_msgs/include/dynamixel_rdk_msgs/dynamixel_rdk_msgs/msg/detail
[3.768s] -- Installing: /home/kmj/colcon_ws/install/dynamixel_rdk_msgs/include/dynamixel_rdk_msgs/dynamixel_rdk_msgs/msg/detail/dynamixel_status_msgs__struct.h
[3.768s] -- Installing: /home/kmj/colcon_ws/install/dynamixel_rdk_msgs/include/dynamixel_rdk_msgs/dynamixel_rdk_msgs/msg/detail/dynamixel_status_msgs__functions.h
[3.768s] -- Installing: /home/kmj/colcon_ws/install/dynamixel_rdk_msgs/include/dynamixel_rdk_msgs/dynamixel_rdk_msgs/msg/detail/dynamixel_status_msgs__functions.c
[3.768s] -- Installing: /home/kmj/colcon_ws/install/dynamixel_rdk_msgs/include/dynamixel_rdk_msgs/dynamixel_rdk_msgs/msg/detail/dynamixel_control_msgs__functions.c
[3.768s] -- Installing: /home/kmj/colcon_ws/install/dynamixel_rdk_msgs/include/dynamixel_rdk_msgs/dynamixel_rdk_msgs/msg/detail/dynamixel_bulk_read_msgs__struct.h
[3.768s] -- Installing: /home/kmj/colcon_ws/install/dynamixel_rdk_msgs/include/dynamixel_rdk_msgs/dynamixel_rdk_msgs/msg/detail/dynamixel_control_msgs__type_support.h
[3.768s] -- Installing: /home/kmj/colcon_ws/install/dynamixel_rdk_msgs/include/dynamixel_rdk_msgs/dynamixel_rdk_msgs/msg/detail/dynamixel_control_msgs__functions.h
[3.768s] -- Installing: /home/kmj/colcon_ws/install/dynamixel_rdk_msgs/include/dynamixel_rdk_msgs/dynamixel_rdk_msgs/msg/detail/dynamixel_msgs__functions.c
[3.768s] -- Installing: /home/kmj/colcon_ws/install/dynamixel_rdk_msgs/include/dynamixel_rdk_msgs/dynamixel_rdk_msgs/msg/detail/dynamixel_control_msgs__struct.h
[3.768s] -- Installing: /home/kmj/colcon_ws/install/dynamixel_rdk_msgs/include/dynamixel_rdk_msgs/dynamixel_rdk_msgs/msg/detail/dynamixel_msgs__functions.h
[3.768s] -- Installing: /home/kmj/colcon_ws/install/dynamixel_rdk_msgs/include/dynamixel_rdk_msgs/dynamixel_rdk_msgs/msg/detail/dynamixel_status_msgs__type_support.h
[3.768s] -- Installing: /home/kmj/colcon_ws/install/dynamixel_rdk_msgs/include/dynamixel_rdk_msgs/dynamixel_rdk_msgs/msg/detail/dynamixel_msgs__type_support.h
[3.768s] -- Installing: /home/kmj/colcon_ws/install/dynamixel_rdk_msgs/include/dynamixel_rdk_msgs/dynamixel_rdk_msgs/msg/detail/dynamixel_bulk_read_msgs__type_support.h
[3.769s] -- Installing: /home/kmj/colcon_ws/install/dynamixel_rdk_msgs/include/dynamixel_rdk_msgs/dynamixel_rdk_msgs/msg/detail/dynamixel_bulk_read_msgs__functions.c
[3.769s] -- Installing: /home/kmj/colcon_ws/install/dynamixel_rdk_msgs/include/dynamixel_rdk_msgs/dynamixel_rdk_msgs/msg/detail/dynamixel_bulk_read_msgs__functions.h
[3.769s] -- Installing: /home/kmj/colcon_ws/install/dynamixel_rdk_msgs/include/dynamixel_rdk_msgs/dynamixel_rdk_msgs/msg/detail/dynamixel_msgs__struct.h
[3.769s] -- Installing: /home/kmj/colcon_ws/install/dynamixel_rdk_msgs/include/dynamixel_rdk_msgs/dynamixel_rdk_msgs/msg/rosidl_generator_c__visibility_control.h
[3.769s] -- Installing: /home/kmj/colcon_ws/install/dynamixel_rdk_msgs/include/dynamixel_rdk_msgs/dynamixel_rdk_msgs/msg/dynamixel_status_msgs.h
[3.769s] -- Installing: /home/kmj/colcon_ws/install/dynamixel_rdk_msgs/include/dynamixel_rdk_msgs/dynamixel_rdk_msgs/msg/dynamixel_bulk_read_msgs.h
[3.769s] -- Installing: /home/kmj/colcon_ws/install/dynamixel_rdk_msgs/include/dynamixel_rdk_msgs/dynamixel_rdk_msgs/msg/dynamixel_control_msgs.h
[3.769s] -- Installing: /home/kmj/colcon_ws/install/dynamixel_rdk_msgs/share/dynamixel_rdk_msgs/environment/library_path.sh
[3.769s] -- Installing: /home/kmj/colcon_ws/install/dynamixel_rdk_msgs/share/dynamixel_rdk_msgs/environment/library_path.dsv
[3.769s] -- Installing: /home/kmj/colcon_ws/install/dynamixel_rdk_msgs/lib/libdynamixel_rdk_msgs__rosidl_generator_c.so
[3.770s] -- Set runtime path of "/home/kmj/colcon_ws/install/dynamixel_rdk_msgs/lib/libdynamixel_rdk_msgs__rosidl_generator_c.so" to ""
[3.770s] -- Up-to-date: /home/kmj/colcon_ws/install/dynamixel_rdk_msgs/include/dynamixel_rdk_msgs/dynamixel_rdk_msgs
[3.770s] -- Up-to-date: /home/kmj/colcon_ws/install/dynamixel_rdk_msgs/include/dynamixel_rdk_msgs/dynamixel_rdk_msgs/msg
[3.770s] -- Up-to-date: /home/kmj/colcon_ws/install/dynamixel_rdk_msgs/include/dynamixel_rdk_msgs/dynamixel_rdk_msgs/msg/detail
[3.770s] -- Installing: /home/kmj/colcon_ws/install/dynamixel_rdk_msgs/include/dynamixel_rdk_msgs/dynamixel_rdk_msgs/msg/detail/dynamixel_bulk_read_msgs__rosidl_typesupport_fastrtps_c.h
[3.770s] -- Installing: /home/kmj/colcon_ws/install/dynamixel_rdk_msgs/include/dynamixel_rdk_msgs/dynamixel_rdk_msgs/msg/detail/dynamixel_control_msgs__rosidl_typesupport_fastrtps_c.h
[3.770s] -- Installing: /home/kmj/colcon_ws/install/dynamixel_rdk_msgs/include/dynamixel_rdk_msgs/dynamixel_rdk_msgs/msg/detail/dynamixel_status_msgs__rosidl_typesupport_fastrtps_c.h
[3.770s] -- Installing: /home/kmj/colcon_ws/install/dynamixel_rdk_msgs/include/dynamixel_rdk_msgs/dynamixel_rdk_msgs/msg/detail/dynamixel_msgs__rosidl_typesupport_fastrtps_c.h
[3.770s] -- Installing: /home/kmj/colcon_ws/install/dynamixel_rdk_msgs/include/dynamixel_rdk_msgs/dynamixel_rdk_msgs/msg/rosidl_typesupport_fastrtps_c__visibility_control.h
[3.770s] -- Installing: /home/kmj/colcon_ws/install/dynamixel_rdk_msgs/lib/libdynamixel_rdk_msgs__rosidl_typesupport_fastrtps_c.so
[3.771s] -- Set runtime path of "/home/kmj/colcon_ws/install/dynamixel_rdk_msgs/lib/libdynamixel_rdk_msgs__rosidl_typesupport_fastrtps_c.so" to ""
[3.771s] -- Up-to-date: /home/kmj/colcon_ws/install/dynamixel_rdk_msgs/include/dynamixel_rdk_msgs/dynamixel_rdk_msgs
[3.771s] -- Up-to-date: /home/kmj/colcon_ws/install/dynamixel_rdk_msgs/include/dynamixel_rdk_msgs/dynamixel_rdk_msgs/msg
[3.771s] -- Installing: /home/kmj/colcon_ws/install/dynamixel_rdk_msgs/include/dynamixel_rdk_msgs/dynamixel_rdk_msgs/msg/rosidl_typesupport_introspection_c__visibility_control.h
[3.771s] -- Up-to-date: /home/kmj/colcon_ws/install/dynamixel_rdk_msgs/include/dynamixel_rdk_msgs/dynamixel_rdk_msgs/msg/detail
[3.771s] -- Installing: /home/kmj/colcon_ws/install/dynamixel_rdk_msgs/include/dynamixel_rdk_msgs/dynamixel_rdk_msgs/msg/detail/dynamixel_control_msgs__rosidl_typesupport_introspection_c.h
[3.771s] -- Installing: /home/kmj/colcon_ws/install/dynamixel_rdk_msgs/include/dynamixel_rdk_msgs/dynamixel_rdk_msgs/msg/detail/dynamixel_status_msgs__type_support.c
[3.771s] -- Installing: /home/kmj/colcon_ws/install/dynamixel_rdk_msgs/include/dynamixel_rdk_msgs/dynamixel_rdk_msgs/msg/detail/dynamixel_msgs__rosidl_typesupport_introspection_c.h
[3.771s] -- Installing: /home/kmj/colcon_ws/install/dynamixel_rdk_msgs/include/dynamixel_rdk_msgs/dynamixel_rdk_msgs/msg/detail/dynamixel_bulk_read_msgs__type_support.c
[3.771s] -- Installing: /home/kmj/colcon_ws/install/dynamixel_rdk_msgs/include/dynamixel_rdk_msgs/dynamixel_rdk_msgs/msg/detail/dynamixel_status_msgs__rosidl_typesupport_introspection_c.h
[3.771s] -- Installing: /home/kmj/colcon_ws/install/dynamixel_rdk_msgs/include/dynamixel_rdk_msgs/dynamixel_rdk_msgs/msg/detail/dynamixel_control_msgs__type_support.c
[3.771s] -- Installing: /home/kmj/colcon_ws/install/dynamixel_rdk_msgs/include/dynamixel_rdk_msgs/dynamixel_rdk_msgs/msg/detail/dynamixel_bulk_read_msgs__rosidl_typesupport_introspection_c.h
[3.772s] -- Installing: /home/kmj/colcon_ws/install/dynamixel_rdk_msgs/include/dynamixel_rdk_msgs/dynamixel_rdk_msgs/msg/detail/dynamixel_msgs__type_support.c
[3.772s] -- Installing: /home/kmj/colcon_ws/install/dynamixel_rdk_msgs/lib/libdynamixel_rdk_msgs__rosidl_typesupport_introspection_c.so
[3.772s] -- Set runtime path of "/home/kmj/colcon_ws/install/dynamixel_rdk_msgs/lib/libdynamixel_rdk_msgs__rosidl_typesupport_introspection_c.so" to ""
[3.772s] -- Installing: /home/kmj/colcon_ws/install/dynamixel_rdk_msgs/lib/libdynamixel_rdk_msgs__rosidl_typesupport_c.so
[3.772s] -- Set runtime path of "/home/kmj/colcon_ws/install/dynamixel_rdk_msgs/lib/libdynamixel_rdk_msgs__rosidl_typesupport_c.so" to ""
[3.772s] -- Up-to-date: /home/kmj/colcon_ws/install/dynamixel_rdk_msgs/include/dynamixel_rdk_msgs/dynamixel_rdk_msgs
[3.772s] -- Up-to-date: /home/kmj/colcon_ws/install/dynamixel_rdk_msgs/include/dynamixel_rdk_msgs/dynamixel_rdk_msgs/msg
[3.772s] -- Installing: /home/kmj/colcon_ws/install/dynamixel_rdk_msgs/include/dynamixel_rdk_msgs/dynamixel_rdk_msgs/msg/dynamixel_msgs.hpp
[3.772s] -- Up-to-date: /home/kmj/colcon_ws/install/dynamixel_rdk_msgs/include/dynamixel_rdk_msgs/dynamixel_rdk_msgs/msg/detail
[3.772s] -- Installing: /home/kmj/colcon_ws/install/dynamixel_rdk_msgs/include/dynamixel_rdk_msgs/dynamixel_rdk_msgs/msg/detail/dynamixel_status_msgs__type_support.hpp
[3.773s] -- Installing: /home/kmj/colcon_ws/install/dynamixel_rdk_msgs/include/dynamixel_rdk_msgs/dynamixel_rdk_msgs/msg/detail/dynamixel_status_msgs__builder.hpp
[3.773s] -- Installing: /home/kmj/colcon_ws/install/dynamixel_rdk_msgs/include/dynamixel_rdk_msgs/dynamixel_rdk_msgs/msg/detail/dynamixel_bulk_read_msgs__builder.hpp
[3.773s] -- Installing: /home/kmj/colcon_ws/install/dynamixel_rdk_msgs/include/dynamixel_rdk_msgs/dynamixel_rdk_msgs/msg/detail/dynamixel_bulk_read_msgs__type_support.hpp
[3.773s] -- Installing: /home/kmj/colcon_ws/install/dynamixel_rdk_msgs/include/dynamixel_rdk_msgs/dynamixel_rdk_msgs/msg/detail/dynamixel_status_msgs__traits.hpp
[3.773s] -- Installing: /home/kmj/colcon_ws/install/dynamixel_rdk_msgs/include/dynamixel_rdk_msgs/dynamixel_rdk_msgs/msg/detail/dynamixel_control_msgs__builder.hpp
[3.773s] -- Installing: /home/kmj/colcon_ws/install/dynamixel_rdk_msgs/include/dynamixel_rdk_msgs/dynamixel_rdk_msgs/msg/detail/dynamixel_control_msgs__struct.hpp
[3.773s] -- Installing: /home/kmj/colcon_ws/install/dynamixel_rdk_msgs/include/dynamixel_rdk_msgs/dynamixel_rdk_msgs/msg/detail/dynamixel_msgs__traits.hpp
[3.773s] -- Installing: /home/kmj/colcon_ws/install/dynamixel_rdk_msgs/include/dynamixel_rdk_msgs/dynamixel_rdk_msgs/msg/detail/dynamixel_control_msgs__traits.hpp
[3.773s] -- Installing: /home/kmj/colcon_ws/install/dynamixel_rdk_msgs/include/dynamixel_rdk_msgs/dynamixel_rdk_msgs/msg/detail/dynamixel_bulk_read_msgs__struct.hpp
[3.773s] -- Installing: /home/kmj/colcon_ws/install/dynamixel_rdk_msgs/include/dynamixel_rdk_msgs/dynamixel_rdk_msgs/msg/detail/dynamixel_msgs__type_support.hpp
[3.773s] -- Installing: /home/kmj/colcon_ws/install/dynamixel_rdk_msgs/include/dynamixel_rdk_msgs/dynamixel_rdk_msgs/msg/detail/dynamixel_msgs__builder.hpp
[3.774s] -- Installing: /home/kmj/colcon_ws/install/dynamixel_rdk_msgs/include/dynamixel_rdk_msgs/dynamixel_rdk_msgs/msg/detail/dynamixel_control_msgs__type_support.hpp
[3.774s] -- Installing: /home/kmj/colcon_ws/install/dynamixel_rdk_msgs/include/dynamixel_rdk_msgs/dynamixel_rdk_msgs/msg/detail/dynamixel_status_msgs__struct.hpp
[3.774s] -- Installing: /home/kmj/colcon_ws/install/dynamixel_rdk_msgs/include/dynamixel_rdk_msgs/dynamixel_rdk_msgs/msg/detail/dynamixel_msgs__struct.hpp
[3.774s] -- Installing: /home/kmj/colcon_ws/install/dynamixel_rdk_msgs/include/dynamixel_rdk_msgs/dynamixel_rdk_msgs/msg/detail/dynamixel_bulk_read_msgs__traits.hpp
[3.774s] -- Installing: /home/kmj/colcon_ws/install/dynamixel_rdk_msgs/include/dynamixel_rdk_msgs/dynamixel_rdk_msgs/msg/rosidl_generator_cpp__visibility_control.hpp
[3.774s] -- Installing: /home/kmj/colcon_ws/install/dynamixel_rdk_msgs/include/dynamixel_rdk_msgs/dynamixel_rdk_msgs/msg/dynamixel_status_msgs.hpp
[3.774s] -- Installing: /home/kmj/colcon_ws/install/dynamixel_rdk_msgs/include/dynamixel_rdk_msgs/dynamixel_rdk_msgs/msg/dynamixel_bulk_read_msgs.hpp
[3.774s] -- Installing: /home/kmj/colcon_ws/install/dynamixel_rdk_msgs/include/dynamixel_rdk_msgs/dynamixel_rdk_msgs/msg/dynamixel_control_msgs.hpp
[3.774s] -- Up-to-date: /home/kmj/colcon_ws/install/dynamixel_rdk_msgs/include/dynamixel_rdk_msgs/dynamixel_rdk_msgs
[3.774s] -- Up-to-date: /home/kmj/colcon_ws/install/dynamixel_rdk_msgs/include/dynamixel_rdk_msgs/dynamixel_rdk_msgs/msg
[3.774s] -- Up-to-date: /home/kmj/colcon_ws/install/dynamixel_rdk_msgs/include/dynamixel_rdk_msgs/dynamixel_rdk_msgs/msg/detail
[3.774s] -- Installing: /home/kmj/colcon_ws/install/dynamixel_rdk_msgs/include/dynamixel_rdk_msgs/dynamixel_rdk_msgs/msg/detail/dynamixel_msgs__rosidl_typesupport_fastrtps_cpp.hpp
[3.774s] -- Installing: /home/kmj/colcon_ws/install/dynamixel_rdk_msgs/include/dynamixel_rdk_msgs/dynamixel_rdk_msgs/msg/detail/dynamixel_status_msgs__rosidl_typesupport_fastrtps_cpp.hpp
[3.774s] -- Installing: /home/kmj/colcon_ws/install/dynamixel_rdk_msgs/include/dynamixel_rdk_msgs/dynamixel_rdk_msgs/msg/detail/dynamixel_bulk_read_msgs__rosidl_typesupport_fastrtps_cpp.hpp
[3.775s] -- Installing: /home/kmj/colcon_ws/install/dynamixel_rdk_msgs/include/dynamixel_rdk_msgs/dynamixel_rdk_msgs/msg/detail/dynamixel_control_msgs__rosidl_typesupport_fastrtps_cpp.hpp
[3.775s] -- Installing: /home/kmj/colcon_ws/install/dynamixel_rdk_msgs/include/dynamixel_rdk_msgs/dynamixel_rdk_msgs/msg/detail/dds_fastrtps
[3.775s] -- Installing: /home/kmj/colcon_ws/install/dynamixel_rdk_msgs/include/dynamixel_rdk_msgs/dynamixel_rdk_msgs/msg/rosidl_typesupport_fastrtps_cpp__visibility_control.h
[3.775s] -- Installing: /home/kmj/colcon_ws/install/dynamixel_rdk_msgs/lib/libdynamixel_rdk_msgs__rosidl_typesupport_fastrtps_cpp.so
[3.775s] -- Set runtime path of "/home/kmj/colcon_ws/install/dynamixel_rdk_msgs/lib/libdynamixel_rdk_msgs__rosidl_typesupport_fastrtps_cpp.so" to ""
[3.775s] -- Up-to-date: /home/kmj/colcon_ws/install/dynamixel_rdk_msgs/include/dynamixel_rdk_msgs/dynamixel_rdk_msgs
[3.775s] -- Up-to-date: /home/kmj/colcon_ws/install/dynamixel_rdk_msgs/include/dynamixel_rdk_msgs/dynamixel_rdk_msgs/msg
[3.775s] -- Up-to-date: /home/kmj/colcon_ws/install/dynamixel_rdk_msgs/include/dynamixel_rdk_msgs/dynamixel_rdk_msgs/msg/detail
[3.775s] -- Installing: /home/kmj/colcon_ws/install/dynamixel_rdk_msgs/include/dynamixel_rdk_msgs/dynamixel_rdk_msgs/msg/detail/dynamixel_status_msgs__rosidl_typesupport_introspection_cpp.hpp
[3.776s] -- Installing: /home/kmj/colcon_ws/install/dynamixel_rdk_msgs/include/dynamixel_rdk_msgs/dynamixel_rdk_msgs/msg/detail/dynamixel_bulk_read_msgs__rosidl_typesupport_introspection_cpp.hpp
[3.776s] -- Installing: /home/kmj/colcon_ws/install/dynamixel_rdk_msgs/include/dynamixel_rdk_msgs/dynamixel_rdk_msgs/msg/detail/dynamixel_control_msgs__type_support.cpp
[3.776s] -- Installing: /home/kmj/colcon_ws/install/dynamixel_rdk_msgs/include/dynamixel_rdk_msgs/dynamixel_rdk_msgs/msg/detail/dynamixel_msgs__rosidl_typesupport_introspection_cpp.hpp
[3.776s] -- Installing: /home/kmj/colcon_ws/install/dynamixel_rdk_msgs/include/dynamixel_rdk_msgs/dynamixel_rdk_msgs/msg/detail/dynamixel_control_msgs__rosidl_typesupport_introspection_cpp.hpp
[3.776s] -- Installing: /home/kmj/colcon_ws/install/dynamixel_rdk_msgs/include/dynamixel_rdk_msgs/dynamixel_rdk_msgs/msg/detail/dynamixel_status_msgs__type_support.cpp
[3.776s] -- Installing: /home/kmj/colcon_ws/install/dynamixel_rdk_msgs/include/dynamixel_rdk_msgs/dynamixel_rdk_msgs/msg/detail/dynamixel_bulk_read_msgs__type_support.cpp
[3.776s] -- Installing: /home/kmj/colcon_ws/install/dynamixel_rdk_msgs/include/dynamixel_rdk_msgs/dynamixel_rdk_msgs/msg/detail/dynamixel_msgs__type_support.cpp
[3.777s] -- Installing: /home/kmj/colcon_ws/install/dynamixel_rdk_msgs/lib/libdynamixel_rdk_msgs__rosidl_typesupport_introspection_cpp.so
[3.778s] -- Set runtime path of "/home/kmj/colcon_ws/install/dynamixel_rdk_msgs/lib/libdynamixel_rdk_msgs__rosidl_typesupport_introspection_cpp.so" to ""
[3.778s] -- Installing: /home/kmj/colcon_ws/install/dynamixel_rdk_msgs/lib/libdynamixel_rdk_msgs__rosidl_typesupport_cpp.so
[3.778s] -- Set runtime path of "/home/kmj/colcon_ws/install/dynamixel_rdk_msgs/lib/libdynamixel_rdk_msgs__rosidl_typesupport_cpp.so" to ""
[3.778s] -- Installing: /home/kmj/colcon_ws/install/dynamixel_rdk_msgs/share/dynamixel_rdk_msgs/environment/pythonpath.sh
[3.778s] -- Installing: /home/kmj/colcon_ws/install/dynamixel_rdk_msgs/share/dynamixel_rdk_msgs/environment/pythonpath.dsv
[3.778s] -- Installing: /home/kmj/colcon_ws/install/dynamixel_rdk_msgs/local/lib/python3.10/dist-packages/dynamixel_rdk_msgs-0.0.1-py3.10.egg-info
[3.778s] -- Installing: /home/kmj/colcon_ws/install/dynamixel_rdk_msgs/local/lib/python3.10/dist-packages/dynamixel_rdk_msgs-0.0.1-py3.10.egg-info/top_level.txt
[3.778s] -- Installing: /home/kmj/colcon_ws/install/dynamixel_rdk_msgs/local/lib/python3.10/dist-packages/dynamixel_rdk_msgs-0.0.1-py3.10.egg-info/PKG-INFO
[3.778s] -- Installing: /home/kmj/colcon_ws/install/dynamixel_rdk_msgs/local/lib/python3.10/dist-packages/dynamixel_rdk_msgs-0.0.1-py3.10.egg-info/SOURCES.txt
[3.778s] -- Installing: /home/kmj/colcon_ws/install/dynamixel_rdk_msgs/local/lib/python3.10/dist-packages/dynamixel_rdk_msgs-0.0.1-py3.10.egg-info/dependency_links.txt
[3.779s] -- Installing: /home/kmj/colcon_ws/install/dynamixel_rdk_msgs/local/lib/python3.10/dist-packages/dynamixel_rdk_msgs
[3.779s] -- Installing: /home/kmj/colcon_ws/install/dynamixel_rdk_msgs/local/lib/python3.10/dist-packages/dynamixel_rdk_msgs/_dynamixel_rdk_msgs_s.ep.rosidl_typesupport_introspection_c.c
[3.779s] -- Installing: /home/kmj/colcon_ws/install/dynamixel_rdk_msgs/local/lib/python3.10/dist-packages/dynamixel_rdk_msgs/_dynamixel_rdk_msgs_s.ep.rosidl_typesupport_fastrtps_c.c
[3.779s] -- Installing: /home/kmj/colcon_ws/install/dynamixel_rdk_msgs/local/lib/python3.10/dist-packages/dynamixel_rdk_msgs/libdynamixel_rdk_msgs__rosidl_generator_py.so
[3.779s] -- Installing: /home/kmj/colcon_ws/install/dynamixel_rdk_msgs/local/lib/python3.10/dist-packages/dynamixel_rdk_msgs/dynamixel_rdk_msgs_s__rosidl_typesupport_fastrtps_c.cpython-310-x86_64-linux-gnu.so
[3.779s] -- Installing: /home/kmj/colcon_ws/install/dynamixel_rdk_msgs/local/lib/python3.10/dist-packages/dynamixel_rdk_msgs/_dynamixel_rdk_msgs_s.ep.rosidl_typesupport_c.c
[3.779s] -- Installing: /home/kmj/colcon_ws/install/dynamixel_rdk_msgs/local/lib/python3.10/dist-packages/dynamixel_rdk_msgs/msg
[3.779s] -- Installing: /home/kmj/colcon_ws/install/dynamixel_rdk_msgs/local/lib/python3.10/dist-packages/dynamixel_rdk_msgs/msg/_dynamixel_status_msgs.py
[3.779s] -- Installing: /home/kmj/colcon_ws/install/dynamixel_rdk_msgs/local/lib/python3.10/dist-packages/dynamixel_rdk_msgs/msg/_dynamixel_status_msgs_s.c
[3.780s] -- Installing: /home/kmj/colcon_ws/install/dynamixel_rdk_msgs/local/lib/python3.10/dist-packages/dynamixel_rdk_msgs/msg/_dynamixel_control_msgs_s.c
[3.780s] -- Installing: /home/kmj/colcon_ws/install/dynamixel_rdk_msgs/local/lib/python3.10/dist-packages/dynamixel_rdk_msgs/msg/_dynamixel_msgs_s.c
[3.780s] -- Installing: /home/kmj/colcon_ws/install/dynamixel_rdk_msgs/local/lib/python3.10/dist-packages/dynamixel_rdk_msgs/msg/_dynamixel_msgs.py
[3.780s] -- Installing: /home/kmj/colcon_ws/install/dynamixel_rdk_msgs/local/lib/python3.10/dist-packages/dynamixel_rdk_msgs/msg/__init__.py
[3.780s] -- Installing: /home/kmj/colcon_ws/install/dynamixel_rdk_msgs/local/lib/python3.10/dist-packages/dynamixel_rdk_msgs/msg/_dynamixel_control_msgs.py
[3.780s] -- Installing: /home/kmj/colcon_ws/install/dynamixel_rdk_msgs/local/lib/python3.10/dist-packages/dynamixel_rdk_msgs/msg/_dynamixel_bulk_read_msgs_s.c
[3.780s] -- Installing: /home/kmj/colcon_ws/install/dynamixel_rdk_msgs/local/lib/python3.10/dist-packages/dynamixel_rdk_msgs/msg/_dynamixel_bulk_read_msgs.py
[3.780s] -- Installing: /home/kmj/colcon_ws/install/dynamixel_rdk_msgs/local/lib/python3.10/dist-packages/dynamixel_rdk_msgs/dynamixel_rdk_msgs_s__rosidl_typesupport_c.cpython-310-x86_64-linux-gnu.so
[3.780s] -- Installing: /home/kmj/colcon_ws/install/dynamixel_rdk_msgs/local/lib/python3.10/dist-packages/dynamixel_rdk_msgs/dynamixel_rdk_msgs_s__rosidl_typesupport_introspection_c.cpython-310-x86_64-linux-gnu.so
[3.780s] -- Installing: /home/kmj/colcon_ws/install/dynamixel_rdk_msgs/local/lib/python3.10/dist-packages/dynamixel_rdk_msgs/__init__.py
[3.807s] Listing '/home/kmj/colcon_ws/install/dynamixel_rdk_msgs/local/lib/python3.10/dist-packages/dynamixel_rdk_msgs'...
[3.807s] Compiling '/home/kmj/colcon_ws/install/dynamixel_rdk_msgs/local/lib/python3.10/dist-packages/dynamixel_rdk_msgs/__init__.py'...
[3.807s] Listing '/home/kmj/colcon_ws/install/dynamixel_rdk_msgs/local/lib/python3.10/dist-packages/dynamixel_rdk_msgs/msg'...
[3.807s] Compiling '/home/kmj/colcon_ws/install/dynamixel_rdk_msgs/local/lib/python3.10/dist-packages/dynamixel_rdk_msgs/msg/__init__.py'...
[3.807s] Compiling '/home/kmj/colcon_ws/install/dynamixel_rdk_msgs/local/lib/python3.10/dist-packages/dynamixel_rdk_msgs/msg/_dynamixel_bulk_read_msgs.py'...
[3.807s] Compiling '/home/kmj/colcon_ws/install/dynamixel_rdk_msgs/local/lib/python3.10/dist-packages/dynamixel_rdk_msgs/msg/_dynamixel_control_msgs.py'...
[3.807s] Compiling '/home/kmj/colcon_ws/install/dynamixel_rdk_msgs/local/lib/python3.10/dist-packages/dynamixel_rdk_msgs/msg/_dynamixel_msgs.py'...
[3.807s] Compiling '/home/kmj/colcon_ws/install/dynamixel_rdk_msgs/local/lib/python3.10/dist-packages/dynamixel_rdk_msgs/msg/_dynamixel_status_msgs.py'...
[3.811s] -- Installing: /home/kmj/colcon_ws/install/dynamixel_rdk_msgs/local/lib/python3.10/dist-packages/dynamixel_rdk_msgs/dynamixel_rdk_msgs_s__rosidl_typesupport_fastrtps_c.cpython-310-x86_64-linux-gnu.so
[3.811s] -- Set runtime path of "/home/kmj/colcon_ws/install/dynamixel_rdk_msgs/local/lib/python3.10/dist-packages/dynamixel_rdk_msgs/dynamixel_rdk_msgs_s__rosidl_typesupport_fastrtps_c.cpython-310-x86_64-linux-gnu.so" to ""
[3.812s] -- Installing: /home/kmj/colcon_ws/install/dynamixel_rdk_msgs/local/lib/python3.10/dist-packages/dynamixel_rdk_msgs/dynamixel_rdk_msgs_s__rosidl_typesupport_introspection_c.cpython-310-x86_64-linux-gnu.so
[3.812s] -- Set runtime path of "/home/kmj/colcon_ws/install/dynamixel_rdk_msgs/local/lib/python3.10/dist-packages/dynamixel_rdk_msgs/dynamixel_rdk_msgs_s__rosidl_typesupport_introspection_c.cpython-310-x86_64-linux-gnu.so" to ""
[3.812s] -- Installing: /home/kmj/colcon_ws/install/dynamixel_rdk_msgs/local/lib/python3.10/dist-packages/dynamixel_rdk_msgs/dynamixel_rdk_msgs_s__rosidl_typesupport_c.cpython-310-x86_64-linux-gnu.so
[3.813s] -- Set runtime path of "/home/kmj/colcon_ws/install/dynamixel_rdk_msgs/local/lib/python3.10/dist-packages/dynamixel_rdk_msgs/dynamixel_rdk_msgs_s__rosidl_typesupport_c.cpython-310-x86_64-linux-gnu.so" to ""
[3.813s] -- Installing: /home/kmj/colcon_ws/install/dynamixel_rdk_msgs/lib/libdynamixel_rdk_msgs__rosidl_generator_py.so
[3.813s] -- Set runtime path of "/home/kmj/colcon_ws/install/dynamixel_rdk_msgs/lib/libdynamixel_rdk_msgs__rosidl_generator_py.so" to ""
[3.813s] -- Installing: /home/kmj/colcon_ws/install/dynamixel_rdk_msgs/share/dynamixel_rdk_msgs/msg/DynamixelMsgs.idl
[3.813s] -- Installing: /home/kmj/colcon_ws/install/dynamixel_rdk_msgs/share/dynamixel_rdk_msgs/msg/DynamixelControlMsgs.idl
[3.813s] -- Installing: /home/kmj/colcon_ws/install/dynamixel_rdk_msgs/share/dynamixel_rdk_msgs/msg/DynamixelStatusMsgs.idl
[3.813s] -- Installing: /home/kmj/colcon_ws/install/dynamixel_rdk_msgs/share/dynamixel_rdk_msgs/msg/DynamixelBulkReadMsgs.idl
[3.814s] -- Installing: /home/kmj/colcon_ws/install/dynamixel_rdk_msgs/share/dynamixel_rdk_msgs/msg/DynamixelMsgs.msg
[3.814s] -- Installing: /home/kmj/colcon_ws/install/dynamixel_rdk_msgs/share/dynamixel_rdk_msgs/msg/DynamixelControlMsgs.msg
[3.814s] -- Installing: /home/kmj/colcon_ws/install/dynamixel_rdk_msgs/share/dynamixel_rdk_msgs/msg/DynamixelStatusMsgs.msg
[3.814s] -- Installing: /home/kmj/colcon_ws/install/dynamixel_rdk_msgs/share/dynamixel_rdk_msgs/msg/DynamixelBulkReadMsgs.msg
[3.814s] -- Installing: /home/kmj/colcon_ws/install/dynamixel_rdk_msgs/share/ament_index/resource_index/package_run_dependencies/dynamixel_rdk_msgs
[3.814s] -- Installing: /home/kmj/colcon_ws/install/dynamixel_rdk_msgs/share/ament_index/resource_index/parent_prefix_path/dynamixel_rdk_msgs
[3.814s] -- Installing: /home/kmj/colcon_ws/install/dynamixel_rdk_msgs/share/dynamixel_rdk_msgs/environment/ament_prefix_path.sh
[3.814s] -- Installing: /home/kmj/colcon_ws/install/dynamixel_rdk_msgs/share/dynamixel_rdk_msgs/environment/ament_prefix_path.dsv
[3.814s] -- Installing: /home/kmj/colcon_ws/install/dynamixel_rdk_msgs/share/dynamixel_rdk_msgs/environment/path.sh
[3.814s] -- Installing: /home/kmj/colcon_ws/install/dynamixel_rdk_msgs/share/dynamixel_rdk_msgs/environment/path.dsv
[3.815s] -- Installing: /home/kmj/colcon_ws/install/dynamixel_rdk_msgs/share/dynamixel_rdk_msgs/local_setup.bash
[3.815s] -- Installing: /home/kmj/colcon_ws/install/dynamixel_rdk_msgs/share/dynamixel_rdk_msgs/local_setup.sh
[3.815s] -- Installing: /home/kmj/colcon_ws/install/dynamixel_rdk_msgs/share/dynamixel_rdk_msgs/local_setup.zsh
[3.815s] -- Installing: /home/kmj/colcon_ws/install/dynamixel_rdk_msgs/share/dynamixel_rdk_msgs/local_setup.dsv
[3.815s] -- Installing: /home/kmj/colcon_ws/install/dynamixel_rdk_msgs/share/dynamixel_rdk_msgs/package.dsv
[3.815s] -- Installing: /home/kmj/colcon_ws/install/dynamixel_rdk_msgs/share/ament_index/resource_index/packages/dynamixel_rdk_msgs
[3.815s] -- Installing: /home/kmj/colcon_ws/install/dynamixel_rdk_msgs/share/dynamixel_rdk_msgs/cmake/export_dynamixel_rdk_msgs__rosidl_generator_cExport.cmake
[3.815s] -- Installing: /home/kmj/colcon_ws/install/dynamixel_rdk_msgs/share/dynamixel_rdk_msgs/cmake/export_dynamixel_rdk_msgs__rosidl_generator_cExport-noconfig.cmake
[3.815s] -- Installing: /home/kmj/colcon_ws/install/dynamixel_rdk_msgs/share/dynamixel_rdk_msgs/cmake/export_dynamixel_rdk_msgs__rosidl_typesupport_fastrtps_cExport.cmake
[3.816s] -- Installing: /home/kmj/colcon_ws/install/dynamixel_rdk_msgs/share/dynamixel_rdk_msgs/cmake/export_dynamixel_rdk_msgs__rosidl_typesupport_fastrtps_cExport-noconfig.cmake
[3.816s] -- Installing: /home/kmj/colcon_ws/install/dynamixel_rdk_msgs/share/dynamixel_rdk_msgs/cmake/dynamixel_rdk_msgs__rosidl_typesupport_introspection_cExport.cmake
[3.816s] -- Installing: /home/kmj/colcon_ws/install/dynamixel_rdk_msgs/share/dynamixel_rdk_msgs/cmake/dynamixel_rdk_msgs__rosidl_typesupport_introspection_cExport-noconfig.cmake
[3.816s] -- Installing: /home/kmj/colcon_ws/install/dynamixel_rdk_msgs/share/dynamixel_rdk_msgs/cmake/dynamixel_rdk_msgs__rosidl_typesupport_cExport.cmake
[3.816s] -- Installing: /home/kmj/colcon_ws/install/dynamixel_rdk_msgs/share/dynamixel_rdk_msgs/cmake/dynamixel_rdk_msgs__rosidl_typesupport_cExport-noconfig.cmake
[3.816s] -- Installing: /home/kmj/colcon_ws/install/dynamixel_rdk_msgs/share/dynamixel_rdk_msgs/cmake/export_dynamixel_rdk_msgs__rosidl_generator_cppExport.cmake
[3.816s] -- Installing: /home/kmj/colcon_ws/install/dynamixel_rdk_msgs/share/dynamixel_rdk_msgs/cmake/export_dynamixel_rdk_msgs__rosidl_typesupport_fastrtps_cppExport.cmake
[3.816s] -- Installing: /home/kmj/colcon_ws/install/dynamixel_rdk_msgs/share/dynamixel_rdk_msgs/cmake/export_dynamixel_rdk_msgs__rosidl_typesupport_fastrtps_cppExport-noconfig.cmake
[3.816s] -- Installing: /home/kmj/colcon_ws/install/dynamixel_rdk_msgs/share/dynamixel_rdk_msgs/cmake/dynamixel_rdk_msgs__rosidl_typesupport_introspection_cppExport.cmake
[3.817s] -- Installing: /home/kmj/colcon_ws/install/dynamixel_rdk_msgs/share/dynamixel_rdk_msgs/cmake/dynamixel_rdk_msgs__rosidl_typesupport_introspection_cppExport-noconfig.cmake
[3.817s] -- Installing: /home/kmj/colcon_ws/install/dynamixel_rdk_msgs/share/dynamixel_rdk_msgs/cmake/dynamixel_rdk_msgs__rosidl_typesupport_cppExport.cmake
[3.817s] -- Installing: /home/kmj/colcon_ws/install/dynamixel_rdk_msgs/share/dynamixel_rdk_msgs/cmake/dynamixel_rdk_msgs__rosidl_typesupport_cppExport-noconfig.cmake
[3.817s] -- Installing: /home/kmj/colcon_ws/install/dynamixel_rdk_msgs/share/dynamixel_rdk_msgs/cmake/export_dynamixel_rdk_msgs__rosidl_generator_pyExport.cmake
[3.817s] -- Installing: /home/kmj/colcon_ws/install/dynamixel_rdk_msgs/share/dynamixel_rdk_msgs/cmake/export_dynamixel_rdk_msgs__rosidl_generator_pyExport-noconfig.cmake
[3.817s] -- Installing: /home/kmj/colcon_ws/install/dynamixel_rdk_msgs/share/dynamixel_rdk_msgs/cmake/rosidl_cmake-extras.cmake
[3.817s] -- Installing: /home/kmj/colcon_ws/install/dynamixel_rdk_msgs/share/dynamixel_rdk_msgs/cmake/ament_cmake_export_dependencies-extras.cmake
[3.817s] -- Installing: /home/kmj/colcon_ws/install/dynamixel_rdk_msgs/share/dynamixel_rdk_msgs/cmake/ament_cmake_export_include_directories-extras.cmake
[3.817s] -- Installing: /home/kmj/colcon_ws/install/dynamixel_rdk_msgs/share/dynamixel_rdk_msgs/cmake/ament_cmake_export_libraries-extras.cmake
[3.818s] -- Installing: /home/kmj/colcon_ws/install/dynamixel_rdk_msgs/share/dynamixel_rdk_msgs/cmake/ament_cmake_export_targets-extras.cmake
[3.818s] -- Installing: /home/kmj/colcon_ws/install/dynamixel_rdk_msgs/share/dynamixel_rdk_msgs/cmake/rosidl_cmake_export_typesupport_targets-extras.cmake
[3.818s] -- Installing: /home/kmj/colcon_ws/install/dynamixel_rdk_msgs/share/dynamixel_rdk_msgs/cmake/rosidl_cmake_export_typesupport_libraries-extras.cmake
[3.818s] -- Installing: /home/kmj/colcon_ws/install/dynamixel_rdk_msgs/share/dynamixel_rdk_msgs/cmake/dynamixel_rdk_msgsConfig.cmake
[3.818s] -- Installing: /home/kmj/colcon_ws/install/dynamixel_rdk_msgs/share/dynamixel_rdk_msgs/cmake/dynamixel_rdk_msgsConfig-version.cmake
[3.818s] -- Installing: /home/kmj/colcon_ws/install/dynamixel_rdk_msgs/share/dynamixel_rdk_msgs/package.xml
[3.821s] Invoked command in '/home/kmj/colcon_ws/build/dynamixel_rdk_msgs' returned '0': CMAKE_PREFIX_PATH=${CMAKE_PREFIX_PATH}:/opt/ros/humble /usr/bin/cmake --install /home/kmj/colcon_ws/build/dynamixel_rdk_msgs
