[0.017s] Invoking command in '/home/kmj/colcon_ws/build/ocam_ros2': CMAKE_PREFIX_PATH=${CMAKE_PREFIX_PATH}:/opt/ros/humble /usr/bin/cmake /home/kmj/colcon_ws/src/ocam_ros2 -DCMAKE_INSTALL_PREFIX=/home/kmj/colcon_ws/install/ocam_ros2
[0.063s] -- The C compiler identification is GNU 11.4.0
[0.133s] -- The CXX compiler identification is GNU 11.4.0
[0.139s] -- Detecting C compiler ABI info
[0.205s] -- Detecting C compiler ABI info - done
[0.211s] -- Check for working C compiler: /usr/bin/cc - skipped
[0.211s] -- Detecting C compile features
[0.212s] -- Detecting C compile features - done
[0.214s] -- Detecting CXX compiler ABI info
[0.285s] -- Detecting CXX compiler ABI info - done
[0.290s] -- Check for working CXX compiler: /usr/bin/c++ - skipped
[0.290s] -- Detecting CXX compile features
[0.290s] -- Detecting CXX compile features - done
[0.293s] -- Found ament_cmake: 1.3.12 (/opt/ros/humble/share/ament_cmake/cmake)
[0.416s] -- Found Python3: /usr/bin/python3 (found version "3.10.12") found components: Interpreter 
[0.510s] -- Found rclcpp: 16.0.14 (/opt/ros/humble/share/rclcpp/cmake)
[0.552s] -- Found rosidl_generator_c: 3.1.7 (/opt/ros/humble/share/rosidl_generator_c/cmake)
[0.558s] -- Found rosidl_adapter: 3.1.7 (/opt/ros/humble/share/rosidl_adapter/cmake)
[0.565s] -- Found rosidl_generator_cpp: 3.1.7 (/opt/ros/humble/share/rosidl_generator_cpp/cmake)
[0.576s] -- Using all available rosidl_typesupport_c: rosidl_typesupport_fastrtps_c;rosidl_typesupport_introspection_c
[0.590s] -- Using all available rosidl_typesupport_cpp: rosidl_typesupport_fastrtps_cpp;rosidl_typesupport_introspection_cpp
[0.630s] -- Found rmw_implementation_cmake: 6.1.2 (/opt/ros/humble/share/rmw_implementation_cmake/cmake)
[0.633s] -- Found rmw_fastrtps_cpp: 6.2.8 (/opt/ros/humble/share/rmw_fastrtps_cpp/cmake)
[0.714s] -- Found OpenSSL: /usr/lib/x86_64-linux-gnu/libcrypto.so (found version "3.0.2")  
[0.744s] -- Found FastRTPS: /opt/ros/humble/include  
[0.782s] -- Using RMW implementation 'rmw_fastrtps_cpp' as default
[0.791s] -- Looking for pthread.h
[0.857s] -- Looking for pthread.h - found
[0.858s] -- Performing Test CMAKE_HAVE_LIBC_PTHREAD
[0.928s] -- Performing Test CMAKE_HAVE_LIBC_PTHREAD - Success
[0.929s] -- Found Threads: TRUE  
[0.968s] -- Found cv_bridge: 3.2.1 (/opt/ros/humble/share/cv_bridge/cmake)
[1.002s] -- Found image_transport: 3.1.12 (/opt/ros/humble/share/image_transport/cmake)
[1.035s] -- Found camera_info_manager: 3.1.12 (/opt/ros/humble/share/camera_info_manager/cmake)
[1.047s] -- Found OpenCV: /usr (found version "4.5.4") 
[1.063s] -- Found Boost: /usr/lib/x86_64-linux-gnu/cmake/Boost-1.74.0/BoostConfig.cmake (found version "1.74.0") found components: system thread 
[1.113s] -- Configuring done
[1.152s] -- Generating done
[1.157s] -- Build files have been written to: /home/kmj/colcon_ws/build/ocam_ros2
[1.170s] Invoked command in '/home/kmj/colcon_ws/build/ocam_ros2' returned '0': CMAKE_PREFIX_PATH=${CMAKE_PREFIX_PATH}:/opt/ros/humble /usr/bin/cmake /home/kmj/colcon_ws/src/ocam_ros2 -DCMAKE_INSTALL_PREFIX=/home/kmj/colcon_ws/install/ocam_ros2
[1.172s] Invoking command in '/home/kmj/colcon_ws/build/ocam_ros2': CMAKE_PREFIX_PATH=${CMAKE_PREFIX_PATH}:/opt/ros/humble /usr/bin/cmake --build /home/kmj/colcon_ws/build/ocam_ros2 -- -j16 -l16
[1.223s] [ 75%] [32mBuilding CXX object CMakeFiles/ocam_ros2.dir/src/oCam.cpp.o[0m
[1.224s] [ 75%] [32mBuilding CXX object CMakeFiles/ocam_ros2.dir/src/withrobot_camera.cpp.o[0m
[1.224s] [ 75%] [32mBuilding CXX object CMakeFiles/ocam_ros2.dir/src/withrobot_utility.cpp.o[0m
[8.339s] [100%] [32m[1mLinking CXX executable ocam_ros2[0m
[9.032s] [100%] Built target ocam_ros2
[9.044s] Invoked command in '/home/kmj/colcon_ws/build/ocam_ros2' returned '0': CMAKE_PREFIX_PATH=${CMAKE_PREFIX_PATH}:/opt/ros/humble /usr/bin/cmake --build /home/kmj/colcon_ws/build/ocam_ros2 -- -j16 -l16
[9.045s] Invoking command in '/home/kmj/colcon_ws/build/ocam_ros2': CMAKE_PREFIX_PATH=${CMAKE_PREFIX_PATH}:/opt/ros/humble /usr/bin/cmake --install /home/kmj/colcon_ws/build/ocam_ros2
[9.053s] -- Install configuration: ""
[9.053s] -- Installing: /home/kmj/colcon_ws/install/ocam_ros2/lib/ocam_ros2/ocam_ros2
[9.054s] -- Set runtime path of "/home/kmj/colcon_ws/install/ocam_ros2/lib/ocam_ros2/ocam_ros2" to ""
[9.054s] -- Installing: /home/kmj/colcon_ws/install/ocam_ros2/share/ocam_ros2/config/camera.yaml
[9.054s] -- Installing: /home/kmj/colcon_ws/install/ocam_ros2/share/ocam_ros2/launch
[9.054s] -- Installing: /home/kmj/colcon_ws/install/ocam_ros2/share/ocam_ros2/launch/ocam_ros.launch.py
[9.055s] -- Installing: /home/kmj/colcon_ws/install/ocam_ros2/share/ament_index/resource_index/package_run_dependencies/ocam_ros2
[9.055s] -- Installing: /home/kmj/colcon_ws/install/ocam_ros2/share/ament_index/resource_index/parent_prefix_path/ocam_ros2
[9.055s] -- Installing: /home/kmj/colcon_ws/install/ocam_ros2/share/ocam_ros2/environment/ament_prefix_path.sh
[9.055s] -- Installing: /home/kmj/colcon_ws/install/ocam_ros2/share/ocam_ros2/environment/ament_prefix_path.dsv
[9.055s] -- Installing: /home/kmj/colcon_ws/install/ocam_ros2/share/ocam_ros2/environment/path.sh
[9.055s] -- Installing: /home/kmj/colcon_ws/install/ocam_ros2/share/ocam_ros2/environment/path.dsv
[9.056s] -- Installing: /home/kmj/colcon_ws/install/ocam_ros2/share/ocam_ros2/local_setup.bash
[9.056s] -- Installing: /home/kmj/colcon_ws/install/ocam_ros2/share/ocam_ros2/local_setup.sh
[9.056s] -- Installing: /home/kmj/colcon_ws/install/ocam_ros2/share/ocam_ros2/local_setup.zsh
[9.056s] -- Installing: /home/kmj/colcon_ws/install/ocam_ros2/share/ocam_ros2/local_setup.dsv
[9.056s] -- Installing: /home/kmj/colcon_ws/install/ocam_ros2/share/ocam_ros2/package.dsv
[9.056s] -- Installing: /home/kmj/colcon_ws/install/ocam_ros2/share/ament_index/resource_index/packages/ocam_ros2
[9.056s] -- Installing: /home/kmj/colcon_ws/install/ocam_ros2/share/ocam_ros2/cmake/ocam_ros2Config.cmake
[9.056s] -- Installing: /home/kmj/colcon_ws/install/ocam_ros2/share/ocam_ros2/cmake/ocam_ros2Config-version.cmake
[9.056s] -- Installing: /home/kmj/colcon_ws/install/ocam_ros2/share/ocam_ros2/package.xml
[9.060s] Invoked command in '/home/kmj/colcon_ws/build/ocam_ros2' returned '0': CMAKE_PREFIX_PATH=${CMAKE_PREFIX_PATH}:/opt/ros/humble /usr/bin/cmake --install /home/kmj/colcon_ws/build/ocam_ros2
