[0.068s] DEBUG:colcon:Command line arguments: ['/usr/bin/colcon', 'build', '--packages-select', 'tune_walk']
[0.068s] DEBUG:colcon:Parsed command line arguments: Namespace(log_base=None, log_level=None, verb_name='build', build_base='build', install_base='install', merge_install=False, symlink_install=False, test_result_base=None, continue_on_error=False, executor='parallel', parallel_workers=16, event_handlers=None, ignore_user_meta=False, metas=['./colcon.meta'], base_paths=['.'], packages_ignore=None, packages_ignore_regex=None, paths=None, packages_up_to=None, packages_up_to_regex=None, packages_above=None, packages_above_and_dependencies=None, packages_above_depth=None, packages_select_by_dep=None, packages_skip_by_dep=None, packages_skip_up_to=None, packages_select_build_failed=False, packages_skip_build_finished=False, packages_select_test_failures=False, packages_skip_test_passed=False, packages_select=['tune_walk'], packages_skip=None, packages_select_regex=None, packages_skip_regex=None, packages_start=None, packages_end=None, allow_overriding=[], cmake_args=None, cmake_target=None, cmake_target_skip_unavailable=False, cmake_clean_cache=False, cmake_clean_first=False, cmake_force_configure=False, ament_cmake_args=None, catkin_cmake_args=None, catkin_skip_building_tests=False, mixin_files=None, mixin=None, verb_parser=<colcon_mixin.mixin.mixin_argument.MixinArgumentDecorator object at 0x7684e8f4dbd0>, verb_extension=<colcon_core.verb.build.BuildVerb object at 0x7684e905eef0>, main=<bound method BuildVerb.main of <colcon_core.verb.build.BuildVerb object at 0x7684e905eef0>>, mixin_verb=('build',))
[0.169s] Level 1:colcon.colcon_core.package_discovery:discover_packages(colcon_meta) check parameters
[0.169s] Level 1:colcon.colcon_core.package_discovery:discover_packages(recursive) check parameters
[0.169s] Level 1:colcon.colcon_core.package_discovery:discover_packages(ignore) check parameters
[0.169s] Level 1:colcon.colcon_core.package_discovery:discover_packages(path) check parameters
[0.169s] Level 1:colcon.colcon_core.package_discovery:discover_packages(colcon_meta) discover
[0.170s] Level 1:colcon.colcon_core.package_discovery:discover_packages(recursive) discover
[0.170s] INFO:colcon.colcon_core.package_discovery:Crawling recursively for packages in '/home/kmj/colcon_ws'
[0.170s] Level 1:colcon.colcon_core.package_identification:_identify(.) by extensions ['ignore', 'ignore_ament_install']
[0.170s] Level 1:colcon.colcon_core.package_identification:_identify(.) by extension 'ignore'
[0.170s] Level 1:colcon.colcon_core.package_identification:_identify(.) by extension 'ignore_ament_install'
[0.170s] Level 1:colcon.colcon_core.package_identification:_identify(.) by extensions ['colcon_pkg']
[0.170s] Level 1:colcon.colcon_core.package_identification:_identify(.) by extension 'colcon_pkg'
[0.170s] Level 1:colcon.colcon_core.package_identification:_identify(.) by extensions ['colcon_meta']
[0.170s] Level 1:colcon.colcon_core.package_identification:_identify(.) by extension 'colcon_meta'
[0.170s] Level 1:colcon.colcon_core.package_identification:_identify(.) by extensions ['ros']
[0.170s] Level 1:colcon.colcon_core.package_identification:_identify(.) by extension 'ros'
[0.177s] Level 1:colcon.colcon_core.package_identification:_identify(.) by extensions ['cmake', 'python']
[0.177s] Level 1:colcon.colcon_core.package_identification:_identify(.) by extension 'cmake'
[0.177s] Level 1:colcon.colcon_core.package_identification:_identify(.) by extension 'python'
[0.177s] Level 1:colcon.colcon_core.package_identification:_identify(.) by extensions ['python_setup_py']
[0.177s] Level 1:colcon.colcon_core.package_identification:_identify(.) by extension 'python_setup_py'
[0.178s] Level 1:colcon.colcon_core.package_identification:_identify(build) by extensions ['ignore', 'ignore_ament_install']
[0.178s] Level 1:colcon.colcon_core.package_identification:_identify(build) by extension 'ignore'
[0.178s] Level 1:colcon.colcon_core.package_identification:_identify(build) ignored
[0.178s] Level 1:colcon.colcon_core.package_identification:_identify(install) by extensions ['ignore', 'ignore_ament_install']
[0.178s] Level 1:colcon.colcon_core.package_identification:_identify(install) by extension 'ignore'
[0.178s] Level 1:colcon.colcon_core.package_identification:_identify(install) ignored
[0.178s] Level 1:colcon.colcon_core.package_identification:_identify(log) by extensions ['ignore', 'ignore_ament_install']
[0.178s] Level 1:colcon.colcon_core.package_identification:_identify(log) by extension 'ignore'
[0.178s] Level 1:colcon.colcon_core.package_identification:_identify(log) ignored
[0.178s] Level 1:colcon.colcon_core.package_identification:_identify(src) by extensions ['ignore', 'ignore_ament_install']
[0.178s] Level 1:colcon.colcon_core.package_identification:_identify(src) by extension 'ignore'
[0.178s] Level 1:colcon.colcon_core.package_identification:_identify(src) by extension 'ignore_ament_install'
[0.178s] Level 1:colcon.colcon_core.package_identification:_identify(src) by extensions ['colcon_pkg']
[0.178s] Level 1:colcon.colcon_core.package_identification:_identify(src) by extension 'colcon_pkg'
[0.178s] Level 1:colcon.colcon_core.package_identification:_identify(src) by extensions ['colcon_meta']
[0.178s] Level 1:colcon.colcon_core.package_identification:_identify(src) by extension 'colcon_meta'
[0.178s] Level 1:colcon.colcon_core.package_identification:_identify(src) by extensions ['ros']
[0.178s] Level 1:colcon.colcon_core.package_identification:_identify(src) by extension 'ros'
[0.178s] Level 1:colcon.colcon_core.package_identification:_identify(src) by extensions ['cmake', 'python']
[0.178s] Level 1:colcon.colcon_core.package_identification:_identify(src) by extension 'cmake'
[0.178s] Level 1:colcon.colcon_core.package_identification:_identify(src) by extension 'python'
[0.178s] Level 1:colcon.colcon_core.package_identification:_identify(src) by extensions ['python_setup_py']
[0.178s] Level 1:colcon.colcon_core.package_identification:_identify(src) by extension 'python_setup_py'
[0.178s] Level 1:colcon.colcon_core.package_identification:_identify(src/dynamixel_rdk) by extensions ['ignore', 'ignore_ament_install']
[0.178s] Level 1:colcon.colcon_core.package_identification:_identify(src/dynamixel_rdk) by extension 'ignore'
[0.178s] Level 1:colcon.colcon_core.package_identification:_identify(src/dynamixel_rdk) by extension 'ignore_ament_install'
[0.178s] Level 1:colcon.colcon_core.package_identification:_identify(src/dynamixel_rdk) by extensions ['colcon_pkg']
[0.178s] Level 1:colcon.colcon_core.package_identification:_identify(src/dynamixel_rdk) by extension 'colcon_pkg'
[0.178s] Level 1:colcon.colcon_core.package_identification:_identify(src/dynamixel_rdk) by extensions ['colcon_meta']
[0.178s] Level 1:colcon.colcon_core.package_identification:_identify(src/dynamixel_rdk) by extension 'colcon_meta'
[0.178s] Level 1:colcon.colcon_core.package_identification:_identify(src/dynamixel_rdk) by extensions ['ros']
[0.178s] Level 1:colcon.colcon_core.package_identification:_identify(src/dynamixel_rdk) by extension 'ros'
[0.178s] Level 1:colcon.colcon_core.package_identification:_identify(src/dynamixel_rdk) by extensions ['cmake', 'python']
[0.178s] Level 1:colcon.colcon_core.package_identification:_identify(src/dynamixel_rdk) by extension 'cmake'
[0.179s] Level 1:colcon.colcon_core.package_identification:_identify(src/dynamixel_rdk) by extension 'python'
[0.179s] Level 1:colcon.colcon_core.package_identification:_identify(src/dynamixel_rdk) by extensions ['python_setup_py']
[0.179s] Level 1:colcon.colcon_core.package_identification:_identify(src/dynamixel_rdk) by extension 'python_setup_py'
[0.179s] Level 1:colcon.colcon_core.package_identification:_identify(src/dynamixel_rdk/dynamixel-RDK) by extensions ['ignore', 'ignore_ament_install']
[0.179s] Level 1:colcon.colcon_core.package_identification:_identify(src/dynamixel_rdk/dynamixel-RDK) by extension 'ignore'
[0.179s] Level 1:colcon.colcon_core.package_identification:_identify(src/dynamixel_rdk/dynamixel-RDK) by extension 'ignore_ament_install'
[0.179s] Level 1:colcon.colcon_core.package_identification:_identify(src/dynamixel_rdk/dynamixel-RDK) by extensions ['colcon_pkg']
[0.179s] Level 1:colcon.colcon_core.package_identification:_identify(src/dynamixel_rdk/dynamixel-RDK) by extension 'colcon_pkg'
[0.179s] Level 1:colcon.colcon_core.package_identification:_identify(src/dynamixel_rdk/dynamixel-RDK) by extensions ['colcon_meta']
[0.179s] Level 1:colcon.colcon_core.package_identification:_identify(src/dynamixel_rdk/dynamixel-RDK) by extension 'colcon_meta'
[0.179s] Level 1:colcon.colcon_core.package_identification:_identify(src/dynamixel_rdk/dynamixel-RDK) by extensions ['ros']
[0.179s] Level 1:colcon.colcon_core.package_identification:_identify(src/dynamixel_rdk/dynamixel-RDK) by extension 'ros'
[0.179s] Level 1:colcon.colcon_core.package_identification:_identify(src/dynamixel_rdk/dynamixel-RDK) by extensions ['cmake', 'python']
[0.179s] Level 1:colcon.colcon_core.package_identification:_identify(src/dynamixel_rdk/dynamixel-RDK) by extension 'cmake'
[0.179s] Level 1:colcon.colcon_core.package_identification:_identify(src/dynamixel_rdk/dynamixel-RDK) by extension 'python'
[0.179s] Level 1:colcon.colcon_core.package_identification:_identify(src/dynamixel_rdk/dynamixel-RDK) by extensions ['python_setup_py']
[0.179s] Level 1:colcon.colcon_core.package_identification:_identify(src/dynamixel_rdk/dynamixel-RDK) by extension 'python_setup_py'
[0.179s] Level 1:colcon.colcon_core.package_identification:_identify(src/dynamixel_rdk/dynamixel-RDK/docs) by extensions ['ignore', 'ignore_ament_install']
[0.179s] Level 1:colcon.colcon_core.package_identification:_identify(src/dynamixel_rdk/dynamixel-RDK/docs) by extension 'ignore'
[0.179s] Level 1:colcon.colcon_core.package_identification:_identify(src/dynamixel_rdk/dynamixel-RDK/docs) by extension 'ignore_ament_install'
[0.179s] Level 1:colcon.colcon_core.package_identification:_identify(src/dynamixel_rdk/dynamixel-RDK/docs) by extensions ['colcon_pkg']
[0.179s] Level 1:colcon.colcon_core.package_identification:_identify(src/dynamixel_rdk/dynamixel-RDK/docs) by extension 'colcon_pkg'
[0.179s] Level 1:colcon.colcon_core.package_identification:_identify(src/dynamixel_rdk/dynamixel-RDK/docs) by extensions ['colcon_meta']
[0.179s] Level 1:colcon.colcon_core.package_identification:_identify(src/dynamixel_rdk/dynamixel-RDK/docs) by extension 'colcon_meta'
[0.179s] Level 1:colcon.colcon_core.package_identification:_identify(src/dynamixel_rdk/dynamixel-RDK/docs) by extensions ['ros']
[0.179s] Level 1:colcon.colcon_core.package_identification:_identify(src/dynamixel_rdk/dynamixel-RDK/docs) by extension 'ros'
[0.179s] Level 1:colcon.colcon_core.package_identification:_identify(src/dynamixel_rdk/dynamixel-RDK/docs) by extensions ['cmake', 'python']
[0.179s] Level 1:colcon.colcon_core.package_identification:_identify(src/dynamixel_rdk/dynamixel-RDK/docs) by extension 'cmake'
[0.179s] Level 1:colcon.colcon_core.package_identification:_identify(src/dynamixel_rdk/dynamixel-RDK/docs) by extension 'python'
[0.179s] Level 1:colcon.colcon_core.package_identification:_identify(src/dynamixel_rdk/dynamixel-RDK/docs) by extensions ['python_setup_py']
[0.179s] Level 1:colcon.colcon_core.package_identification:_identify(src/dynamixel_rdk/dynamixel-RDK/docs) by extension 'python_setup_py'
[0.179s] Level 1:colcon.colcon_core.package_identification:_identify(src/dynamixel_rdk/dynamixel-RDK/docs/images) by extensions ['ignore', 'ignore_ament_install']
[0.179s] Level 1:colcon.colcon_core.package_identification:_identify(src/dynamixel_rdk/dynamixel-RDK/docs/images) by extension 'ignore'
[0.179s] Level 1:colcon.colcon_core.package_identification:_identify(src/dynamixel_rdk/dynamixel-RDK/docs/images) by extension 'ignore_ament_install'
[0.180s] Level 1:colcon.colcon_core.package_identification:_identify(src/dynamixel_rdk/dynamixel-RDK/docs/images) by extensions ['colcon_pkg']
[0.180s] Level 1:colcon.colcon_core.package_identification:_identify(src/dynamixel_rdk/dynamixel-RDK/docs/images) by extension 'colcon_pkg'
[0.180s] Level 1:colcon.colcon_core.package_identification:_identify(src/dynamixel_rdk/dynamixel-RDK/docs/images) by extensions ['colcon_meta']
[0.180s] Level 1:colcon.colcon_core.package_identification:_identify(src/dynamixel_rdk/dynamixel-RDK/docs/images) by extension 'colcon_meta'
[0.180s] Level 1:colcon.colcon_core.package_identification:_identify(src/dynamixel_rdk/dynamixel-RDK/docs/images) by extensions ['ros']
[0.180s] Level 1:colcon.colcon_core.package_identification:_identify(src/dynamixel_rdk/dynamixel-RDK/docs/images) by extension 'ros'
[0.180s] Level 1:colcon.colcon_core.package_identification:_identify(src/dynamixel_rdk/dynamixel-RDK/docs/images) by extensions ['cmake', 'python']
[0.180s] Level 1:colcon.colcon_core.package_identification:_identify(src/dynamixel_rdk/dynamixel-RDK/docs/images) by extension 'cmake'
[0.180s] Level 1:colcon.colcon_core.package_identification:_identify(src/dynamixel_rdk/dynamixel-RDK/docs/images) by extension 'python'
[0.180s] Level 1:colcon.colcon_core.package_identification:_identify(src/dynamixel_rdk/dynamixel-RDK/docs/images) by extensions ['python_setup_py']
[0.180s] Level 1:colcon.colcon_core.package_identification:_identify(src/dynamixel_rdk/dynamixel-RDK/docs/images) by extension 'python_setup_py'
[0.180s] Level 1:colcon.colcon_core.package_identification:_identify(src/dynamixel_rdk/dynamixel-RDK/dynamixel_rdk_msgs) by extensions ['ignore', 'ignore_ament_install']
[0.180s] Level 1:colcon.colcon_core.package_identification:_identify(src/dynamixel_rdk/dynamixel-RDK/dynamixel_rdk_msgs) by extension 'ignore'
[0.180s] Level 1:colcon.colcon_core.package_identification:_identify(src/dynamixel_rdk/dynamixel-RDK/dynamixel_rdk_msgs) by extension 'ignore_ament_install'
[0.180s] Level 1:colcon.colcon_core.package_identification:_identify(src/dynamixel_rdk/dynamixel-RDK/dynamixel_rdk_msgs) by extensions ['colcon_pkg']
[0.180s] Level 1:colcon.colcon_core.package_identification:_identify(src/dynamixel_rdk/dynamixel-RDK/dynamixel_rdk_msgs) by extension 'colcon_pkg'
[0.180s] Level 1:colcon.colcon_core.package_identification:_identify(src/dynamixel_rdk/dynamixel-RDK/dynamixel_rdk_msgs) by extensions ['colcon_meta']
[0.180s] Level 1:colcon.colcon_core.package_identification:_identify(src/dynamixel_rdk/dynamixel-RDK/dynamixel_rdk_msgs) by extension 'colcon_meta'
[0.180s] Level 1:colcon.colcon_core.package_identification:_identify(src/dynamixel_rdk/dynamixel-RDK/dynamixel_rdk_msgs) by extensions ['ros']
[0.180s] Level 1:colcon.colcon_core.package_identification:_identify(src/dynamixel_rdk/dynamixel-RDK/dynamixel_rdk_msgs) by extension 'ros'
[0.182s] DEBUG:colcon.colcon_core.package_identification:Package 'src/dynamixel_rdk/dynamixel-RDK/dynamixel_rdk_msgs' with type 'ros.ament_cmake' and name 'dynamixel_rdk_msgs'
[0.182s] Level 1:colcon.colcon_core.package_identification:_identify(src/dynamixel_rdk/dynamixel-RDK/dynamixel_rdk_ros) by extensions ['ignore', 'ignore_ament_install']
[0.182s] Level 1:colcon.colcon_core.package_identification:_identify(src/dynamixel_rdk/dynamixel-RDK/dynamixel_rdk_ros) by extension 'ignore'
[0.182s] Level 1:colcon.colcon_core.package_identification:_identify(src/dynamixel_rdk/dynamixel-RDK/dynamixel_rdk_ros) by extension 'ignore_ament_install'
[0.182s] Level 1:colcon.colcon_core.package_identification:_identify(src/dynamixel_rdk/dynamixel-RDK/dynamixel_rdk_ros) by extensions ['colcon_pkg']
[0.182s] Level 1:colcon.colcon_core.package_identification:_identify(src/dynamixel_rdk/dynamixel-RDK/dynamixel_rdk_ros) by extension 'colcon_pkg'
[0.182s] Level 1:colcon.colcon_core.package_identification:_identify(src/dynamixel_rdk/dynamixel-RDK/dynamixel_rdk_ros) by extensions ['colcon_meta']
[0.182s] Level 1:colcon.colcon_core.package_identification:_identify(src/dynamixel_rdk/dynamixel-RDK/dynamixel_rdk_ros) by extension 'colcon_meta'
[0.182s] Level 1:colcon.colcon_core.package_identification:_identify(src/dynamixel_rdk/dynamixel-RDK/dynamixel_rdk_ros) by extensions ['ros']
[0.182s] Level 1:colcon.colcon_core.package_identification:_identify(src/dynamixel_rdk/dynamixel-RDK/dynamixel_rdk_ros) by extension 'ros'
[0.182s] DEBUG:colcon.colcon_core.package_identification:Package 'src/dynamixel_rdk/dynamixel-RDK/dynamixel_rdk_ros' with type 'ros.ament_cmake' and name 'dynamixel_rdk_ros'
[0.182s] Level 1:colcon.colcon_core.package_identification:_identify(src/ebimu) by extensions ['ignore', 'ignore_ament_install']
[0.182s] Level 1:colcon.colcon_core.package_identification:_identify(src/ebimu) by extension 'ignore'
[0.182s] Level 1:colcon.colcon_core.package_identification:_identify(src/ebimu) by extension 'ignore_ament_install'
[0.182s] Level 1:colcon.colcon_core.package_identification:_identify(src/ebimu) by extensions ['colcon_pkg']
[0.182s] Level 1:colcon.colcon_core.package_identification:_identify(src/ebimu) by extension 'colcon_pkg'
[0.183s] Level 1:colcon.colcon_core.package_identification:_identify(src/ebimu) by extensions ['colcon_meta']
[0.183s] Level 1:colcon.colcon_core.package_identification:_identify(src/ebimu) by extension 'colcon_meta'
[0.183s] Level 1:colcon.colcon_core.package_identification:_identify(src/ebimu) by extensions ['ros']
[0.183s] Level 1:colcon.colcon_core.package_identification:_identify(src/ebimu) by extension 'ros'
[0.183s] DEBUG:colcon.colcon_core.package_identification:Package 'src/ebimu' with type 'ros.ament_cmake' and name 'ebimu'
[0.183s] Level 1:colcon.colcon_core.package_identification:_identify(src/humanoid_interfaces) by extensions ['ignore', 'ignore_ament_install']
[0.183s] Level 1:colcon.colcon_core.package_identification:_identify(src/humanoid_interfaces) by extension 'ignore'
[0.183s] Level 1:colcon.colcon_core.package_identification:_identify(src/humanoid_interfaces) by extension 'ignore_ament_install'
[0.183s] Level 1:colcon.colcon_core.package_identification:_identify(src/humanoid_interfaces) by extensions ['colcon_pkg']
[0.183s] Level 1:colcon.colcon_core.package_identification:_identify(src/humanoid_interfaces) by extension 'colcon_pkg'
[0.183s] Level 1:colcon.colcon_core.package_identification:_identify(src/humanoid_interfaces) by extensions ['colcon_meta']
[0.183s] Level 1:colcon.colcon_core.package_identification:_identify(src/humanoid_interfaces) by extension 'colcon_meta'
[0.183s] Level 1:colcon.colcon_core.package_identification:_identify(src/humanoid_interfaces) by extensions ['ros']
[0.183s] Level 1:colcon.colcon_core.package_identification:_identify(src/humanoid_interfaces) by extension 'ros'
[0.184s] DEBUG:colcon.colcon_core.package_identification:Package 'src/humanoid_interfaces' with type 'ros.ament_cmake' and name 'humanoid_interfaces'
[0.184s] Level 1:colcon.colcon_core.package_identification:_identify(src/ik_walk) by extensions ['ignore', 'ignore_ament_install']
[0.184s] Level 1:colcon.colcon_core.package_identification:_identify(src/ik_walk) by extension 'ignore'
[0.184s] Level 1:colcon.colcon_core.package_identification:_identify(src/ik_walk) by extension 'ignore_ament_install'
[0.184s] Level 1:colcon.colcon_core.package_identification:_identify(src/ik_walk) by extensions ['colcon_pkg']
[0.184s] Level 1:colcon.colcon_core.package_identification:_identify(src/ik_walk) by extension 'colcon_pkg'
[0.184s] Level 1:colcon.colcon_core.package_identification:_identify(src/ik_walk) by extensions ['colcon_meta']
[0.184s] Level 1:colcon.colcon_core.package_identification:_identify(src/ik_walk) by extension 'colcon_meta'
[0.184s] Level 1:colcon.colcon_core.package_identification:_identify(src/ik_walk) by extensions ['ros']
[0.184s] Level 1:colcon.colcon_core.package_identification:_identify(src/ik_walk) by extension 'ros'
[0.184s] DEBUG:colcon.colcon_core.package_identification:Package 'src/ik_walk' with type 'ros.ament_cmake' and name 'ik_walk'
[0.184s] Level 1:colcon.colcon_core.package_identification:_identify(src/master_jo) by extensions ['ignore', 'ignore_ament_install']
[0.184s] Level 1:colcon.colcon_core.package_identification:_identify(src/master_jo) by extension 'ignore'
[0.184s] Level 1:colcon.colcon_core.package_identification:_identify(src/master_jo) by extension 'ignore_ament_install'
[0.184s] Level 1:colcon.colcon_core.package_identification:_identify(src/master_jo) by extensions ['colcon_pkg']
[0.184s] Level 1:colcon.colcon_core.package_identification:_identify(src/master_jo) by extension 'colcon_pkg'
[0.184s] Level 1:colcon.colcon_core.package_identification:_identify(src/master_jo) by extensions ['colcon_meta']
[0.184s] Level 1:colcon.colcon_core.package_identification:_identify(src/master_jo) by extension 'colcon_meta'
[0.184s] Level 1:colcon.colcon_core.package_identification:_identify(src/master_jo) by extensions ['ros']
[0.184s] Level 1:colcon.colcon_core.package_identification:_identify(src/master_jo) by extension 'ros'
[0.185s] DEBUG:colcon.colcon_core.package_identification:Package 'src/master_jo' with type 'ros.ament_cmake' and name 'master_jo'
[0.185s] Level 1:colcon.colcon_core.package_identification:_identify(src/motion_operator) by extensions ['ignore', 'ignore_ament_install']
[0.185s] Level 1:colcon.colcon_core.package_identification:_identify(src/motion_operator) by extension 'ignore'
[0.185s] Level 1:colcon.colcon_core.package_identification:_identify(src/motion_operator) by extension 'ignore_ament_install'
[0.185s] Level 1:colcon.colcon_core.package_identification:_identify(src/motion_operator) by extensions ['colcon_pkg']
[0.185s] Level 1:colcon.colcon_core.package_identification:_identify(src/motion_operator) by extension 'colcon_pkg'
[0.185s] Level 1:colcon.colcon_core.package_identification:_identify(src/motion_operator) by extensions ['colcon_meta']
[0.185s] Level 1:colcon.colcon_core.package_identification:_identify(src/motion_operator) by extension 'colcon_meta'
[0.185s] Level 1:colcon.colcon_core.package_identification:_identify(src/motion_operator) by extensions ['ros']
[0.185s] Level 1:colcon.colcon_core.package_identification:_identify(src/motion_operator) by extension 'ros'
[0.185s] Level 1:colcon.colcon_core.package_identification:_identify(src/motion_operator) by extensions ['cmake', 'python']
[0.185s] Level 1:colcon.colcon_core.package_identification:_identify(src/motion_operator) by extension 'cmake'
[0.185s] Level 1:colcon.colcon_core.package_identification:_identify(src/motion_operator) by extension 'python'
[0.185s] Level 1:colcon.colcon_core.package_identification:_identify(src/motion_operator) by extensions ['python_setup_py']
[0.185s] Level 1:colcon.colcon_core.package_identification:_identify(src/motion_operator) by extension 'python_setup_py'
[0.185s] Level 1:colcon.colcon_core.package_identification:_identify(src/ocam_ros2) by extensions ['ignore', 'ignore_ament_install']
[0.185s] Level 1:colcon.colcon_core.package_identification:_identify(src/ocam_ros2) by extension 'ignore'
[0.185s] Level 1:colcon.colcon_core.package_identification:_identify(src/ocam_ros2) by extension 'ignore_ament_install'
[0.185s] Level 1:colcon.colcon_core.package_identification:_identify(src/ocam_ros2) by extensions ['colcon_pkg']
[0.185s] Level 1:colcon.colcon_core.package_identification:_identify(src/ocam_ros2) by extension 'colcon_pkg'
[0.185s] Level 1:colcon.colcon_core.package_identification:_identify(src/ocam_ros2) by extensions ['colcon_meta']
[0.185s] Level 1:colcon.colcon_core.package_identification:_identify(src/ocam_ros2) by extension 'colcon_meta'
[0.185s] Level 1:colcon.colcon_core.package_identification:_identify(src/ocam_ros2) by extensions ['ros']
[0.185s] Level 1:colcon.colcon_core.package_identification:_identify(src/ocam_ros2) by extension 'ros'
[0.186s] DEBUG:colcon.colcon_core.package_identification:Package 'src/ocam_ros2' with type 'ros.ament_cmake' and name 'ocam_ros2'
[0.186s] Level 1:colcon.colcon_core.package_identification:_identify(src/robocup_vision25) by extensions ['ignore', 'ignore_ament_install']
[0.186s] Level 1:colcon.colcon_core.package_identification:_identify(src/robocup_vision25) by extension 'ignore'
[0.186s] Level 1:colcon.colcon_core.package_identification:_identify(src/robocup_vision25) by extension 'ignore_ament_install'
[0.186s] Level 1:colcon.colcon_core.package_identification:_identify(src/robocup_vision25) by extensions ['colcon_pkg']
[0.186s] Level 1:colcon.colcon_core.package_identification:_identify(src/robocup_vision25) by extension 'colcon_pkg'
[0.186s] Level 1:colcon.colcon_core.package_identification:_identify(src/robocup_vision25) by extensions ['colcon_meta']
[0.186s] Level 1:colcon.colcon_core.package_identification:_identify(src/robocup_vision25) by extension 'colcon_meta'
[0.186s] Level 1:colcon.colcon_core.package_identification:_identify(src/robocup_vision25) by extensions ['ros']
[0.186s] Level 1:colcon.colcon_core.package_identification:_identify(src/robocup_vision25) by extension 'ros'
[0.186s] DEBUG:colcon.colcon_core.package_identification:Package 'src/robocup_vision25' with type 'ros.ament_cmake' and name 'robocup_vision25'
[0.186s] Level 1:colcon.colcon_core.package_identification:_identify(src/tune_walk) by extensions ['ignore', 'ignore_ament_install']
[0.187s] Level 1:colcon.colcon_core.package_identification:_identify(src/tune_walk) by extension 'ignore'
[0.187s] Level 1:colcon.colcon_core.package_identification:_identify(src/tune_walk) by extension 'ignore_ament_install'
[0.187s] Level 1:colcon.colcon_core.package_identification:_identify(src/tune_walk) by extensions ['colcon_pkg']
[0.187s] Level 1:colcon.colcon_core.package_identification:_identify(src/tune_walk) by extension 'colcon_pkg'
[0.187s] Level 1:colcon.colcon_core.package_identification:_identify(src/tune_walk) by extensions ['colcon_meta']
[0.187s] Level 1:colcon.colcon_core.package_identification:_identify(src/tune_walk) by extension 'colcon_meta'
[0.187s] Level 1:colcon.colcon_core.package_identification:_identify(src/tune_walk) by extensions ['ros']
[0.187s] Level 1:colcon.colcon_core.package_identification:_identify(src/tune_walk) by extension 'ros'
[0.187s] DEBUG:colcon.colcon_core.package_identification:Package 'src/tune_walk' with type 'ros.ament_cmake' and name 'tune_walk'
[0.187s] Level 1:colcon.colcon_core.package_discovery:discover_packages(recursive) using defaults
[0.187s] Level 1:colcon.colcon_core.package_discovery:discover_packages(ignore) discover
[0.187s] Level 1:colcon.colcon_core.package_discovery:discover_packages(ignore) using defaults
[0.187s] Level 1:colcon.colcon_core.package_discovery:discover_packages(path) discover
[0.187s] Level 1:colcon.colcon_core.package_discovery:discover_packages(path) using defaults
[0.218s] INFO:colcon.colcon_core.package_selection:Skipping not selected package 'dynamixel_rdk_msgs' in 'src/dynamixel_rdk/dynamixel-RDK/dynamixel_rdk_msgs'
[0.218s] INFO:colcon.colcon_core.package_selection:Skipping not selected package 'humanoid_interfaces' in 'src/humanoid_interfaces'
[0.218s] INFO:colcon.colcon_core.package_selection:Skipping not selected package 'master_jo' in 'src/master_jo'
[0.218s] INFO:colcon.colcon_core.package_selection:Skipping not selected package 'ocam_ros2' in 'src/ocam_ros2'
[0.218s] INFO:colcon.colcon_core.package_selection:Skipping not selected package 'robocup_vision25' in 'src/robocup_vision25'
[0.218s] INFO:colcon.colcon_core.package_selection:Skipping not selected package 'dynamixel_rdk_ros' in 'src/dynamixel_rdk/dynamixel-RDK/dynamixel_rdk_ros'
[0.218s] INFO:colcon.colcon_core.package_selection:Skipping not selected package 'ebimu' in 'src/ebimu'
[0.218s] INFO:colcon.colcon_core.package_selection:Skipping not selected package 'ik_walk' in 'src/ik_walk'
[0.218s] Level 1:colcon.colcon_core.package_discovery:discover_packages(prefix_path) check parameters
[0.218s] Level 1:colcon.colcon_core.package_discovery:discover_packages(prefix_path) discover
[0.220s] DEBUG:colcon.colcon_installed_package_information.package_discovery:Found 326 installed packages in /opt/ros/humble
[0.221s] Level 1:colcon.colcon_core.package_discovery:discover_packages(prefix_path) using defaults
[0.246s] Level 5:colcon.colcon_core.verb:set package 'tune_walk' build argument 'cmake_args' from command line to 'None'
[0.246s] Level 5:colcon.colcon_core.verb:set package 'tune_walk' build argument 'cmake_target' from command line to 'None'
[0.246s] Level 5:colcon.colcon_core.verb:set package 'tune_walk' build argument 'cmake_target_skip_unavailable' from command line to 'False'
[0.246s] Level 5:colcon.colcon_core.verb:set package 'tune_walk' build argument 'cmake_clean_cache' from command line to 'False'
[0.246s] Level 5:colcon.colcon_core.verb:set package 'tune_walk' build argument 'cmake_clean_first' from command line to 'False'
[0.246s] Level 5:colcon.colcon_core.verb:set package 'tune_walk' build argument 'cmake_force_configure' from command line to 'False'
[0.246s] Level 5:colcon.colcon_core.verb:set package 'tune_walk' build argument 'ament_cmake_args' from command line to 'None'
[0.246s] Level 5:colcon.colcon_core.verb:set package 'tune_walk' build argument 'catkin_cmake_args' from command line to 'None'
[0.246s] Level 5:colcon.colcon_core.verb:set package 'tune_walk' build argument 'catkin_skip_building_tests' from command line to 'False'
[0.246s] DEBUG:colcon.colcon_core.verb:Building package 'tune_walk' with the following arguments: {'ament_cmake_args': None, 'build_base': '/home/kmj/colcon_ws/build/tune_walk', 'catkin_cmake_args': None, 'catkin_skip_building_tests': False, 'cmake_args': None, 'cmake_clean_cache': False, 'cmake_clean_first': False, 'cmake_force_configure': False, 'cmake_target': None, 'cmake_target_skip_unavailable': False, 'install_base': '/home/kmj/colcon_ws/install/tune_walk', 'merge_install': False, 'path': '/home/kmj/colcon_ws/src/tune_walk', 'symlink_install': False, 'test_result_base': None}
[0.246s] INFO:colcon.colcon_core.executor:Executing jobs using 'parallel' executor
[0.247s] DEBUG:colcon.colcon_parallel_executor.executor.parallel:run_until_complete
[0.247s] INFO:colcon.colcon_ros.task.ament_cmake.build:Building ROS package in '/home/kmj/colcon_ws/src/tune_walk' with build type 'ament_cmake'
[0.248s] INFO:colcon.colcon_cmake.task.cmake.build:Building CMake package in '/home/kmj/colcon_ws/src/tune_walk'
[0.249s] INFO:colcon.colcon_core.plugin_system:Skipping extension 'colcon_core.shell.bat': Not used on non-Windows systems
[0.250s] INFO:colcon.colcon_core.shell:Skip shell extension 'powershell' for command environment: Not usable outside of PowerShell
[0.250s] DEBUG:colcon.colcon_core.shell:Skip shell extension 'dsv' for command environment
[0.261s] DEBUG:colcon.colcon_core.event_handler.log_command:Invoking command in '/home/kmj/colcon_ws/build/tune_walk': AMENT_PREFIX_PATH=/home/kmj/colcon_ws/install/humanoid_interfaces:${AMENT_PREFIX_PATH} CMAKE_PREFIX_PATH=/home/kmj/colcon_ws/install/humanoid_interfaces:/home/kmj/Qt/6.9.2/gcc_64:/opt/ros/humble LD_LIBRARY_PATH=/home/kmj/colcon_ws/install/humanoid_interfaces/lib:${LD_LIBRARY_PATH} PYTHONPATH=/home/kmj/colcon_ws/install/humanoid_interfaces/local/lib/python3.10/dist-packages:${PYTHONPATH} /usr/bin/cmake --build /home/kmj/colcon_ws/build/tune_walk -- -j16 -l16
[7.497s] DEBUG:colcon.colcon_core.event_handler.log_command:Invoked command in '/home/kmj/colcon_ws/build/tune_walk' returned '0': AMENT_PREFIX_PATH=/home/kmj/colcon_ws/install/humanoid_interfaces:${AMENT_PREFIX_PATH} CMAKE_PREFIX_PATH=/home/kmj/colcon_ws/install/humanoid_interfaces:/home/kmj/Qt/6.9.2/gcc_64:/opt/ros/humble LD_LIBRARY_PATH=/home/kmj/colcon_ws/install/humanoid_interfaces/lib:${LD_LIBRARY_PATH} PYTHONPATH=/home/kmj/colcon_ws/install/humanoid_interfaces/local/lib/python3.10/dist-packages:${PYTHONPATH} /usr/bin/cmake --build /home/kmj/colcon_ws/build/tune_walk -- -j16 -l16
[7.508s] DEBUG:colcon.colcon_core.event_handler.log_command:Invoking command in '/home/kmj/colcon_ws/build/tune_walk': AMENT_PREFIX_PATH=/home/kmj/colcon_ws/install/humanoid_interfaces:${AMENT_PREFIX_PATH} CMAKE_PREFIX_PATH=/home/kmj/colcon_ws/install/humanoid_interfaces:/home/kmj/Qt/6.9.2/gcc_64:/opt/ros/humble LD_LIBRARY_PATH=/home/kmj/colcon_ws/install/humanoid_interfaces/lib:${LD_LIBRARY_PATH} PYTHONPATH=/home/kmj/colcon_ws/install/humanoid_interfaces/local/lib/python3.10/dist-packages:${PYTHONPATH} /usr/bin/cmake --install /home/kmj/colcon_ws/build/tune_walk
[7.531s] Level 1:colcon.colcon_core.environment:create_environment_scripts_only(tune_walk)
[7.531s] DEBUG:colcon.colcon_core.event_handler.log_command:Invoked command in '/home/kmj/colcon_ws/build/tune_walk' returned '0': AMENT_PREFIX_PATH=/home/kmj/colcon_ws/install/humanoid_interfaces:${AMENT_PREFIX_PATH} CMAKE_PREFIX_PATH=/home/kmj/colcon_ws/install/humanoid_interfaces:/home/kmj/Qt/6.9.2/gcc_64:/opt/ros/humble LD_LIBRARY_PATH=/home/kmj/colcon_ws/install/humanoid_interfaces/lib:${LD_LIBRARY_PATH} PYTHONPATH=/home/kmj/colcon_ws/install/humanoid_interfaces/local/lib/python3.10/dist-packages:${PYTHONPATH} /usr/bin/cmake --install /home/kmj/colcon_ws/build/tune_walk
[7.532s] Level 1:colcon.colcon_core.environment:checking '/home/kmj/colcon_ws/install/tune_walk' for CMake module files
[7.533s] Level 1:colcon.colcon_core.environment:checking '/home/kmj/colcon_ws/install/tune_walk' for CMake config files
[7.533s] Level 1:colcon.colcon_core.shell:create_environment_hook('tune_walk', 'cmake_prefix_path')
[7.533s] INFO:colcon.colcon_core.shell:Creating environment hook '/home/kmj/colcon_ws/install/tune_walk/share/tune_walk/hook/cmake_prefix_path.ps1'
[7.533s] INFO:colcon.colcon_core.shell:Creating environment descriptor '/home/kmj/colcon_ws/install/tune_walk/share/tune_walk/hook/cmake_prefix_path.dsv'
[7.534s] INFO:colcon.colcon_core.shell:Creating environment hook '/home/kmj/colcon_ws/install/tune_walk/share/tune_walk/hook/cmake_prefix_path.sh'
[7.534s] Level 1:colcon.colcon_core.environment:checking '/home/kmj/colcon_ws/install/tune_walk/lib'
[7.534s] Level 1:colcon.colcon_core.environment:checking '/home/kmj/colcon_ws/install/tune_walk/bin'
[7.534s] Level 1:colcon.colcon_core.environment:checking '/home/kmj/colcon_ws/install/tune_walk/lib/pkgconfig/tune_walk.pc'
[7.534s] Level 1:colcon.colcon_core.environment:checking '/home/kmj/colcon_ws/install/tune_walk/lib/python3.10/site-packages'
[7.535s] Level 1:colcon.colcon_core.environment:checking '/home/kmj/colcon_ws/install/tune_walk/bin'
[7.535s] INFO:colcon.colcon_core.shell:Creating package script '/home/kmj/colcon_ws/install/tune_walk/share/tune_walk/package.ps1'
[7.535s] INFO:colcon.colcon_core.shell:Creating package descriptor '/home/kmj/colcon_ws/install/tune_walk/share/tune_walk/package.dsv'
[7.535s] INFO:colcon.colcon_core.shell:Creating package script '/home/kmj/colcon_ws/install/tune_walk/share/tune_walk/package.sh'
[7.536s] INFO:colcon.colcon_core.shell:Creating package script '/home/kmj/colcon_ws/install/tune_walk/share/tune_walk/package.bash'
[7.536s] INFO:colcon.colcon_core.shell:Creating package script '/home/kmj/colcon_ws/install/tune_walk/share/tune_walk/package.zsh'
[7.537s] Level 1:colcon.colcon_core.environment:create_file_with_runtime_dependencies(/home/kmj/colcon_ws/install/tune_walk/share/colcon-core/packages/tune_walk)
[7.537s] Level 1:colcon.colcon_core.environment:create_environment_scripts_only(tune_walk)
[7.537s] Level 1:colcon.colcon_core.environment:checking '/home/kmj/colcon_ws/install/tune_walk' for CMake module files
[7.537s] Level 1:colcon.colcon_core.environment:checking '/home/kmj/colcon_ws/install/tune_walk' for CMake config files
[7.537s] Level 1:colcon.colcon_core.shell:create_environment_hook('tune_walk', 'cmake_prefix_path')
[7.537s] INFO:colcon.colcon_core.shell:Creating environment hook '/home/kmj/colcon_ws/install/tune_walk/share/tune_walk/hook/cmake_prefix_path.ps1'
[7.538s] INFO:colcon.colcon_core.shell:Creating environment descriptor '/home/kmj/colcon_ws/install/tune_walk/share/tune_walk/hook/cmake_prefix_path.dsv'
[7.538s] INFO:colcon.colcon_core.shell:Creating environment hook '/home/kmj/colcon_ws/install/tune_walk/share/tune_walk/hook/cmake_prefix_path.sh'
[7.538s] Level 1:colcon.colcon_core.environment:checking '/home/kmj/colcon_ws/install/tune_walk/lib'
[7.538s] Level 1:colcon.colcon_core.environment:checking '/home/kmj/colcon_ws/install/tune_walk/bin'
[7.538s] Level 1:colcon.colcon_core.environment:checking '/home/kmj/colcon_ws/install/tune_walk/lib/pkgconfig/tune_walk.pc'
[7.539s] Level 1:colcon.colcon_core.environment:checking '/home/kmj/colcon_ws/install/tune_walk/lib/python3.10/site-packages'
[7.539s] Level 1:colcon.colcon_core.environment:checking '/home/kmj/colcon_ws/install/tune_walk/bin'
[7.539s] INFO:colcon.colcon_core.shell:Creating package script '/home/kmj/colcon_ws/install/tune_walk/share/tune_walk/package.ps1'
[7.539s] INFO:colcon.colcon_core.shell:Creating package descriptor '/home/kmj/colcon_ws/install/tune_walk/share/tune_walk/package.dsv'
[7.539s] INFO:colcon.colcon_core.shell:Creating package script '/home/kmj/colcon_ws/install/tune_walk/share/tune_walk/package.sh'
[7.540s] INFO:colcon.colcon_core.shell:Creating package script '/home/kmj/colcon_ws/install/tune_walk/share/tune_walk/package.bash'
[7.540s] INFO:colcon.colcon_core.shell:Creating package script '/home/kmj/colcon_ws/install/tune_walk/share/tune_walk/package.zsh'
[7.540s] Level 1:colcon.colcon_core.environment:create_file_with_runtime_dependencies(/home/kmj/colcon_ws/install/tune_walk/share/colcon-core/packages/tune_walk)
[7.540s] DEBUG:colcon.colcon_parallel_executor.executor.parallel:closing loop
[7.540s] DEBUG:colcon.colcon_parallel_executor.executor.parallel:loop closed
[7.540s] DEBUG:colcon.colcon_parallel_executor.executor.parallel:run_until_complete finished with '0'
[7.540s] DEBUG:colcon.colcon_core.event_reactor:joining thread
[7.569s] INFO:colcon.colcon_core.plugin_system:Skipping extension 'colcon_notification.desktop_notification.terminal_notifier': Not used on non-Darwin systems
[7.569s] INFO:colcon.colcon_core.plugin_system:Skipping extension 'colcon_notification.desktop_notification.win32': Not used on non-Windows systems
[7.569s] INFO:colcon.colcon_notification.desktop_notification:Sending desktop notification using 'notify2'
[7.577s] DEBUG:colcon.colcon_core.event_reactor:joined thread
[7.578s] INFO:colcon.colcon_core.shell:Creating prefix script '/home/kmj/colcon_ws/install/local_setup.ps1'
[7.579s] INFO:colcon.colcon_core.shell:Creating prefix util module '/home/kmj/colcon_ws/install/_local_setup_util_ps1.py'
[7.579s] INFO:colcon.colcon_core.shell:Creating prefix chain script '/home/kmj/colcon_ws/install/setup.ps1'
[7.580s] INFO:colcon.colcon_core.shell:Creating prefix script '/home/kmj/colcon_ws/install/local_setup.sh'
[7.580s] INFO:colcon.colcon_core.shell:Creating prefix util module '/home/kmj/colcon_ws/install/_local_setup_util_sh.py'
[7.581s] INFO:colcon.colcon_core.shell:Creating prefix chain script '/home/kmj/colcon_ws/install/setup.sh'
[7.582s] INFO:colcon.colcon_core.shell:Creating prefix script '/home/kmj/colcon_ws/install/local_setup.bash'
[7.582s] INFO:colcon.colcon_core.shell:Creating prefix chain script '/home/kmj/colcon_ws/install/setup.bash'
[7.582s] INFO:colcon.colcon_core.shell:Creating prefix script '/home/kmj/colcon_ws/install/local_setup.zsh'
[7.583s] INFO:colcon.colcon_core.shell:Creating prefix chain script '/home/kmj/colcon_ws/install/setup.zsh'
