[0.009s] Invoking command in '/home/kmj/colcon_ws/build/dynamixel_rdk_ros': AMENT_PREFIX_PATH=/home/kmj/colcon_ws/install/dynamixel_rdk_msgs:${AMENT_PREFIX_PATH} CMAKE_PREFIX_PATH=/home/kmj/colcon_ws/install/dynamixel_rdk_msgs:/home/kmj/Qt/6.9.2/gcc_64:/opt/ros/humble LD_LIBRARY_PATH=/home/kmj/colcon_ws/install/dynamixel_rdk_msgs/lib:${LD_LIBRARY_PATH} PYTHONPATH=/home/kmj/colcon_ws/install/dynamixel_rdk_msgs/local/lib/python3.10/dist-packages:${PYTHONPATH} /usr/bin/cmake --build /home/kmj/colcon_ws/build/dynamixel_rdk_ros -- -j16 -l16
[0.048s] [35m[1mConsolidate compiler generated dependencies of target dynamixel_rdk_node[0m
[0.067s] [100%] Built target dynamixel_rdk_node
[0.079s] Invoked command in '/home/kmj/colcon_ws/build/dynamixel_rdk_ros' returned '0': AMENT_PREFIX_PATH=/home/kmj/colcon_ws/install/dynamixel_rdk_msgs:${AMENT_PREFIX_PATH} CMAKE_PREFIX_PATH=/home/kmj/colcon_ws/install/dynamixel_rdk_msgs:/home/kmj/Qt/6.9.2/gcc_64:/opt/ros/humble LD_LIBRARY_PATH=/home/kmj/colcon_ws/install/dynamixel_rdk_msgs/lib:${LD_LIBRARY_PATH} PYTHONPATH=/home/kmj/colcon_ws/install/dynamixel_rdk_msgs/local/lib/python3.10/dist-packages:${PYTHONPATH} /usr/bin/cmake --build /home/kmj/colcon_ws/build/dynamixel_rdk_ros -- -j16 -l16
[0.081s] Invoking command in '/home/kmj/colcon_ws/build/dynamixel_rdk_ros': AMENT_PREFIX_PATH=/home/kmj/colcon_ws/install/dynamixel_rdk_msgs:${AMENT_PREFIX_PATH} CMAKE_PREFIX_PATH=/home/kmj/colcon_ws/install/dynamixel_rdk_msgs:/home/kmj/Qt/6.9.2/gcc_64:/opt/ros/humble LD_LIBRARY_PATH=/home/kmj/colcon_ws/install/dynamixel_rdk_msgs/lib:${LD_LIBRARY_PATH} PYTHONPATH=/home/kmj/colcon_ws/install/dynamixel_rdk_msgs/local/lib/python3.10/dist-packages:${PYTHONPATH} /usr/bin/cmake --install /home/kmj/colcon_ws/build/dynamixel_rdk_ros
[0.087s] -- Install configuration: ""
[0.087s] -- Up-to-date: /home/kmj/colcon_ws/install/dynamixel_rdk_ros/share/dynamixel_rdk_ros//config
[0.088s] -- Up-to-date: /home/kmj/colcon_ws/install/dynamixel_rdk_ros/share/dynamixel_rdk_ros//config/dynamixel.yaml
[0.088s] -- Up-to-date: /home/kmj/colcon_ws/install/dynamixel_rdk_ros/share/dynamixel_rdk_ros//launch
[0.088s] -- Up-to-date: /home/kmj/colcon_ws/install/dynamixel_rdk_ros/share/dynamixel_rdk_ros//launch/dynamixel_rdk.launch.py
[0.088s] -- Up-to-date: /home/kmj/colcon_ws/install/dynamixel_rdk_ros/lib/dynamixel_rdk_ros/dynamixel_rdk_node
[0.088s] -- Up-to-date: /home/kmj/colcon_ws/install/dynamixel_rdk_ros/share/ament_index/resource_index/package_run_dependencies/dynamixel_rdk_ros
[0.088s] -- Up-to-date: /home/kmj/colcon_ws/install/dynamixel_rdk_ros/share/ament_index/resource_index/parent_prefix_path/dynamixel_rdk_ros
[0.088s] -- Up-to-date: /home/kmj/colcon_ws/install/dynamixel_rdk_ros/share/dynamixel_rdk_ros/environment/ament_prefix_path.sh
[0.088s] -- Up-to-date: /home/kmj/colcon_ws/install/dynamixel_rdk_ros/share/dynamixel_rdk_ros/environment/ament_prefix_path.dsv
[0.088s] -- Up-to-date: /home/kmj/colcon_ws/install/dynamixel_rdk_ros/share/dynamixel_rdk_ros/environment/path.sh
[0.088s] -- Up-to-date: /home/kmj/colcon_ws/install/dynamixel_rdk_ros/share/dynamixel_rdk_ros/environment/path.dsv
[0.088s] -- Up-to-date: /home/kmj/colcon_ws/install/dynamixel_rdk_ros/share/dynamixel_rdk_ros/local_setup.bash
[0.088s] -- Up-to-date: /home/kmj/colcon_ws/install/dynamixel_rdk_ros/share/dynamixel_rdk_ros/local_setup.sh
[0.089s] -- Up-to-date: /home/kmj/colcon_ws/install/dynamixel_rdk_ros/share/dynamixel_rdk_ros/local_setup.zsh
[0.089s] -- Up-to-date: /home/kmj/colcon_ws/install/dynamixel_rdk_ros/share/dynamixel_rdk_ros/local_setup.dsv
[0.089s] -- Installing: /home/kmj/colcon_ws/install/dynamixel_rdk_ros/share/dynamixel_rdk_ros/package.dsv
[0.089s] -- Up-to-date: /home/kmj/colcon_ws/install/dynamixel_rdk_ros/share/ament_index/resource_index/packages/dynamixel_rdk_ros
[0.089s] -- Up-to-date: /home/kmj/colcon_ws/install/dynamixel_rdk_ros/share/dynamixel_rdk_ros/cmake/dynamixel_rdk_rosConfig.cmake
[0.089s] -- Up-to-date: /home/kmj/colcon_ws/install/dynamixel_rdk_ros/share/dynamixel_rdk_ros/cmake/dynamixel_rdk_rosConfig-version.cmake
[0.089s] -- Up-to-date: /home/kmj/colcon_ws/install/dynamixel_rdk_ros/share/dynamixel_rdk_ros/package.xml
[0.090s] Invoked command in '/home/kmj/colcon_ws/build/dynamixel_rdk_ros' returned '0': AMENT_PREFIX_PATH=/home/kmj/colcon_ws/install/dynamixel_rdk_msgs:${AMENT_PREFIX_PATH} CMAKE_PREFIX_PATH=/home/kmj/colcon_ws/install/dynamixel_rdk_msgs:/home/kmj/Qt/6.9.2/gcc_64:/opt/ros/humble LD_LIBRARY_PATH=/home/kmj/colcon_ws/install/dynamixel_rdk_msgs/lib:${LD_LIBRARY_PATH} PYTHONPATH=/home/kmj/colcon_ws/install/dynamixel_rdk_msgs/local/lib/python3.10/dist-packages:${PYTHONPATH} /usr/bin/cmake --install /home/kmj/colcon_ws/build/dynamixel_rdk_ros
