[0.008s] Invoking command in '/home/kmj/colcon_ws/build/tune_walk': CMAKE_PREFIX_PATH=/home/kmj/colcon_ws/install/humanoid_interfaces:/home/kmj/colcon_ws/install/tune_walk:/home/kmj/colcon_ws/install/master_jo:/home/kmj/colcon_ws/install/dynamixel_rdk_ros:/home/kmj/colcon_ws/install/dynamixel_rdk_msgs:/home/kmj/Qt/6.9.2/gcc_64:/opt/ros/humble /usr/bin/cmake --build /home/kmj/colcon_ws/build/tune_walk -- -j16 -l16
[0.063s] [100%] Built target tune_walk
[0.074s] Invoked command in '/home/kmj/colcon_ws/build/tune_walk' returned '0': CMAKE_PREFIX_PATH=/home/kmj/colcon_ws/install/humanoid_interfaces:/home/kmj/colcon_ws/install/tune_walk:/home/kmj/colcon_ws/install/master_jo:/home/kmj/colcon_ws/install/dynamixel_rdk_ros:/home/kmj/colcon_ws/install/dynamixel_rdk_msgs:/home/kmj/Qt/6.9.2/gcc_64:/opt/ros/humble /usr/bin/cmake --build /home/kmj/colcon_ws/build/tune_walk -- -j16 -l16
[0.075s] Invoking command in '/home/kmj/colcon_ws/build/tune_walk': CMAKE_PREFIX_PATH=/home/kmj/colcon_ws/install/humanoid_interfaces:/home/kmj/colcon_ws/install/tune_walk:/home/kmj/colcon_ws/install/master_jo:/home/kmj/colcon_ws/install/dynamixel_rdk_ros:/home/kmj/colcon_ws/install/dynamixel_rdk_msgs:/home/kmj/Qt/6.9.2/gcc_64:/opt/ros/humble /usr/bin/cmake --install /home/kmj/colcon_ws/build/tune_walk
[0.080s] -- Install configuration: ""
[0.080s] -- Up-to-date: /home/kmj/colcon_ws/install/tune_walk/lib/tune_walk/tune_walk
[0.081s] -- Up-to-date: /home/kmj/colcon_ws/install/tune_walk/share/ament_index/resource_index/package_run_dependencies/tune_walk
[0.081s] -- Up-to-date: /home/kmj/colcon_ws/install/tune_walk/share/ament_index/resource_index/parent_prefix_path/tune_walk
[0.081s] -- Up-to-date: /home/kmj/colcon_ws/install/tune_walk/share/tune_walk/environment/ament_prefix_path.sh
[0.081s] -- Up-to-date: /home/kmj/colcon_ws/install/tune_walk/share/tune_walk/environment/ament_prefix_path.dsv
[0.081s] -- Up-to-date: /home/kmj/colcon_ws/install/tune_walk/share/tune_walk/environment/path.sh
[0.081s] -- Up-to-date: /home/kmj/colcon_ws/install/tune_walk/share/tune_walk/environment/path.dsv
[0.081s] -- Up-to-date: /home/kmj/colcon_ws/install/tune_walk/share/tune_walk/local_setup.bash
[0.081s] -- Up-to-date: /home/kmj/colcon_ws/install/tune_walk/share/tune_walk/local_setup.sh
[0.081s] -- Up-to-date: /home/kmj/colcon_ws/install/tune_walk/share/tune_walk/local_setup.zsh
[0.081s] -- Up-to-date: /home/kmj/colcon_ws/install/tune_walk/share/tune_walk/local_setup.dsv
[0.081s] -- Installing: /home/kmj/colcon_ws/install/tune_walk/share/tune_walk/package.dsv
[0.081s] -- Up-to-date: /home/kmj/colcon_ws/install/tune_walk/share/ament_index/resource_index/packages/tune_walk
[0.081s] -- Up-to-date: /home/kmj/colcon_ws/install/tune_walk/share/tune_walk/cmake/tune_walkConfig.cmake
[0.081s] -- Up-to-date: /home/kmj/colcon_ws/install/tune_walk/share/tune_walk/cmake/tune_walkConfig-version.cmake
[0.081s] -- Up-to-date: /home/kmj/colcon_ws/install/tune_walk/share/tune_walk/package.xml
[0.083s] Invoked command in '/home/kmj/colcon_ws/build/tune_walk' returned '0': CMAKE_PREFIX_PATH=/home/kmj/colcon_ws/install/humanoid_interfaces:/home/kmj/colcon_ws/install/tune_walk:/home/kmj/colcon_ws/install/master_jo:/home/kmj/colcon_ws/install/dynamixel_rdk_ros:/home/kmj/colcon_ws/install/dynamixel_rdk_msgs:/home/kmj/Qt/6.9.2/gcc_64:/opt/ros/humble /usr/bin/cmake --install /home/kmj/colcon_ws/build/tune_walk
