[0.013s] Invoking command in '/home/kmj/colcon_ws/build/tune_walk': CMAKE_PREFIX_PATH=/home/kmj/colcon_ws/install/humanoid_interfaces:/home/kmj/colcon_ws/install/master_jo:/home/kmj/Qt/6.9.2/gcc_64:/opt/ros/humble /usr/bin/cmake --build /home/kmj/colcon_ws/build/tune_walk -- -j16 -l16
[0.080s] [35m[1mConsolidate compiler generated dependencies of target tune_walk[0m
[0.131s] [100%] Built target tune_walk
[0.149s] Invoked command in '/home/kmj/colcon_ws/build/tune_walk' returned '0': CMAKE_PREFIX_PATH=/home/kmj/colcon_ws/install/humanoid_interfaces:/home/kmj/colcon_ws/install/master_jo:/home/kmj/Qt/6.9.2/gcc_64:/opt/ros/humble /usr/bin/cmake --build /home/kmj/colcon_ws/build/tune_walk -- -j16 -l16
[0.166s] Invoking command in '/home/kmj/colcon_ws/build/tune_walk': CMAKE_PREFIX_PATH=/home/kmj/colcon_ws/install/humanoid_interfaces:/home/kmj/colcon_ws/install/master_jo:/home/kmj/Qt/6.9.2/gcc_64:/opt/ros/humble /usr/bin/cmake --install /home/kmj/colcon_ws/build/tune_walk
[0.177s] -- Install configuration: ""
[0.177s] -- Up-to-date: /home/kmj/colcon_ws/install/tune_walk/lib/tune_walk/tune_walk
[0.177s] -- Up-to-date: /home/kmj/colcon_ws/install/tune_walk/share/ament_index/resource_index/package_run_dependencies/tune_walk
[0.177s] -- Up-to-date: /home/kmj/colcon_ws/install/tune_walk/share/ament_index/resource_index/parent_prefix_path/tune_walk
[0.177s] -- Up-to-date: /home/kmj/colcon_ws/install/tune_walk/share/tune_walk/environment/ament_prefix_path.sh
[0.178s] -- Up-to-date: /home/kmj/colcon_ws/install/tune_walk/share/tune_walk/environment/ament_prefix_path.dsv
[0.178s] -- Up-to-date: /home/kmj/colcon_ws/install/tune_walk/share/tune_walk/environment/path.sh
[0.178s] -- Up-to-date: /home/kmj/colcon_ws/install/tune_walk/share/tune_walk/environment/path.dsv
[0.178s] -- Up-to-date: /home/kmj/colcon_ws/install/tune_walk/share/tune_walk/local_setup.bash
[0.178s] -- Up-to-date: /home/kmj/colcon_ws/install/tune_walk/share/tune_walk/local_setup.sh
[0.178s] -- Up-to-date: /home/kmj/colcon_ws/install/tune_walk/share/tune_walk/local_setup.zsh
[0.178s] -- Up-to-date: /home/kmj/colcon_ws/install/tune_walk/share/tune_walk/local_setup.dsv
[0.178s] -- Installing: /home/kmj/colcon_ws/install/tune_walk/share/tune_walk/package.dsv
[0.178s] -- Up-to-date: /home/kmj/colcon_ws/install/tune_walk/share/ament_index/resource_index/packages/tune_walk
[0.178s] -- Up-to-date: /home/kmj/colcon_ws/install/tune_walk/share/tune_walk/cmake/tune_walkConfig.cmake
[0.178s] -- Up-to-date: /home/kmj/colcon_ws/install/tune_walk/share/tune_walk/cmake/tune_walkConfig-version.cmake
[0.178s] -- Up-to-date: /home/kmj/colcon_ws/install/tune_walk/share/tune_walk/package.xml
[0.181s] Invoked command in '/home/kmj/colcon_ws/build/tune_walk' returned '0': CMAKE_PREFIX_PATH=/home/kmj/colcon_ws/install/humanoid_interfaces:/home/kmj/colcon_ws/install/master_jo:/home/kmj/Qt/6.9.2/gcc_64:/opt/ros/humble /usr/bin/cmake --install /home/kmj/colcon_ws/build/tune_walk
