[0.009s] Invoking command in '/home/kmj/colcon_ws/build/ebimu': CMAKE_PREFIX_PATH=/home/kmj/colcon_ws/install/humanoid_interfaces:/home/kmj/colcon_ws/install/tune_walk:/home/kmj/colcon_ws/install/master_jo:/home/kmj/colcon_ws/install/dynamixel_rdk_ros:/home/kmj/colcon_ws/install/dynamixel_rdk_msgs:/home/kmj/Qt/6.9.2/gcc_64:/opt/ros/humble /usr/bin/cmake --build /home/kmj/colcon_ws/build/ebimu -- -j16 -l16
[0.043s] [35m[1mConsolidate compiler generated dependencies of target ebimu[0m
[0.065s] [100%] Built target ebimu
[0.078s] Invoked command in '/home/kmj/colcon_ws/build/ebimu' returned '0': CMAKE_PREFIX_PATH=/home/kmj/colcon_ws/install/humanoid_interfaces:/home/kmj/colcon_ws/install/tune_walk:/home/kmj/colcon_ws/install/master_jo:/home/kmj/colcon_ws/install/dynamixel_rdk_ros:/home/kmj/colcon_ws/install/dynamixel_rdk_msgs:/home/kmj/Qt/6.9.2/gcc_64:/opt/ros/humble /usr/bin/cmake --build /home/kmj/colcon_ws/build/ebimu -- -j16 -l16
[0.079s] Invoking command in '/home/kmj/colcon_ws/build/ebimu': CMAKE_PREFIX_PATH=/home/kmj/colcon_ws/install/humanoid_interfaces:/home/kmj/colcon_ws/install/tune_walk:/home/kmj/colcon_ws/install/master_jo:/home/kmj/colcon_ws/install/dynamixel_rdk_ros:/home/kmj/colcon_ws/install/dynamixel_rdk_msgs:/home/kmj/Qt/6.9.2/gcc_64:/opt/ros/humble /usr/bin/cmake --install /home/kmj/colcon_ws/build/ebimu
[0.086s] -- Install configuration: ""
[0.086s] -- Up-to-date: /home/kmj/colcon_ws/install/ebimu/lib/ebimu/ebimu
[0.086s] -- Up-to-date: /home/kmj/colcon_ws/install/ebimu/share/ebimu//launch
[0.086s] -- Up-to-date: /home/kmj/colcon_ws/install/ebimu/share/ebimu//launch/e2box_imu_9dofv4.launch.py
[0.086s] -- Up-to-date: /home/kmj/colcon_ws/install/ebimu/lib/ebimu/ebimu
[0.086s] -- Up-to-date: /home/kmj/colcon_ws/install/ebimu/share/ament_index/resource_index/package_run_dependencies/ebimu
[0.086s] -- Up-to-date: /home/kmj/colcon_ws/install/ebimu/share/ament_index/resource_index/parent_prefix_path/ebimu
[0.086s] -- Up-to-date: /home/kmj/colcon_ws/install/ebimu/share/ebimu/environment/ament_prefix_path.sh
[0.086s] -- Up-to-date: /home/kmj/colcon_ws/install/ebimu/share/ebimu/environment/ament_prefix_path.dsv
[0.086s] -- Up-to-date: /home/kmj/colcon_ws/install/ebimu/share/ebimu/environment/path.sh
[0.086s] -- Up-to-date: /home/kmj/colcon_ws/install/ebimu/share/ebimu/environment/path.dsv
[0.086s] -- Up-to-date: /home/kmj/colcon_ws/install/ebimu/share/ebimu/local_setup.bash
[0.086s] -- Up-to-date: /home/kmj/colcon_ws/install/ebimu/share/ebimu/local_setup.sh
[0.086s] -- Up-to-date: /home/kmj/colcon_ws/install/ebimu/share/ebimu/local_setup.zsh
[0.086s] -- Up-to-date: /home/kmj/colcon_ws/install/ebimu/share/ebimu/local_setup.dsv
[0.086s] -- Installing: /home/kmj/colcon_ws/install/ebimu/share/ebimu/package.dsv
[0.086s] -- Up-to-date: /home/kmj/colcon_ws/install/ebimu/share/ament_index/resource_index/packages/ebimu
[0.086s] -- Up-to-date: /home/kmj/colcon_ws/install/ebimu/share/ebimu/cmake/ebimuConfig.cmake
[0.086s] -- Up-to-date: /home/kmj/colcon_ws/install/ebimu/share/ebimu/cmake/ebimuConfig-version.cmake
[0.086s] -- Up-to-date: /home/kmj/colcon_ws/install/ebimu/share/ebimu/package.xml
[0.094s] Invoked command in '/home/kmj/colcon_ws/build/ebimu' returned '0': CMAKE_PREFIX_PATH=/home/kmj/colcon_ws/install/humanoid_interfaces:/home/kmj/colcon_ws/install/tune_walk:/home/kmj/colcon_ws/install/master_jo:/home/kmj/colcon_ws/install/dynamixel_rdk_ros:/home/kmj/colcon_ws/install/dynamixel_rdk_msgs:/home/kmj/Qt/6.9.2/gcc_64:/opt/ros/humble /usr/bin/cmake --install /home/kmj/colcon_ws/build/ebimu
