[0.010s] Invoking command in '/home/kmj/colcon_ws/build/dynamixel_rdk_ros': AMENT_PREFIX_PATH=/home/kmj/colcon_ws/install/dynamixel_rdk_msgs:${AMENT_PREFIX_PATH} CMAKE_PREFIX_PATH=/home/kmj/colcon_ws/install/dynamixel_rdk_msgs:/home/kmj/Qt/6.9.2/gcc_64:/opt/ros/humble LD_LIBRARY_PATH=/home/kmj/colcon_ws/install/dynamixel_rdk_msgs/lib:${LD_LIBRARY_PATH} PYTHONPATH=/home/kmj/colcon_ws/install/dynamixel_rdk_msgs/local/lib/python3.10/dist-packages:${PYTHONPATH} /usr/bin/cmake /home/kmj/colcon_ws/src/dynamixel_rdk/dynamixel-RDK/dynamixel_rdk_ros -DCMAKE_INSTALL_PREFIX=/home/kmj/colcon_ws/install/dynamixel_rdk_ros
[0.057s] -- The C compiler identification is GNU 11.4.0
[0.103s] -- The CXX compiler identification is GNU 11.4.0
[0.110s] -- Detecting C compiler ABI info
[0.174s] -- Detecting C compiler ABI info - done
[0.178s] -- Check for working C compiler: /usr/bin/cc - skipped
[0.178s] -- Detecting C compile features
[0.179s] -- Detecting C compile features - done
[0.181s] -- Detecting CXX compiler ABI info
[0.251s] -- Detecting CXX compiler ABI info - done
[0.256s] -- Check for working CXX compiler: /usr/bin/c++ - skipped
[0.256s] -- Detecting CXX compile features
[0.257s] -- Detecting CXX compile features - done
[0.259s] -- Found ament_cmake_auto: 1.3.12 (/opt/ros/humble/share/ament_cmake_auto/cmake)
[0.381s] -- Found Python3: /usr/bin/python3 (found version "3.10.12") found components: Interpreter 
[0.538s] -- Found rosidl_generator_c: 3.1.7 (/opt/ros/humble/share/rosidl_generator_c/cmake)
[0.543s] -- Found rosidl_adapter: 3.1.7 (/opt/ros/humble/share/rosidl_adapter/cmake)
[0.550s] -- Found rosidl_generator_cpp: 3.1.7 (/opt/ros/humble/share/rosidl_generator_cpp/cmake)
[0.560s] -- Using all available rosidl_typesupport_c: rosidl_typesupport_fastrtps_c;rosidl_typesupport_introspection_c
[0.573s] -- Using all available rosidl_typesupport_cpp: rosidl_typesupport_fastrtps_cpp;rosidl_typesupport_introspection_cpp
[0.610s] -- Found rmw_implementation_cmake: 6.1.2 (/opt/ros/humble/share/rmw_implementation_cmake/cmake)
[0.612s] -- Found rmw_fastrtps_cpp: 6.2.8 (/opt/ros/humble/share/rmw_fastrtps_cpp/cmake)
[0.692s] -- Found OpenSSL: /usr/lib/x86_64-linux-gnu/libcrypto.so (found version "3.0.2")  
[0.716s] -- Found FastRTPS: /opt/ros/humble/include  
[0.752s] -- Using RMW implementation 'rmw_fastrtps_cpp' as default
[0.759s] -- Looking for pthread.h
[0.826s] -- Looking for pthread.h - found
[0.826s] -- Performing Test CMAKE_HAVE_LIBC_PTHREAD
[0.898s] -- Performing Test CMAKE_HAVE_LIBC_PTHREAD - Success
[0.899s] -- Found Threads: TRUE  
[0.949s] -- Found rclcpp_lifecycle: 16.0.14 (/opt/ros/humble/share/rclcpp_lifecycle/cmake)
[0.966s] -- Configuring done
[0.974s] -- Generating done
[0.976s] -- Build files have been written to: /home/kmj/colcon_ws/build/dynamixel_rdk_ros
[0.985s] Invoked command in '/home/kmj/colcon_ws/build/dynamixel_rdk_ros' returned '0': AMENT_PREFIX_PATH=/home/kmj/colcon_ws/install/dynamixel_rdk_msgs:${AMENT_PREFIX_PATH} CMAKE_PREFIX_PATH=/home/kmj/colcon_ws/install/dynamixel_rdk_msgs:/home/kmj/Qt/6.9.2/gcc_64:/opt/ros/humble LD_LIBRARY_PATH=/home/kmj/colcon_ws/install/dynamixel_rdk_msgs/lib:${LD_LIBRARY_PATH} PYTHONPATH=/home/kmj/colcon_ws/install/dynamixel_rdk_msgs/local/lib/python3.10/dist-packages:${PYTHONPATH} /usr/bin/cmake /home/kmj/colcon_ws/src/dynamixel_rdk/dynamixel-RDK/dynamixel_rdk_ros -DCMAKE_INSTALL_PREFIX=/home/kmj/colcon_ws/install/dynamixel_rdk_ros
[0.986s] Invoking command in '/home/kmj/colcon_ws/build/dynamixel_rdk_ros': AMENT_PREFIX_PATH=/home/kmj/colcon_ws/install/dynamixel_rdk_msgs:${AMENT_PREFIX_PATH} CMAKE_PREFIX_PATH=/home/kmj/colcon_ws/install/dynamixel_rdk_msgs:/home/kmj/Qt/6.9.2/gcc_64:/opt/ros/humble LD_LIBRARY_PATH=/home/kmj/colcon_ws/install/dynamixel_rdk_msgs/lib:${LD_LIBRARY_PATH} PYTHONPATH=/home/kmj/colcon_ws/install/dynamixel_rdk_msgs/local/lib/python3.10/dist-packages:${PYTHONPATH} /usr/bin/cmake --build /home/kmj/colcon_ws/build/dynamixel_rdk_ros -- -j16 -l16
[1.034s] [ 50%] [32mBuilding CXX object CMakeFiles/dynamixel_rdk_node.dir/src/dynamixel_rdk_node.cpp.o[0m
[1.034s] [ 50%] [32mBuilding CXX object CMakeFiles/dynamixel_rdk_node.dir/src/dynamixel_ctrl.cpp.o[0m
[1.035s] [ 75%] [32mBuilding CXX object CMakeFiles/dynamixel_rdk_node.dir/src/dynamixel.cpp.o[0m
[1.313s] [01m[K/home/kmj/colcon_ws/src/dynamixel_rdk/dynamixel-RDK/dynamixel_rdk_ros/src/dynamixel.cpp:[m[K In member function ‘[01m[Kbool dynamixel_rdk_ros::Dynamixel::get_dynamixel_status(dynamixel::GroupSyncRead&)[m[K’:
[1.313s] [01m[K/home/kmj/colcon_ws/src/dynamixel_rdk/dynamixel-RDK/dynamixel_rdk_ros/src/dynamixel.cpp:133:7:[m[K [01;35m[Kwarning: [m[Kunused variable ‘[01m[Kerror_status_int[m[K’ [[01;35m[K]8;;https://gcc.gnu.org/onlinedocs/gcc/Warning-Options.html#index-Wunused-variable-Wunused-variable]8;;[m[K]
[1.313s]   133 |   int [01;35m[Kerror_status_int[m[K = static_cast<int>(error_status);
[1.313s]       |       [01;35m[K^~~~~~~~~~~~~~~~[m[K
[1.373s] [01m[K/home/kmj/colcon_ws/src/dynamixel_rdk/dynamixel-RDK/dynamixel_rdk_ros/src/dynamixel_ctrl.cpp:[m[K In member function ‘[01m[Kbool dynamixel_rdk_ros::DynamixelCtrl::read_dynamixel_status()[m[K’:
[1.373s] [01m[K/home/kmj/colcon_ws/src/dynamixel_rdk/dynamixel-RDK/dynamixel_rdk_ros/src/dynamixel_ctrl.cpp:337:17:[m[K [01;35m[Kwarning: [m[Kunused variable ‘[01m[Kdynamixel[m[K’ [[01;35m[K]8;;https://gcc.gnu.org/onlinedocs/gcc/Warning-Options.html#index-Wunused-variable-Wunused-variable]8;;[m[K]
[1.373s]   337 |     for (auto & [01;35m[Kdynamixel[m[K : dynamixels) {
[1.373s]       |                 [01;35m[K^~~~~~~~~[m[K
[10.862s] [100%] [32m[1mLinking CXX executable dynamixel_rdk_node[0m
[11.431s] [100%] Built target dynamixel_rdk_node
[11.444s] Invoked command in '/home/kmj/colcon_ws/build/dynamixel_rdk_ros' returned '0': AMENT_PREFIX_PATH=/home/kmj/colcon_ws/install/dynamixel_rdk_msgs:${AMENT_PREFIX_PATH} CMAKE_PREFIX_PATH=/home/kmj/colcon_ws/install/dynamixel_rdk_msgs:/home/kmj/Qt/6.9.2/gcc_64:/opt/ros/humble LD_LIBRARY_PATH=/home/kmj/colcon_ws/install/dynamixel_rdk_msgs/lib:${LD_LIBRARY_PATH} PYTHONPATH=/home/kmj/colcon_ws/install/dynamixel_rdk_msgs/local/lib/python3.10/dist-packages:${PYTHONPATH} /usr/bin/cmake --build /home/kmj/colcon_ws/build/dynamixel_rdk_ros -- -j16 -l16
[11.445s] Invoking command in '/home/kmj/colcon_ws/build/dynamixel_rdk_ros': AMENT_PREFIX_PATH=/home/kmj/colcon_ws/install/dynamixel_rdk_msgs:${AMENT_PREFIX_PATH} CMAKE_PREFIX_PATH=/home/kmj/colcon_ws/install/dynamixel_rdk_msgs:/home/kmj/Qt/6.9.2/gcc_64:/opt/ros/humble LD_LIBRARY_PATH=/home/kmj/colcon_ws/install/dynamixel_rdk_msgs/lib:${LD_LIBRARY_PATH} PYTHONPATH=/home/kmj/colcon_ws/install/dynamixel_rdk_msgs/local/lib/python3.10/dist-packages:${PYTHONPATH} /usr/bin/cmake --install /home/kmj/colcon_ws/build/dynamixel_rdk_ros
[11.452s] -- Install configuration: ""
[11.452s] -- Installing: /home/kmj/colcon_ws/install/dynamixel_rdk_ros/share/dynamixel_rdk_ros//config
[11.452s] -- Installing: /home/kmj/colcon_ws/install/dynamixel_rdk_ros/share/dynamixel_rdk_ros//config/dynamixel.yaml
[11.453s] -- Installing: /home/kmj/colcon_ws/install/dynamixel_rdk_ros/share/dynamixel_rdk_ros//launch
[11.453s] -- Installing: /home/kmj/colcon_ws/install/dynamixel_rdk_ros/share/dynamixel_rdk_ros//launch/dynamixel_rdk.launch.py
[11.453s] -- Installing: /home/kmj/colcon_ws/install/dynamixel_rdk_ros/lib/dynamixel_rdk_ros/dynamixel_rdk_node
[11.458s] -- Set runtime path of "/home/kmj/colcon_ws/install/dynamixel_rdk_ros/lib/dynamixel_rdk_ros/dynamixel_rdk_node" to ""
[11.458s] -- Installing: /home/kmj/colcon_ws/install/dynamixel_rdk_ros/share/ament_index/resource_index/package_run_dependencies/dynamixel_rdk_ros
[11.458s] -- Installing: /home/kmj/colcon_ws/install/dynamixel_rdk_ros/share/ament_index/resource_index/parent_prefix_path/dynamixel_rdk_ros
[11.458s] -- Installing: /home/kmj/colcon_ws/install/dynamixel_rdk_ros/share/dynamixel_rdk_ros/environment/ament_prefix_path.sh
[11.458s] -- Installing: /home/kmj/colcon_ws/install/dynamixel_rdk_ros/share/dynamixel_rdk_ros/environment/ament_prefix_path.dsv
[11.458s] -- Installing: /home/kmj/colcon_ws/install/dynamixel_rdk_ros/share/dynamixel_rdk_ros/environment/path.sh
[11.459s] -- Installing: /home/kmj/colcon_ws/install/dynamixel_rdk_ros/share/dynamixel_rdk_ros/environment/path.dsv
[11.459s] -- Installing: /home/kmj/colcon_ws/install/dynamixel_rdk_ros/share/dynamixel_rdk_ros/local_setup.bash
[11.459s] -- Installing: /home/kmj/colcon_ws/install/dynamixel_rdk_ros/share/dynamixel_rdk_ros/local_setup.sh
[11.459s] -- Installing: /home/kmj/colcon_ws/install/dynamixel_rdk_ros/share/dynamixel_rdk_ros/local_setup.zsh
[11.459s] -- Installing: /home/kmj/colcon_ws/install/dynamixel_rdk_ros/share/dynamixel_rdk_ros/local_setup.dsv
[11.459s] -- Installing: /home/kmj/colcon_ws/install/dynamixel_rdk_ros/share/dynamixel_rdk_ros/package.dsv
[11.459s] -- Installing: /home/kmj/colcon_ws/install/dynamixel_rdk_ros/share/ament_index/resource_index/packages/dynamixel_rdk_ros
[11.459s] -- Installing: /home/kmj/colcon_ws/install/dynamixel_rdk_ros/share/dynamixel_rdk_ros/cmake/dynamixel_rdk_rosConfig.cmake
[11.459s] -- Installing: /home/kmj/colcon_ws/install/dynamixel_rdk_ros/share/dynamixel_rdk_ros/cmake/dynamixel_rdk_rosConfig-version.cmake
[11.459s] -- Installing: /home/kmj/colcon_ws/install/dynamixel_rdk_ros/share/dynamixel_rdk_ros/package.xml
[11.462s] Invoked command in '/home/kmj/colcon_ws/build/dynamixel_rdk_ros' returned '0': AMENT_PREFIX_PATH=/home/kmj/colcon_ws/install/dynamixel_rdk_msgs:${AMENT_PREFIX_PATH} CMAKE_PREFIX_PATH=/home/kmj/colcon_ws/install/dynamixel_rdk_msgs:/home/kmj/Qt/6.9.2/gcc_64:/opt/ros/humble LD_LIBRARY_PATH=/home/kmj/colcon_ws/install/dynamixel_rdk_msgs/lib:${LD_LIBRARY_PATH} PYTHONPATH=/home/kmj/colcon_ws/install/dynamixel_rdk_msgs/local/lib/python3.10/dist-packages:${PYTHONPATH} /usr/bin/cmake --install /home/kmj/colcon_ws/build/dynamixel_rdk_ros
