[0.015s] Invoking command in '/home/kmj/colcon_ws/build/master_jo': CMAKE_PREFIX_PATH=${CMAKE_PREFIX_PATH}:/opt/ros/humble /usr/bin/cmake --build /home/kmj/colcon_ws/build/master_jo -- -j16 -l16
[0.078s] [35m[1mConsolidate compiler generated dependencies of target master_jo_node[0m
[0.107s] [100%] Built target master_jo_node
[0.128s] Invoked command in '/home/kmj/colcon_ws/build/master_jo' returned '0': CMAKE_PREFIX_PATH=${CMAKE_PREFIX_PATH}:/opt/ros/humble /usr/bin/cmake --build /home/kmj/colcon_ws/build/master_jo -- -j16 -l16
[0.143s] Invoking command in '/home/kmj/colcon_ws/build/master_jo': CMAKE_PREFIX_PATH=${CMAKE_PREFIX_PATH}:/opt/ros/humble /usr/bin/cmake --install /home/kmj/colcon_ws/build/master_jo
[0.154s] -- Install configuration: ""
[0.154s] -- Up-to-date: /home/kmj/colcon_ws/install/master_jo/share/master_jo//config
[0.154s] -- Up-to-date: /home/kmj/colcon_ws/install/master_jo/share/master_jo//config/params.yaml
[0.154s] -- Up-to-date: /home/kmj/colcon_ws/install/master_jo/share/master_jo//launch
[0.154s] -- Up-to-date: /home/kmj/colcon_ws/install/master_jo/share/master_jo//launch/master_jo.launch.py
[0.154s] -- Up-to-date: /home/kmj/colcon_ws/install/master_jo/lib/master_jo/master_jo_node
[0.154s] -- Up-to-date: /home/kmj/colcon_ws/install/master_jo/share/ament_index/resource_index/package_run_dependencies/master_jo
[0.154s] -- Up-to-date: /home/kmj/colcon_ws/install/master_jo/share/ament_index/resource_index/parent_prefix_path/master_jo
[0.154s] -- Up-to-date: /home/kmj/colcon_ws/install/master_jo/share/master_jo/environment/ament_prefix_path.sh
[0.154s] -- Up-to-date: /home/kmj/colcon_ws/install/master_jo/share/master_jo/environment/ament_prefix_path.dsv
[0.154s] -- Up-to-date: /home/kmj/colcon_ws/install/master_jo/share/master_jo/environment/path.sh
[0.154s] -- Up-to-date: /home/kmj/colcon_ws/install/master_jo/share/master_jo/environment/path.dsv
[0.155s] -- Up-to-date: /home/kmj/colcon_ws/install/master_jo/share/master_jo/local_setup.bash
[0.155s] -- Up-to-date: /home/kmj/colcon_ws/install/master_jo/share/master_jo/local_setup.sh
[0.155s] -- Up-to-date: /home/kmj/colcon_ws/install/master_jo/share/master_jo/local_setup.zsh
[0.155s] -- Up-to-date: /home/kmj/colcon_ws/install/master_jo/share/master_jo/local_setup.dsv
[0.155s] -- Installing: /home/kmj/colcon_ws/install/master_jo/share/master_jo/package.dsv
[0.155s] -- Up-to-date: /home/kmj/colcon_ws/install/master_jo/share/ament_index/resource_index/packages/master_jo
[0.155s] -- Up-to-date: /home/kmj/colcon_ws/install/master_jo/share/master_jo/cmake/master_joConfig.cmake
[0.155s] -- Up-to-date: /home/kmj/colcon_ws/install/master_jo/share/master_jo/cmake/master_joConfig-version.cmake
[0.155s] -- Up-to-date: /home/kmj/colcon_ws/install/master_jo/share/master_jo/package.xml
[0.159s] Invoked command in '/home/kmj/colcon_ws/build/master_jo' returned '0': CMAKE_PREFIX_PATH=${CMAKE_PREFIX_PATH}:/opt/ros/humble /usr/bin/cmake --install /home/kmj/colcon_ws/build/master_jo
