[0.017s] Invoking command in '/home/kmj/colcon_ws/build/robocup_vision25': CMAKE_PREFIX_PATH=${CMAKE_PREFIX_PATH}:/opt/ros/humble /usr/bin/cmake /home/kmj/colcon_ws/src/robocup_vision25 -DCMAKE_INSTALL_PREFIX=/home/kmj/colcon_ws/install/robocup_vision25
[0.066s] -- The C compiler identification is GNU 11.4.0
[0.132s] -- The CXX compiler identification is GNU 11.4.0
[0.138s] -- Detecting C compiler ABI info
[0.202s] -- Detecting C compiler ABI info - done
[0.208s] -- Check for working C compiler: /usr/bin/cc - skipped
[0.208s] -- Detecting C compile features
[0.208s] -- Detecting C compile features - done
[0.211s] -- Detecting CXX compiler ABI info
[0.282s] -- Detecting CXX compiler ABI info - done
[0.288s] -- Check for working CXX compiler: /usr/bin/c++ - skipped
[0.288s] -- Detecting CXX compile features
[0.288s] -- Detecting CXX compile features - done
[0.291s] -- Found ament_cmake: 1.3.12 (/opt/ros/humble/share/ament_cmake/cmake)
[0.412s] -- Found Python3: /usr/bin/python3 (found version "3.10.12") found components: Interpreter 
[0.510s] -- Found rclpy: 3.3.17 (/opt/ros/humble/share/rclpy/cmake)
[0.512s] -- Found rclcpp: 16.0.14 (/opt/ros/humble/share/rclcpp/cmake)
[0.555s] -- Found rosidl_generator_c: 3.1.7 (/opt/ros/humble/share/rosidl_generator_c/cmake)
[0.560s] -- Found rosidl_adapter: 3.1.7 (/opt/ros/humble/share/rosidl_adapter/cmake)
[0.568s] -- Found rosidl_generator_cpp: 3.1.7 (/opt/ros/humble/share/rosidl_generator_cpp/cmake)
[0.579s] -- Using all available rosidl_typesupport_c: rosidl_typesupport_fastrtps_c;rosidl_typesupport_introspection_c
[0.592s] -- Using all available rosidl_typesupport_cpp: rosidl_typesupport_fastrtps_cpp;rosidl_typesupport_introspection_cpp
[0.632s] -- Found rmw_implementation_cmake: 6.1.2 (/opt/ros/humble/share/rmw_implementation_cmake/cmake)
[0.635s] -- Found rmw_fastrtps_cpp: 6.2.8 (/opt/ros/humble/share/rmw_fastrtps_cpp/cmake)
[0.712s] -- Found OpenSSL: /usr/lib/x86_64-linux-gnu/libcrypto.so (found version "3.0.2")  
[0.739s] -- Found FastRTPS: /opt/ros/humble/include  
[0.778s] -- Using RMW implementation 'rmw_fastrtps_cpp' as default
[0.788s] -- Looking for pthread.h
[0.854s] -- Looking for pthread.h - found
[0.854s] -- Performing Test CMAKE_HAVE_LIBC_PTHREAD
[0.925s] -- Performing Test CMAKE_HAVE_LIBC_PTHREAD - Success
[0.926s] -- Found Threads: TRUE  
[0.965s] -- Found cv_bridge: 3.2.1 (/opt/ros/humble/share/cv_bridge/cmake)
[0.998s] -- Found image_transport: 3.1.12 (/opt/ros/humble/share/image_transport/cmake)
[1.031s] -- Found camera_info_manager: 3.1.12 (/opt/ros/humble/share/camera_info_manager/cmake)
[1.044s] -- Found OpenCV: /usr (found version "4.5.4") 
[1.060s] -- Found Boost: /usr/lib/x86_64-linux-gnu/cmake/Boost-1.74.0/BoostConfig.cmake (found version "1.74.0") found components: system thread 
[1.061s] -- Found humanoid_interfaces: 0.0.0 (/home/kmj/colcon_ws/install/humanoid_interfaces/share/humanoid_interfaces/cmake)
[1.070s] -- Found dynamixel_rdk_msgs: 0.0.1 (/home/kmj/colcon_ws/install/dynamixel_rdk_msgs/share/dynamixel_rdk_msgs/cmake)
[1.084s] -- Found ament_lint_auto: 0.12.14 (/opt/ros/humble/share/ament_lint_auto/cmake)
[1.150s] -- Added test 'cppcheck' to perform static code analysis on C / C++ code
[1.150s] -- Configured cppcheck include dirs: /home/kmj/colcon_ws/src/robocup_vision25/include
[1.150s] -- Configured cppcheck exclude dirs and/or files: 
[1.151s] -- Added test 'flake8' to check Python code syntax and style conventions
[1.152s] -- Added test 'lint_cmake' to check CMake code style
[1.153s] -- Added test 'pep257' to check Python code against some of the docstring style conventions in PEP 257
[1.154s] -- Added test 'uncrustify' to check C / C++ code style
[1.154s] -- Configured uncrustify additional arguments: 
[1.154s] -- Added test 'xmllint' to check XML markup files
[1.155s] -- Configuring done
[1.196s] -- Generating done
[1.202s] -- Build files have been written to: /home/kmj/colcon_ws/build/robocup_vision25
[1.215s] Invoked command in '/home/kmj/colcon_ws/build/robocup_vision25' returned '0': CMAKE_PREFIX_PATH=${CMAKE_PREFIX_PATH}:/opt/ros/humble /usr/bin/cmake /home/kmj/colcon_ws/src/robocup_vision25 -DCMAKE_INSTALL_PREFIX=/home/kmj/colcon_ws/install/robocup_vision25
[1.219s] Invoking command in '/home/kmj/colcon_ws/build/robocup_vision25': CMAKE_PREFIX_PATH=${CMAKE_PREFIX_PATH}:/opt/ros/humble /usr/bin/cmake --build /home/kmj/colcon_ws/build/robocup_vision25 -- -j16 -l16
[1.268s] [ 50%] [32mBuilding CXX object CMakeFiles/robocup_vision25.dir/src/robocup_vision25.cpp.o[0m
[8.274s] [100%] [32m[1mLinking CXX executable robocup_vision25[0m
[9.136s] [100%] Built target robocup_vision25
[9.149s] Invoked command in '/home/kmj/colcon_ws/build/robocup_vision25' returned '0': CMAKE_PREFIX_PATH=${CMAKE_PREFIX_PATH}:/opt/ros/humble /usr/bin/cmake --build /home/kmj/colcon_ws/build/robocup_vision25 -- -j16 -l16
[9.150s] Invoking command in '/home/kmj/colcon_ws/build/robocup_vision25': CMAKE_PREFIX_PATH=${CMAKE_PREFIX_PATH}:/opt/ros/humble /usr/bin/cmake --install /home/kmj/colcon_ws/build/robocup_vision25
[9.157s] -- Install configuration: ""
[9.157s] -- Installing: /home/kmj/colcon_ws/install/robocup_vision25/lib/robocup_vision25/robocup_vision25
[9.160s] -- Set runtime path of "/home/kmj/colcon_ws/install/robocup_vision25/lib/robocup_vision25/robocup_vision25" to ""
[9.160s] -- Installing: /home/kmj/colcon_ws/install/robocup_vision25/share/robocup_vision25/launch
[9.160s] -- Installing: /home/kmj/colcon_ws/install/robocup_vision25/share/robocup_vision25/launch/robocup_vision25_launch.py
[9.160s] -- Installing: /home/kmj/colcon_ws/install/robocup_vision25/share/ament_index/resource_index/package_run_dependencies/robocup_vision25
[9.161s] -- Installing: /home/kmj/colcon_ws/install/robocup_vision25/share/ament_index/resource_index/parent_prefix_path/robocup_vision25
[9.161s] -- Installing: /home/kmj/colcon_ws/install/robocup_vision25/share/robocup_vision25/environment/ament_prefix_path.sh
[9.161s] -- Installing: /home/kmj/colcon_ws/install/robocup_vision25/share/robocup_vision25/environment/ament_prefix_path.dsv
[9.161s] -- Installing: /home/kmj/colcon_ws/install/robocup_vision25/share/robocup_vision25/environment/path.sh
[9.161s] -- Installing: /home/kmj/colcon_ws/install/robocup_vision25/share/robocup_vision25/environment/path.dsv
[9.161s] -- Installing: /home/kmj/colcon_ws/install/robocup_vision25/share/robocup_vision25/local_setup.bash
[9.161s] -- Installing: /home/kmj/colcon_ws/install/robocup_vision25/share/robocup_vision25/local_setup.sh
[9.161s] -- Installing: /home/kmj/colcon_ws/install/robocup_vision25/share/robocup_vision25/local_setup.zsh
[9.161s] -- Installing: /home/kmj/colcon_ws/install/robocup_vision25/share/robocup_vision25/local_setup.dsv
[9.161s] -- Installing: /home/kmj/colcon_ws/install/robocup_vision25/share/robocup_vision25/package.dsv
[9.162s] -- Installing: /home/kmj/colcon_ws/install/robocup_vision25/share/ament_index/resource_index/packages/robocup_vision25
[9.162s] -- Installing: /home/kmj/colcon_ws/install/robocup_vision25/share/robocup_vision25/cmake/robocup_vision25Config.cmake
[9.162s] -- Installing: /home/kmj/colcon_ws/install/robocup_vision25/share/robocup_vision25/cmake/robocup_vision25Config-version.cmake
[9.162s] -- Installing: /home/kmj/colcon_ws/install/robocup_vision25/share/robocup_vision25/package.xml
[9.164s] Invoked command in '/home/kmj/colcon_ws/build/robocup_vision25' returned '0': CMAKE_PREFIX_PATH=${CMAKE_PREFIX_PATH}:/opt/ros/humble /usr/bin/cmake --install /home/kmj/colcon_ws/build/robocup_vision25
