[0.013s] Invoking command in '/home/kmj/colcon_ws/build/ik_walk': CMAKE_PREFIX_PATH=/home/kmj/colcon_ws/install/dynamixel_rdk_ros:/home/kmj/colcon_ws/install/humanoid_interfaces:/home/kmj/colcon_ws/install/dynamixel_rdk_msgs:/home/kmj/colcon_ws/install/tune_walk:/home/kmj/colcon_ws/install/master_jo:/home/kmj/Qt/6.9.2/gcc_64:/opt/ros/humble /usr/bin/cmake --build /home/kmj/colcon_ws/build/ik_walk -- -j16 -l16
[0.046s] [35m[1mConsolidate compiler generated dependencies of target ik_walk[0m
[0.068s] [100%] Built target ik_walk
[0.079s] Invoked command in '/home/kmj/colcon_ws/build/ik_walk' returned '0': CMAKE_PREFIX_PATH=/home/kmj/colcon_ws/install/dynamixel_rdk_ros:/home/kmj/colcon_ws/install/humanoid_interfaces:/home/kmj/colcon_ws/install/dynamixel_rdk_msgs:/home/kmj/colcon_ws/install/tune_walk:/home/kmj/colcon_ws/install/master_jo:/home/kmj/Qt/6.9.2/gcc_64:/opt/ros/humble /usr/bin/cmake --build /home/kmj/colcon_ws/build/ik_walk -- -j16 -l16
[0.080s] Invoking command in '/home/kmj/colcon_ws/build/ik_walk': CMAKE_PREFIX_PATH=/home/kmj/colcon_ws/install/dynamixel_rdk_ros:/home/kmj/colcon_ws/install/humanoid_interfaces:/home/kmj/colcon_ws/install/dynamixel_rdk_msgs:/home/kmj/colcon_ws/install/tune_walk:/home/kmj/colcon_ws/install/master_jo:/home/kmj/Qt/6.9.2/gcc_64:/opt/ros/humble /usr/bin/cmake --install /home/kmj/colcon_ws/build/ik_walk
[0.085s] -- Install configuration: ""
[0.085s] -- Up-to-date: /home/kmj/colcon_ws/install/ik_walk/lib/ik_walk/ik_walk
[0.085s] -- Up-to-date: /home/kmj/colcon_ws/install/ik_walk/share/ament_index/resource_index/package_run_dependencies/ik_walk
[0.085s] -- Up-to-date: /home/kmj/colcon_ws/install/ik_walk/share/ament_index/resource_index/parent_prefix_path/ik_walk
[0.085s] -- Up-to-date: /home/kmj/colcon_ws/install/ik_walk/share/ik_walk/environment/ament_prefix_path.sh
[0.085s] -- Up-to-date: /home/kmj/colcon_ws/install/ik_walk/share/ik_walk/environment/ament_prefix_path.dsv
[0.086s] -- Up-to-date: /home/kmj/colcon_ws/install/ik_walk/share/ik_walk/environment/path.sh
[0.086s] -- Up-to-date: /home/kmj/colcon_ws/install/ik_walk/share/ik_walk/environment/path.dsv
[0.086s] -- Up-to-date: /home/kmj/colcon_ws/install/ik_walk/share/ik_walk/local_setup.bash
[0.086s] -- Up-to-date: /home/kmj/colcon_ws/install/ik_walk/share/ik_walk/local_setup.sh
[0.086s] -- Up-to-date: /home/kmj/colcon_ws/install/ik_walk/share/ik_walk/local_setup.zsh
[0.086s] -- Up-to-date: /home/kmj/colcon_ws/install/ik_walk/share/ik_walk/local_setup.dsv
[0.086s] -- Installing: /home/kmj/colcon_ws/install/ik_walk/share/ik_walk/package.dsv
[0.086s] -- Up-to-date: /home/kmj/colcon_ws/install/ik_walk/share/ament_index/resource_index/packages/ik_walk
[0.086s] -- Up-to-date: /home/kmj/colcon_ws/install/ik_walk/share/ik_walk/cmake/ik_walkConfig.cmake
[0.086s] -- Up-to-date: /home/kmj/colcon_ws/install/ik_walk/share/ik_walk/cmake/ik_walkConfig-version.cmake
[0.086s] -- Up-to-date: /home/kmj/colcon_ws/install/ik_walk/share/ik_walk/package.xml
[0.087s] Invoked command in '/home/kmj/colcon_ws/build/ik_walk' returned '0': CMAKE_PREFIX_PATH=/home/kmj/colcon_ws/install/dynamixel_rdk_ros:/home/kmj/colcon_ws/install/humanoid_interfaces:/home/kmj/colcon_ws/install/dynamixel_rdk_msgs:/home/kmj/colcon_ws/install/tune_walk:/home/kmj/colcon_ws/install/master_jo:/home/kmj/Qt/6.9.2/gcc_64:/opt/ros/humble /usr/bin/cmake --install /home/kmj/colcon_ws/build/ik_walk
