[  7%] [32mBuilding CXX object CMakeFiles/tune_walk.dir/src/main_window.cpp.o[0m
[ 14%] [32m[1mLinking CXX executable tune_walk[0m
[100%] Built target tune_walk
-- Install configuration: ""
-- Installing: /home/kmj/colcon_ws/install/tune_walk/lib/tune_walk/tune_walk
-- Set runtime path of "/home/kmj/colcon_ws/install/tune_walk/lib/tune_walk/tune_walk" to ""
-- Up-to-date: /home/kmj/colcon_ws/install/tune_walk/share/ament_index/resource_index/package_run_dependencies/tune_walk
-- Up-to-date: /home/kmj/colcon_ws/install/tune_walk/share/ament_index/resource_index/parent_prefix_path/tune_walk
-- Up-to-date: /home/kmj/colcon_ws/install/tune_walk/share/tune_walk/environment/ament_prefix_path.sh
-- Up-to-date: /home/kmj/colcon_ws/install/tune_walk/share/tune_walk/environment/ament_prefix_path.dsv
-- Up-to-date: /home/kmj/colcon_ws/install/tune_walk/share/tune_walk/environment/path.sh
-- Up-to-date: /home/kmj/colcon_ws/install/tune_walk/share/tune_walk/environment/path.dsv
-- Up-to-date: /home/kmj/colcon_ws/install/tune_walk/share/tune_walk/local_setup.bash
-- Up-to-date: /home/kmj/colcon_ws/install/tune_walk/share/tune_walk/local_setup.sh
-- Up-to-date: /home/kmj/colcon_ws/install/tune_walk/share/tune_walk/local_setup.zsh
-- Up-to-date: /home/kmj/colcon_ws/install/tune_walk/share/tune_walk/local_setup.dsv
-- Installing: /home/kmj/colcon_ws/install/tune_walk/share/tune_walk/package.dsv
-- Up-to-date: /home/kmj/colcon_ws/install/tune_walk/share/ament_index/resource_index/packages/tune_walk
-- Up-to-date: /home/kmj/colcon_ws/install/tune_walk/share/tune_walk/cmake/tune_walkConfig.cmake
-- Up-to-date: /home/kmj/colcon_ws/install/tune_walk/share/tune_walk/cmake/tune_walkConfig-version.cmake
-- Up-to-date: /home/kmj/colcon_ws/install/tune_walk/share/tune_walk/package.xml
