[0.064s] DEBUG:colcon:Command line arguments: ['/usr/bin/colcon', 'build', '--packages-select', 'humanoid_interfaces']
[0.064s] DEBUG:colcon:Parsed command line arguments: Namespace(log_base=None, log_level=None, verb_name='build', build_base='build', install_base='install', merge_install=False, symlink_install=False, test_result_base=None, continue_on_error=False, executor='parallel', parallel_workers=16, event_handlers=None, ignore_user_meta=False, metas=['./colcon.meta'], base_paths=['.'], packages_ignore=None, packages_ignore_regex=None, paths=None, packages_up_to=None, packages_up_to_regex=None, packages_above=None, packages_above_and_dependencies=None, packages_above_depth=None, packages_select_by_dep=None, packages_skip_by_dep=None, packages_skip_up_to=None, packages_select_build_failed=False, packages_skip_build_finished=False, packages_select_test_failures=False, packages_skip_test_passed=False, packages_select=['humanoid_interfaces'], packages_skip=None, packages_select_regex=None, packages_skip_regex=None, packages_start=None, packages_end=None, allow_overriding=[], cmake_args=None, cmake_target=None, cmake_target_skip_unavailable=False, cmake_clean_cache=False, cmake_clean_first=False, cmake_force_configure=False, ament_cmake_args=None, catkin_cmake_args=None, catkin_skip_building_tests=False, mixin_files=None, mixin=None, verb_parser=<colcon_mixin.mixin.mixin_argument.MixinArgumentDecorator object at 0x7a72ce851bd0>, verb_extension=<colcon_core.verb.build.BuildVerb object at 0x7a72ce962ef0>, main=<bound method BuildVerb.main of <colcon_core.verb.build.BuildVerb object at 0x7a72ce962ef0>>, mixin_verb=('build',))
[0.161s] Level 1:colcon.colcon_core.package_discovery:discover_packages(colcon_meta) check parameters
[0.161s] Level 1:colcon.colcon_core.package_discovery:discover_packages(recursive) check parameters
[0.161s] Level 1:colcon.colcon_core.package_discovery:discover_packages(ignore) check parameters
[0.161s] Level 1:colcon.colcon_core.package_discovery:discover_packages(path) check parameters
[0.161s] Level 1:colcon.colcon_core.package_discovery:discover_packages(colcon_meta) discover
[0.161s] Level 1:colcon.colcon_core.package_discovery:discover_packages(recursive) discover
[0.161s] INFO:colcon.colcon_core.package_discovery:Crawling recursively for packages in '/home/kmj/colcon_ws'
[0.161s] Level 1:colcon.colcon_core.package_identification:_identify(.) by extensions ['ignore', 'ignore_ament_install']
[0.161s] Level 1:colcon.colcon_core.package_identification:_identify(.) by extension 'ignore'
[0.161s] Level 1:colcon.colcon_core.package_identification:_identify(.) by extension 'ignore_ament_install'
[0.161s] Level 1:colcon.colcon_core.package_identification:_identify(.) by extensions ['colcon_pkg']
[0.161s] Level 1:colcon.colcon_core.package_identification:_identify(.) by extension 'colcon_pkg'
[0.161s] Level 1:colcon.colcon_core.package_identification:_identify(.) by extensions ['colcon_meta']
[0.161s] Level 1:colcon.colcon_core.package_identification:_identify(.) by extension 'colcon_meta'
[0.161s] Level 1:colcon.colcon_core.package_identification:_identify(.) by extensions ['ros']
[0.161s] Level 1:colcon.colcon_core.package_identification:_identify(.) by extension 'ros'
[0.168s] Level 1:colcon.colcon_core.package_identification:_identify(.) by extensions ['cmake', 'python']
[0.168s] Level 1:colcon.colcon_core.package_identification:_identify(.) by extension 'cmake'
[0.168s] Level 1:colcon.colcon_core.package_identification:_identify(.) by extension 'python'
[0.168s] Level 1:colcon.colcon_core.package_identification:_identify(.) by extensions ['python_setup_py']
[0.168s] Level 1:colcon.colcon_core.package_identification:_identify(.) by extension 'python_setup_py'
[0.168s] Level 1:colcon.colcon_core.package_identification:_identify(build) by extensions ['ignore', 'ignore_ament_install']
[0.168s] Level 1:colcon.colcon_core.package_identification:_identify(build) by extension 'ignore'
[0.168s] Level 1:colcon.colcon_core.package_identification:_identify(build) ignored
[0.168s] Level 1:colcon.colcon_core.package_identification:_identify(install) by extensions ['ignore', 'ignore_ament_install']
[0.168s] Level 1:colcon.colcon_core.package_identification:_identify(install) by extension 'ignore'
[0.168s] Level 1:colcon.colcon_core.package_identification:_identify(install) ignored
[0.169s] Level 1:colcon.colcon_core.package_identification:_identify(log) by extensions ['ignore', 'ignore_ament_install']
[0.169s] Level 1:colcon.colcon_core.package_identification:_identify(log) by extension 'ignore'
[0.169s] Level 1:colcon.colcon_core.package_identification:_identify(log) ignored
[0.169s] Level 1:colcon.colcon_core.package_identification:_identify(src) by extensions ['ignore', 'ignore_ament_install']
[0.169s] Level 1:colcon.colcon_core.package_identification:_identify(src) by extension 'ignore'
[0.169s] Level 1:colcon.colcon_core.package_identification:_identify(src) by extension 'ignore_ament_install'
[0.169s] Level 1:colcon.colcon_core.package_identification:_identify(src) by extensions ['colcon_pkg']
[0.169s] Level 1:colcon.colcon_core.package_identification:_identify(src) by extension 'colcon_pkg'
[0.169s] Level 1:colcon.colcon_core.package_identification:_identify(src) by extensions ['colcon_meta']
[0.169s] Level 1:colcon.colcon_core.package_identification:_identify(src) by extension 'colcon_meta'
[0.169s] Level 1:colcon.colcon_core.package_identification:_identify(src) by extensions ['ros']
[0.169s] Level 1:colcon.colcon_core.package_identification:_identify(src) by extension 'ros'
[0.169s] Level 1:colcon.colcon_core.package_identification:_identify(src) by extensions ['cmake', 'python']
[0.169s] Level 1:colcon.colcon_core.package_identification:_identify(src) by extension 'cmake'
[0.169s] Level 1:colcon.colcon_core.package_identification:_identify(src) by extension 'python'
[0.169s] Level 1:colcon.colcon_core.package_identification:_identify(src) by extensions ['python_setup_py']
[0.169s] Level 1:colcon.colcon_core.package_identification:_identify(src) by extension 'python_setup_py'
[0.169s] Level 1:colcon.colcon_core.package_identification:_identify(src/dynamixel_rdk) by extensions ['ignore', 'ignore_ament_install']
[0.169s] Level 1:colcon.colcon_core.package_identification:_identify(src/dynamixel_rdk) by extension 'ignore'
[0.169s] Level 1:colcon.colcon_core.package_identification:_identify(src/dynamixel_rdk) by extension 'ignore_ament_install'
[0.169s] Level 1:colcon.colcon_core.package_identification:_identify(src/dynamixel_rdk) by extensions ['colcon_pkg']
[0.169s] Level 1:colcon.colcon_core.package_identification:_identify(src/dynamixel_rdk) by extension 'colcon_pkg'
[0.169s] Level 1:colcon.colcon_core.package_identification:_identify(src/dynamixel_rdk) by extensions ['colcon_meta']
[0.169s] Level 1:colcon.colcon_core.package_identification:_identify(src/dynamixel_rdk) by extension 'colcon_meta'
[0.169s] Level 1:colcon.colcon_core.package_identification:_identify(src/dynamixel_rdk) by extensions ['ros']
[0.169s] Level 1:colcon.colcon_core.package_identification:_identify(src/dynamixel_rdk) by extension 'ros'
[0.169s] Level 1:colcon.colcon_core.package_identification:_identify(src/dynamixel_rdk) by extensions ['cmake', 'python']
[0.169s] Level 1:colcon.colcon_core.package_identification:_identify(src/dynamixel_rdk) by extension 'cmake'
[0.169s] Level 1:colcon.colcon_core.package_identification:_identify(src/dynamixel_rdk) by extension 'python'
[0.169s] Level 1:colcon.colcon_core.package_identification:_identify(src/dynamixel_rdk) by extensions ['python_setup_py']
[0.169s] Level 1:colcon.colcon_core.package_identification:_identify(src/dynamixel_rdk) by extension 'python_setup_py'
[0.169s] Level 1:colcon.colcon_core.package_identification:_identify(src/dynamixel_rdk/dynamixel-RDK) by extensions ['ignore', 'ignore_ament_install']
[0.169s] Level 1:colcon.colcon_core.package_identification:_identify(src/dynamixel_rdk/dynamixel-RDK) by extension 'ignore'
[0.169s] Level 1:colcon.colcon_core.package_identification:_identify(src/dynamixel_rdk/dynamixel-RDK) by extension 'ignore_ament_install'
[0.169s] Level 1:colcon.colcon_core.package_identification:_identify(src/dynamixel_rdk/dynamixel-RDK) by extensions ['colcon_pkg']
[0.169s] Level 1:colcon.colcon_core.package_identification:_identify(src/dynamixel_rdk/dynamixel-RDK) by extension 'colcon_pkg'
[0.169s] Level 1:colcon.colcon_core.package_identification:_identify(src/dynamixel_rdk/dynamixel-RDK) by extensions ['colcon_meta']
[0.169s] Level 1:colcon.colcon_core.package_identification:_identify(src/dynamixel_rdk/dynamixel-RDK) by extension 'colcon_meta'
[0.169s] Level 1:colcon.colcon_core.package_identification:_identify(src/dynamixel_rdk/dynamixel-RDK) by extensions ['ros']
[0.169s] Level 1:colcon.colcon_core.package_identification:_identify(src/dynamixel_rdk/dynamixel-RDK) by extension 'ros'
[0.169s] Level 1:colcon.colcon_core.package_identification:_identify(src/dynamixel_rdk/dynamixel-RDK) by extensions ['cmake', 'python']
[0.169s] Level 1:colcon.colcon_core.package_identification:_identify(src/dynamixel_rdk/dynamixel-RDK) by extension 'cmake'
[0.169s] Level 1:colcon.colcon_core.package_identification:_identify(src/dynamixel_rdk/dynamixel-RDK) by extension 'python'
[0.170s] Level 1:colcon.colcon_core.package_identification:_identify(src/dynamixel_rdk/dynamixel-RDK) by extensions ['python_setup_py']
[0.170s] Level 1:colcon.colcon_core.package_identification:_identify(src/dynamixel_rdk/dynamixel-RDK) by extension 'python_setup_py'
[0.170s] Level 1:colcon.colcon_core.package_identification:_identify(src/dynamixel_rdk/dynamixel-RDK/docs) by extensions ['ignore', 'ignore_ament_install']
[0.170s] Level 1:colcon.colcon_core.package_identification:_identify(src/dynamixel_rdk/dynamixel-RDK/docs) by extension 'ignore'
[0.170s] Level 1:colcon.colcon_core.package_identification:_identify(src/dynamixel_rdk/dynamixel-RDK/docs) by extension 'ignore_ament_install'
[0.170s] Level 1:colcon.colcon_core.package_identification:_identify(src/dynamixel_rdk/dynamixel-RDK/docs) by extensions ['colcon_pkg']
[0.170s] Level 1:colcon.colcon_core.package_identification:_identify(src/dynamixel_rdk/dynamixel-RDK/docs) by extension 'colcon_pkg'
[0.170s] Level 1:colcon.colcon_core.package_identification:_identify(src/dynamixel_rdk/dynamixel-RDK/docs) by extensions ['colcon_meta']
[0.170s] Level 1:colcon.colcon_core.package_identification:_identify(src/dynamixel_rdk/dynamixel-RDK/docs) by extension 'colcon_meta'
[0.170s] Level 1:colcon.colcon_core.package_identification:_identify(src/dynamixel_rdk/dynamixel-RDK/docs) by extensions ['ros']
[0.170s] Level 1:colcon.colcon_core.package_identification:_identify(src/dynamixel_rdk/dynamixel-RDK/docs) by extension 'ros'
[0.170s] Level 1:colcon.colcon_core.package_identification:_identify(src/dynamixel_rdk/dynamixel-RDK/docs) by extensions ['cmake', 'python']
[0.170s] Level 1:colcon.colcon_core.package_identification:_identify(src/dynamixel_rdk/dynamixel-RDK/docs) by extension 'cmake'
[0.170s] Level 1:colcon.colcon_core.package_identification:_identify(src/dynamixel_rdk/dynamixel-RDK/docs) by extension 'python'
[0.170s] Level 1:colcon.colcon_core.package_identification:_identify(src/dynamixel_rdk/dynamixel-RDK/docs) by extensions ['python_setup_py']
[0.170s] Level 1:colcon.colcon_core.package_identification:_identify(src/dynamixel_rdk/dynamixel-RDK/docs) by extension 'python_setup_py'
[0.170s] Level 1:colcon.colcon_core.package_identification:_identify(src/dynamixel_rdk/dynamixel-RDK/docs/images) by extensions ['ignore', 'ignore_ament_install']
[0.170s] Level 1:colcon.colcon_core.package_identification:_identify(src/dynamixel_rdk/dynamixel-RDK/docs/images) by extension 'ignore'
[0.170s] Level 1:colcon.colcon_core.package_identification:_identify(src/dynamixel_rdk/dynamixel-RDK/docs/images) by extension 'ignore_ament_install'
[0.170s] Level 1:colcon.colcon_core.package_identification:_identify(src/dynamixel_rdk/dynamixel-RDK/docs/images) by extensions ['colcon_pkg']
[0.170s] Level 1:colcon.colcon_core.package_identification:_identify(src/dynamixel_rdk/dynamixel-RDK/docs/images) by extension 'colcon_pkg'
[0.170s] Level 1:colcon.colcon_core.package_identification:_identify(src/dynamixel_rdk/dynamixel-RDK/docs/images) by extensions ['colcon_meta']
[0.170s] Level 1:colcon.colcon_core.package_identification:_identify(src/dynamixel_rdk/dynamixel-RDK/docs/images) by extension 'colcon_meta'
[0.170s] Level 1:colcon.colcon_core.package_identification:_identify(src/dynamixel_rdk/dynamixel-RDK/docs/images) by extensions ['ros']
[0.170s] Level 1:colcon.colcon_core.package_identification:_identify(src/dynamixel_rdk/dynamixel-RDK/docs/images) by extension 'ros'
[0.170s] Level 1:colcon.colcon_core.package_identification:_identify(src/dynamixel_rdk/dynamixel-RDK/docs/images) by extensions ['cmake', 'python']
[0.170s] Level 1:colcon.colcon_core.package_identification:_identify(src/dynamixel_rdk/dynamixel-RDK/docs/images) by extension 'cmake'
[0.170s] Level 1:colcon.colcon_core.package_identification:_identify(src/dynamixel_rdk/dynamixel-RDK/docs/images) by extension 'python'
[0.170s] Level 1:colcon.colcon_core.package_identification:_identify(src/dynamixel_rdk/dynamixel-RDK/docs/images) by extensions ['python_setup_py']
[0.170s] Level 1:colcon.colcon_core.package_identification:_identify(src/dynamixel_rdk/dynamixel-RDK/docs/images) by extension 'python_setup_py'
[0.170s] Level 1:colcon.colcon_core.package_identification:_identify(src/dynamixel_rdk/dynamixel-RDK/dynamixel_rdk_msgs) by extensions ['ignore', 'ignore_ament_install']
[0.170s] Level 1:colcon.colcon_core.package_identification:_identify(src/dynamixel_rdk/dynamixel-RDK/dynamixel_rdk_msgs) by extension 'ignore'
[0.170s] Level 1:colcon.colcon_core.package_identification:_identify(src/dynamixel_rdk/dynamixel-RDK/dynamixel_rdk_msgs) by extension 'ignore_ament_install'
[0.170s] Level 1:colcon.colcon_core.package_identification:_identify(src/dynamixel_rdk/dynamixel-RDK/dynamixel_rdk_msgs) by extensions ['colcon_pkg']
[0.170s] Level 1:colcon.colcon_core.package_identification:_identify(src/dynamixel_rdk/dynamixel-RDK/dynamixel_rdk_msgs) by extension 'colcon_pkg'
[0.170s] Level 1:colcon.colcon_core.package_identification:_identify(src/dynamixel_rdk/dynamixel-RDK/dynamixel_rdk_msgs) by extensions ['colcon_meta']
[0.170s] Level 1:colcon.colcon_core.package_identification:_identify(src/dynamixel_rdk/dynamixel-RDK/dynamixel_rdk_msgs) by extension 'colcon_meta'
[0.170s] Level 1:colcon.colcon_core.package_identification:_identify(src/dynamixel_rdk/dynamixel-RDK/dynamixel_rdk_msgs) by extensions ['ros']
[0.170s] Level 1:colcon.colcon_core.package_identification:_identify(src/dynamixel_rdk/dynamixel-RDK/dynamixel_rdk_msgs) by extension 'ros'
[0.172s] DEBUG:colcon.colcon_core.package_identification:Package 'src/dynamixel_rdk/dynamixel-RDK/dynamixel_rdk_msgs' with type 'ros.ament_cmake' and name 'dynamixel_rdk_msgs'
[0.172s] Level 1:colcon.colcon_core.package_identification:_identify(src/dynamixel_rdk/dynamixel-RDK/dynamixel_rdk_ros) by extensions ['ignore', 'ignore_ament_install']
[0.172s] Level 1:colcon.colcon_core.package_identification:_identify(src/dynamixel_rdk/dynamixel-RDK/dynamixel_rdk_ros) by extension 'ignore'
[0.172s] Level 1:colcon.colcon_core.package_identification:_identify(src/dynamixel_rdk/dynamixel-RDK/dynamixel_rdk_ros) by extension 'ignore_ament_install'
[0.172s] Level 1:colcon.colcon_core.package_identification:_identify(src/dynamixel_rdk/dynamixel-RDK/dynamixel_rdk_ros) by extensions ['colcon_pkg']
[0.172s] Level 1:colcon.colcon_core.package_identification:_identify(src/dynamixel_rdk/dynamixel-RDK/dynamixel_rdk_ros) by extension 'colcon_pkg'
[0.172s] Level 1:colcon.colcon_core.package_identification:_identify(src/dynamixel_rdk/dynamixel-RDK/dynamixel_rdk_ros) by extensions ['colcon_meta']
[0.172s] Level 1:colcon.colcon_core.package_identification:_identify(src/dynamixel_rdk/dynamixel-RDK/dynamixel_rdk_ros) by extension 'colcon_meta'
[0.172s] Level 1:colcon.colcon_core.package_identification:_identify(src/dynamixel_rdk/dynamixel-RDK/dynamixel_rdk_ros) by extensions ['ros']
[0.172s] Level 1:colcon.colcon_core.package_identification:_identify(src/dynamixel_rdk/dynamixel-RDK/dynamixel_rdk_ros) by extension 'ros'
[0.173s] DEBUG:colcon.colcon_core.package_identification:Package 'src/dynamixel_rdk/dynamixel-RDK/dynamixel_rdk_ros' with type 'ros.ament_cmake' and name 'dynamixel_rdk_ros'
[0.173s] Level 1:colcon.colcon_core.package_identification:_identify(src/ebimu) by extensions ['ignore', 'ignore_ament_install']
[0.173s] Level 1:colcon.colcon_core.package_identification:_identify(src/ebimu) by extension 'ignore'
[0.173s] Level 1:colcon.colcon_core.package_identification:_identify(src/ebimu) by extension 'ignore_ament_install'
[0.173s] Level 1:colcon.colcon_core.package_identification:_identify(src/ebimu) by extensions ['colcon_pkg']
[0.173s] Level 1:colcon.colcon_core.package_identification:_identify(src/ebimu) by extension 'colcon_pkg'
[0.173s] Level 1:colcon.colcon_core.package_identification:_identify(src/ebimu) by extensions ['colcon_meta']
[0.173s] Level 1:colcon.colcon_core.package_identification:_identify(src/ebimu) by extension 'colcon_meta'
[0.173s] Level 1:colcon.colcon_core.package_identification:_identify(src/ebimu) by extensions ['ros']
[0.173s] Level 1:colcon.colcon_core.package_identification:_identify(src/ebimu) by extension 'ros'
[0.173s] DEBUG:colcon.colcon_core.package_identification:Package 'src/ebimu' with type 'ros.ament_cmake' and name 'ebimu'
[0.173s] Level 1:colcon.colcon_core.package_identification:_identify(src/humanoid_interfaces) by extensions ['ignore', 'ignore_ament_install']
[0.173s] Level 1:colcon.colcon_core.package_identification:_identify(src/humanoid_interfaces) by extension 'ignore'
[0.173s] Level 1:colcon.colcon_core.package_identification:_identify(src/humanoid_interfaces) by extension 'ignore_ament_install'
[0.173s] Level 1:colcon.colcon_core.package_identification:_identify(src/humanoid_interfaces) by extensions ['colcon_pkg']
[0.173s] Level 1:colcon.colcon_core.package_identification:_identify(src/humanoid_interfaces) by extension 'colcon_pkg'
[0.173s] Level 1:colcon.colcon_core.package_identification:_identify(src/humanoid_interfaces) by extensions ['colcon_meta']
[0.173s] Level 1:colcon.colcon_core.package_identification:_identify(src/humanoid_interfaces) by extension 'colcon_meta'
[0.173s] Level 1:colcon.colcon_core.package_identification:_identify(src/humanoid_interfaces) by extensions ['ros']
[0.173s] Level 1:colcon.colcon_core.package_identification:_identify(src/humanoid_interfaces) by extension 'ros'
[0.174s] DEBUG:colcon.colcon_core.package_identification:Package 'src/humanoid_interfaces' with type 'ros.ament_cmake' and name 'humanoid_interfaces'
[0.174s] Level 1:colcon.colcon_core.package_identification:_identify(src/ik_walk) by extensions ['ignore', 'ignore_ament_install']
[0.174s] Level 1:colcon.colcon_core.package_identification:_identify(src/ik_walk) by extension 'ignore'
[0.174s] Level 1:colcon.colcon_core.package_identification:_identify(src/ik_walk) by extension 'ignore_ament_install'
[0.174s] Level 1:colcon.colcon_core.package_identification:_identify(src/ik_walk) by extensions ['colcon_pkg']
[0.174s] Level 1:colcon.colcon_core.package_identification:_identify(src/ik_walk) by extension 'colcon_pkg'
[0.174s] Level 1:colcon.colcon_core.package_identification:_identify(src/ik_walk) by extensions ['colcon_meta']
[0.174s] Level 1:colcon.colcon_core.package_identification:_identify(src/ik_walk) by extension 'colcon_meta'
[0.174s] Level 1:colcon.colcon_core.package_identification:_identify(src/ik_walk) by extensions ['ros']
[0.174s] Level 1:colcon.colcon_core.package_identification:_identify(src/ik_walk) by extension 'ros'
[0.174s] DEBUG:colcon.colcon_core.package_identification:Package 'src/ik_walk' with type 'ros.ament_cmake' and name 'ik_walk'
[0.174s] Level 1:colcon.colcon_core.package_identification:_identify(src/master_jo) by extensions ['ignore', 'ignore_ament_install']
[0.174s] Level 1:colcon.colcon_core.package_identification:_identify(src/master_jo) by extension 'ignore'
[0.174s] Level 1:colcon.colcon_core.package_identification:_identify(src/master_jo) by extension 'ignore_ament_install'
[0.175s] Level 1:colcon.colcon_core.package_identification:_identify(src/master_jo) by extensions ['colcon_pkg']
[0.175s] Level 1:colcon.colcon_core.package_identification:_identify(src/master_jo) by extension 'colcon_pkg'
[0.175s] Level 1:colcon.colcon_core.package_identification:_identify(src/master_jo) by extensions ['colcon_meta']
[0.175s] Level 1:colcon.colcon_core.package_identification:_identify(src/master_jo) by extension 'colcon_meta'
[0.175s] Level 1:colcon.colcon_core.package_identification:_identify(src/master_jo) by extensions ['ros']
[0.175s] Level 1:colcon.colcon_core.package_identification:_identify(src/master_jo) by extension 'ros'
[0.175s] DEBUG:colcon.colcon_core.package_identification:Package 'src/master_jo' with type 'ros.ament_cmake' and name 'master_jo'
[0.175s] Level 1:colcon.colcon_core.package_identification:_identify(src/motion_operator) by extensions ['ignore', 'ignore_ament_install']
[0.175s] Level 1:colcon.colcon_core.package_identification:_identify(src/motion_operator) by extension 'ignore'
[0.175s] Level 1:colcon.colcon_core.package_identification:_identify(src/motion_operator) by extension 'ignore_ament_install'
[0.175s] Level 1:colcon.colcon_core.package_identification:_identify(src/motion_operator) by extensions ['colcon_pkg']
[0.175s] Level 1:colcon.colcon_core.package_identification:_identify(src/motion_operator) by extension 'colcon_pkg'
[0.175s] Level 1:colcon.colcon_core.package_identification:_identify(src/motion_operator) by extensions ['colcon_meta']
[0.175s] Level 1:colcon.colcon_core.package_identification:_identify(src/motion_operator) by extension 'colcon_meta'
[0.175s] Level 1:colcon.colcon_core.package_identification:_identify(src/motion_operator) by extensions ['ros']
[0.175s] Level 1:colcon.colcon_core.package_identification:_identify(src/motion_operator) by extension 'ros'
[0.175s] Level 1:colcon.colcon_core.package_identification:_identify(src/motion_operator) by extensions ['cmake', 'python']
[0.175s] Level 1:colcon.colcon_core.package_identification:_identify(src/motion_operator) by extension 'cmake'
[0.175s] Level 1:colcon.colcon_core.package_identification:_identify(src/motion_operator) by extension 'python'
[0.175s] Level 1:colcon.colcon_core.package_identification:_identify(src/motion_operator) by extensions ['python_setup_py']
[0.175s] Level 1:colcon.colcon_core.package_identification:_identify(src/motion_operator) by extension 'python_setup_py'
[0.175s] Level 1:colcon.colcon_core.package_identification:_identify(src/ocam_ros2) by extensions ['ignore', 'ignore_ament_install']
[0.175s] Level 1:colcon.colcon_core.package_identification:_identify(src/ocam_ros2) by extension 'ignore'
[0.175s] Level 1:colcon.colcon_core.package_identification:_identify(src/ocam_ros2) by extension 'ignore_ament_install'
[0.175s] Level 1:colcon.colcon_core.package_identification:_identify(src/ocam_ros2) by extensions ['colcon_pkg']
[0.175s] Level 1:colcon.colcon_core.package_identification:_identify(src/ocam_ros2) by extension 'colcon_pkg'
[0.175s] Level 1:colcon.colcon_core.package_identification:_identify(src/ocam_ros2) by extensions ['colcon_meta']
[0.175s] Level 1:colcon.colcon_core.package_identification:_identify(src/ocam_ros2) by extension 'colcon_meta'
[0.176s] Level 1:colcon.colcon_core.package_identification:_identify(src/ocam_ros2) by extensions ['ros']
[0.176s] Level 1:colcon.colcon_core.package_identification:_identify(src/ocam_ros2) by extension 'ros'
[0.176s] DEBUG:colcon.colcon_core.package_identification:Package 'src/ocam_ros2' with type 'ros.ament_cmake' and name 'ocam_ros2'
[0.176s] Level 1:colcon.colcon_core.package_identification:_identify(src/robocup_vision25) by extensions ['ignore', 'ignore_ament_install']
[0.176s] Level 1:colcon.colcon_core.package_identification:_identify(src/robocup_vision25) by extension 'ignore'
[0.176s] Level 1:colcon.colcon_core.package_identification:_identify(src/robocup_vision25) by extension 'ignore_ament_install'
[0.176s] Level 1:colcon.colcon_core.package_identification:_identify(src/robocup_vision25) by extensions ['colcon_pkg']
[0.176s] Level 1:colcon.colcon_core.package_identification:_identify(src/robocup_vision25) by extension 'colcon_pkg'
[0.176s] Level 1:colcon.colcon_core.package_identification:_identify(src/robocup_vision25) by extensions ['colcon_meta']
[0.176s] Level 1:colcon.colcon_core.package_identification:_identify(src/robocup_vision25) by extension 'colcon_meta'
[0.176s] Level 1:colcon.colcon_core.package_identification:_identify(src/robocup_vision25) by extensions ['ros']
[0.176s] Level 1:colcon.colcon_core.package_identification:_identify(src/robocup_vision25) by extension 'ros'
[0.177s] DEBUG:colcon.colcon_core.package_identification:Package 'src/robocup_vision25' with type 'ros.ament_cmake' and name 'robocup_vision25'
[0.177s] Level 1:colcon.colcon_core.package_identification:_identify(src/tune_walk) by extensions ['ignore', 'ignore_ament_install']
[0.177s] Level 1:colcon.colcon_core.package_identification:_identify(src/tune_walk) by extension 'ignore'
[0.177s] Level 1:colcon.colcon_core.package_identification:_identify(src/tune_walk) by extension 'ignore_ament_install'
[0.177s] Level 1:colcon.colcon_core.package_identification:_identify(src/tune_walk) by extensions ['colcon_pkg']
[0.177s] Level 1:colcon.colcon_core.package_identification:_identify(src/tune_walk) by extension 'colcon_pkg'
[0.177s] Level 1:colcon.colcon_core.package_identification:_identify(src/tune_walk) by extensions ['colcon_meta']
[0.177s] Level 1:colcon.colcon_core.package_identification:_identify(src/tune_walk) by extension 'colcon_meta'
[0.177s] Level 1:colcon.colcon_core.package_identification:_identify(src/tune_walk) by extensions ['ros']
[0.177s] Level 1:colcon.colcon_core.package_identification:_identify(src/tune_walk) by extension 'ros'
[0.177s] DEBUG:colcon.colcon_core.package_identification:Package 'src/tune_walk' with type 'ros.ament_cmake' and name 'tune_walk'
[0.177s] Level 1:colcon.colcon_core.package_discovery:discover_packages(recursive) using defaults
[0.177s] Level 1:colcon.colcon_core.package_discovery:discover_packages(ignore) discover
[0.177s] Level 1:colcon.colcon_core.package_discovery:discover_packages(ignore) using defaults
[0.177s] Level 1:colcon.colcon_core.package_discovery:discover_packages(path) discover
[0.177s] Level 1:colcon.colcon_core.package_discovery:discover_packages(path) using defaults
[0.201s] INFO:colcon.colcon_core.package_selection:Skipping not selected package 'dynamixel_rdk_msgs' in 'src/dynamixel_rdk/dynamixel-RDK/dynamixel_rdk_msgs'
[0.202s] INFO:colcon.colcon_core.package_selection:Skipping not selected package 'master_jo' in 'src/master_jo'
[0.202s] INFO:colcon.colcon_core.package_selection:Skipping not selected package 'ocam_ros2' in 'src/ocam_ros2'
[0.202s] INFO:colcon.colcon_core.package_selection:Skipping not selected package 'robocup_vision25' in 'src/robocup_vision25'
[0.202s] INFO:colcon.colcon_core.package_selection:Skipping not selected package 'dynamixel_rdk_ros' in 'src/dynamixel_rdk/dynamixel-RDK/dynamixel_rdk_ros'
[0.202s] INFO:colcon.colcon_core.package_selection:Skipping not selected package 'ebimu' in 'src/ebimu'
[0.202s] INFO:colcon.colcon_core.package_selection:Skipping not selected package 'tune_walk' in 'src/tune_walk'
[0.202s] INFO:colcon.colcon_core.package_selection:Skipping not selected package 'ik_walk' in 'src/ik_walk'
[0.202s] Level 1:colcon.colcon_core.package_discovery:discover_packages(prefix_path) check parameters
[0.202s] Level 1:colcon.colcon_core.package_discovery:discover_packages(prefix_path) discover
[0.204s] DEBUG:colcon.colcon_installed_package_information.package_discovery:Found 326 installed packages in /opt/ros/humble
[0.205s] Level 1:colcon.colcon_core.package_discovery:discover_packages(prefix_path) using defaults
[0.230s] Level 5:colcon.colcon_core.verb:set package 'humanoid_interfaces' build argument 'cmake_args' from command line to 'None'
[0.230s] Level 5:colcon.colcon_core.verb:set package 'humanoid_interfaces' build argument 'cmake_target' from command line to 'None'
[0.230s] Level 5:colcon.colcon_core.verb:set package 'humanoid_interfaces' build argument 'cmake_target_skip_unavailable' from command line to 'False'
[0.230s] Level 5:colcon.colcon_core.verb:set package 'humanoid_interfaces' build argument 'cmake_clean_cache' from command line to 'False'
[0.230s] Level 5:colcon.colcon_core.verb:set package 'humanoid_interfaces' build argument 'cmake_clean_first' from command line to 'False'
[0.230s] Level 5:colcon.colcon_core.verb:set package 'humanoid_interfaces' build argument 'cmake_force_configure' from command line to 'False'
[0.230s] Level 5:colcon.colcon_core.verb:set package 'humanoid_interfaces' build argument 'ament_cmake_args' from command line to 'None'
[0.230s] Level 5:colcon.colcon_core.verb:set package 'humanoid_interfaces' build argument 'catkin_cmake_args' from command line to 'None'
[0.230s] Level 5:colcon.colcon_core.verb:set package 'humanoid_interfaces' build argument 'catkin_skip_building_tests' from command line to 'False'
[0.230s] DEBUG:colcon.colcon_core.verb:Building package 'humanoid_interfaces' with the following arguments: {'ament_cmake_args': None, 'build_base': '/home/kmj/colcon_ws/build/humanoid_interfaces', 'catkin_cmake_args': None, 'catkin_skip_building_tests': False, 'cmake_args': None, 'cmake_clean_cache': False, 'cmake_clean_first': False, 'cmake_force_configure': False, 'cmake_target': None, 'cmake_target_skip_unavailable': False, 'install_base': '/home/kmj/colcon_ws/install/humanoid_interfaces', 'merge_install': False, 'path': '/home/kmj/colcon_ws/src/humanoid_interfaces', 'symlink_install': False, 'test_result_base': None}
[0.230s] INFO:colcon.colcon_core.executor:Executing jobs using 'parallel' executor
[0.231s] DEBUG:colcon.colcon_parallel_executor.executor.parallel:run_until_complete
[0.231s] INFO:colcon.colcon_ros.task.ament_cmake.build:Building ROS package in '/home/kmj/colcon_ws/src/humanoid_interfaces' with build type 'ament_cmake'
[0.231s] INFO:colcon.colcon_cmake.task.cmake.build:Building CMake package in '/home/kmj/colcon_ws/src/humanoid_interfaces'
[0.232s] INFO:colcon.colcon_core.plugin_system:Skipping extension 'colcon_core.shell.bat': Not used on non-Windows systems
[0.233s] INFO:colcon.colcon_core.shell:Skip shell extension 'powershell' for command environment: Not usable outside of PowerShell
[0.233s] DEBUG:colcon.colcon_core.shell:Skip shell extension 'dsv' for command environment
[0.241s] DEBUG:colcon.colcon_core.event_handler.log_command:Invoking command in '/home/kmj/colcon_ws/build/humanoid_interfaces': CMAKE_PREFIX_PATH=${CMAKE_PREFIX_PATH}:/opt/ros/humble /usr/bin/cmake --build /home/kmj/colcon_ws/build/humanoid_interfaces -- -j16 -l16
[0.539s] DEBUG:colcon.colcon_core.event_handler.log_command:Invoked command in '/home/kmj/colcon_ws/build/humanoid_interfaces' returned '0': CMAKE_PREFIX_PATH=${CMAKE_PREFIX_PATH}:/opt/ros/humble /usr/bin/cmake --build /home/kmj/colcon_ws/build/humanoid_interfaces -- -j16 -l16
[0.552s] DEBUG:colcon.colcon_core.event_handler.log_command:Invoking command in '/home/kmj/colcon_ws/build/humanoid_interfaces': CMAKE_PREFIX_PATH=${CMAKE_PREFIX_PATH}:/opt/ros/humble /usr/bin/cmake --install /home/kmj/colcon_ws/build/humanoid_interfaces
[0.615s] Level 1:colcon.colcon_core.environment:create_environment_scripts_only(humanoid_interfaces)
[0.616s] DEBUG:colcon.colcon_core.event_handler.log_command:Invoked command in '/home/kmj/colcon_ws/build/humanoid_interfaces' returned '0': CMAKE_PREFIX_PATH=${CMAKE_PREFIX_PATH}:/opt/ros/humble /usr/bin/cmake --install /home/kmj/colcon_ws/build/humanoid_interfaces
[0.618s] Level 1:colcon.colcon_core.environment:checking '/home/kmj/colcon_ws/install/humanoid_interfaces' for CMake module files
[0.618s] Level 1:colcon.colcon_core.environment:checking '/home/kmj/colcon_ws/install/humanoid_interfaces' for CMake config files
[0.618s] Level 1:colcon.colcon_core.shell:create_environment_hook('humanoid_interfaces', 'cmake_prefix_path')
[0.618s] INFO:colcon.colcon_core.shell:Creating environment hook '/home/kmj/colcon_ws/install/humanoid_interfaces/share/humanoid_interfaces/hook/cmake_prefix_path.ps1'
[0.619s] INFO:colcon.colcon_core.shell:Creating environment descriptor '/home/kmj/colcon_ws/install/humanoid_interfaces/share/humanoid_interfaces/hook/cmake_prefix_path.dsv'
[0.619s] INFO:colcon.colcon_core.shell:Creating environment hook '/home/kmj/colcon_ws/install/humanoid_interfaces/share/humanoid_interfaces/hook/cmake_prefix_path.sh'
[0.620s] Level 1:colcon.colcon_core.environment:checking '/home/kmj/colcon_ws/install/humanoid_interfaces/lib'
[0.620s] Level 1:colcon.colcon_core.shell:create_environment_hook('humanoid_interfaces', 'ld_library_path_lib')
[0.620s] INFO:colcon.colcon_core.shell:Creating environment hook '/home/kmj/colcon_ws/install/humanoid_interfaces/share/humanoid_interfaces/hook/ld_library_path_lib.ps1'
[0.620s] INFO:colcon.colcon_core.shell:Creating environment descriptor '/home/kmj/colcon_ws/install/humanoid_interfaces/share/humanoid_interfaces/hook/ld_library_path_lib.dsv'
[0.620s] INFO:colcon.colcon_core.shell:Creating environment hook '/home/kmj/colcon_ws/install/humanoid_interfaces/share/humanoid_interfaces/hook/ld_library_path_lib.sh'
[0.621s] Level 1:colcon.colcon_core.environment:checking '/home/kmj/colcon_ws/install/humanoid_interfaces/bin'
[0.621s] Level 1:colcon.colcon_core.environment:checking '/home/kmj/colcon_ws/install/humanoid_interfaces/lib/pkgconfig/humanoid_interfaces.pc'
[0.621s] Level 1:colcon.colcon_core.environment:checking '/home/kmj/colcon_ws/install/humanoid_interfaces/lib/python3.10/site-packages'
[0.621s] Level 1:colcon.colcon_core.environment:checking '/home/kmj/colcon_ws/install/humanoid_interfaces/bin'
[0.621s] INFO:colcon.colcon_core.shell:Creating package script '/home/kmj/colcon_ws/install/humanoid_interfaces/share/humanoid_interfaces/package.ps1'
[0.622s] INFO:colcon.colcon_core.shell:Creating package descriptor '/home/kmj/colcon_ws/install/humanoid_interfaces/share/humanoid_interfaces/package.dsv'
[0.622s] INFO:colcon.colcon_core.shell:Creating package script '/home/kmj/colcon_ws/install/humanoid_interfaces/share/humanoid_interfaces/package.sh'
[0.622s] INFO:colcon.colcon_core.shell:Creating package script '/home/kmj/colcon_ws/install/humanoid_interfaces/share/humanoid_interfaces/package.bash'
[0.623s] INFO:colcon.colcon_core.shell:Creating package script '/home/kmj/colcon_ws/install/humanoid_interfaces/share/humanoid_interfaces/package.zsh'
[0.623s] Level 1:colcon.colcon_core.environment:create_file_with_runtime_dependencies(/home/kmj/colcon_ws/install/humanoid_interfaces/share/colcon-core/packages/humanoid_interfaces)
[0.624s] Level 1:colcon.colcon_core.environment:create_environment_scripts_only(humanoid_interfaces)
[0.624s] Level 1:colcon.colcon_core.environment:checking '/home/kmj/colcon_ws/install/humanoid_interfaces' for CMake module files
[0.624s] Level 1:colcon.colcon_core.environment:checking '/home/kmj/colcon_ws/install/humanoid_interfaces' for CMake config files
[0.624s] Level 1:colcon.colcon_core.shell:create_environment_hook('humanoid_interfaces', 'cmake_prefix_path')
[0.624s] INFO:colcon.colcon_core.shell:Creating environment hook '/home/kmj/colcon_ws/install/humanoid_interfaces/share/humanoid_interfaces/hook/cmake_prefix_path.ps1'
[0.625s] INFO:colcon.colcon_core.shell:Creating environment descriptor '/home/kmj/colcon_ws/install/humanoid_interfaces/share/humanoid_interfaces/hook/cmake_prefix_path.dsv'
[0.625s] INFO:colcon.colcon_core.shell:Creating environment hook '/home/kmj/colcon_ws/install/humanoid_interfaces/share/humanoid_interfaces/hook/cmake_prefix_path.sh'
[0.625s] Level 1:colcon.colcon_core.environment:checking '/home/kmj/colcon_ws/install/humanoid_interfaces/lib'
[0.625s] Level 1:colcon.colcon_core.shell:create_environment_hook('humanoid_interfaces', 'ld_library_path_lib')
[0.625s] INFO:colcon.colcon_core.shell:Creating environment hook '/home/kmj/colcon_ws/install/humanoid_interfaces/share/humanoid_interfaces/hook/ld_library_path_lib.ps1'
[0.626s] INFO:colcon.colcon_core.shell:Creating environment descriptor '/home/kmj/colcon_ws/install/humanoid_interfaces/share/humanoid_interfaces/hook/ld_library_path_lib.dsv'
[0.626s] INFO:colcon.colcon_core.shell:Creating environment hook '/home/kmj/colcon_ws/install/humanoid_interfaces/share/humanoid_interfaces/hook/ld_library_path_lib.sh'
[0.626s] Level 1:colcon.colcon_core.environment:checking '/home/kmj/colcon_ws/install/humanoid_interfaces/bin'
[0.626s] Level 1:colcon.colcon_core.environment:checking '/home/kmj/colcon_ws/install/humanoid_interfaces/lib/pkgconfig/humanoid_interfaces.pc'
[0.626s] Level 1:colcon.colcon_core.environment:checking '/home/kmj/colcon_ws/install/humanoid_interfaces/lib/python3.10/site-packages'
[0.626s] Level 1:colcon.colcon_core.environment:checking '/home/kmj/colcon_ws/install/humanoid_interfaces/bin'
[0.626s] INFO:colcon.colcon_core.shell:Creating package script '/home/kmj/colcon_ws/install/humanoid_interfaces/share/humanoid_interfaces/package.ps1'
[0.627s] INFO:colcon.colcon_core.shell:Creating package descriptor '/home/kmj/colcon_ws/install/humanoid_interfaces/share/humanoid_interfaces/package.dsv'
[0.627s] INFO:colcon.colcon_core.shell:Creating package script '/home/kmj/colcon_ws/install/humanoid_interfaces/share/humanoid_interfaces/package.sh'
[0.627s] INFO:colcon.colcon_core.shell:Creating package script '/home/kmj/colcon_ws/install/humanoid_interfaces/share/humanoid_interfaces/package.bash'
[0.627s] INFO:colcon.colcon_core.shell:Creating package script '/home/kmj/colcon_ws/install/humanoid_interfaces/share/humanoid_interfaces/package.zsh'
[0.628s] Level 1:colcon.colcon_core.environment:create_file_with_runtime_dependencies(/home/kmj/colcon_ws/install/humanoid_interfaces/share/colcon-core/packages/humanoid_interfaces)
[0.628s] DEBUG:colcon.colcon_parallel_executor.executor.parallel:closing loop
[0.628s] DEBUG:colcon.colcon_parallel_executor.executor.parallel:loop closed
[0.628s] DEBUG:colcon.colcon_parallel_executor.executor.parallel:run_until_complete finished with '0'
[0.628s] DEBUG:colcon.colcon_core.event_reactor:joining thread
[0.632s] INFO:colcon.colcon_core.plugin_system:Skipping extension 'colcon_notification.desktop_notification.terminal_notifier': Not used on non-Darwin systems
[0.632s] INFO:colcon.colcon_core.plugin_system:Skipping extension 'colcon_notification.desktop_notification.win32': Not used on non-Windows systems
[0.632s] INFO:colcon.colcon_notification.desktop_notification:Sending desktop notification using 'notify2'
[0.644s] DEBUG:colcon.colcon_core.event_reactor:joined thread
[0.645s] INFO:colcon.colcon_core.shell:Creating prefix script '/home/kmj/colcon_ws/install/local_setup.ps1'
[0.646s] INFO:colcon.colcon_core.shell:Creating prefix util module '/home/kmj/colcon_ws/install/_local_setup_util_ps1.py'
[0.647s] INFO:colcon.colcon_core.shell:Creating prefix chain script '/home/kmj/colcon_ws/install/setup.ps1'
[0.647s] INFO:colcon.colcon_core.shell:Creating prefix script '/home/kmj/colcon_ws/install/local_setup.sh'
[0.648s] INFO:colcon.colcon_core.shell:Creating prefix util module '/home/kmj/colcon_ws/install/_local_setup_util_sh.py'
[0.648s] INFO:colcon.colcon_core.shell:Creating prefix chain script '/home/kmj/colcon_ws/install/setup.sh'
[0.649s] INFO:colcon.colcon_core.shell:Creating prefix script '/home/kmj/colcon_ws/install/local_setup.bash'
[0.650s] INFO:colcon.colcon_core.shell:Creating prefix chain script '/home/kmj/colcon_ws/install/setup.bash'
[0.650s] INFO:colcon.colcon_core.shell:Creating prefix script '/home/kmj/colcon_ws/install/local_setup.zsh'
[0.651s] INFO:colcon.colcon_core.shell:Creating prefix chain script '/home/kmj/colcon_ws/install/setup.zsh'
